Job <41401449> has been submitted to queue <q_sw_expr>
waiting for dispatch ...
position:
      11      12      13      14      15      16      17      18
      21      22      23      24      25      26      27      28
      31      32      33      34      35      36      37      38
      41      42      43      44      45      46      47      48
      51      52      53      54      55      56      57      58
      61      62      63      64      65      66      67      68
      71      72      73      74      75      76      77      78
      81      82      83      84      85      86      87      88
original:
       1       8       7       0       5       8       1       0
       7       0       5       0       3       6       9       8
       9       2       3       6       5       8       9       6
       3       0       7       2       7       0       3       6
       3       0       7       8       9       0       3       2
       9       0       7       8       3       4       7       8
       7       8       9       6       9       6       3       2
       9       0       3       2       9       2       1       4
exclusive:
       0       1       9      16      16      21      29      30
      30      37      37      42      42      45      51      60
      68      77      79      82      88      93     101     110
     116     119     119     126     128     135     135     138
     144     147     147     154     162     171     171     174
     176     185     185     192     200     203     207     214
     222     229     237     246     252     261     267     270
     272     281     281     284     286     295     297     298
inclusive:
       1       9      16      16      21      29      30      30
      37      37      42      42      45      51      60      68
      77      79      82      88      93     101     110     116
     119     119     126     128     135     135     138     144
     147     147     154     162     171     171     174     176
     185     185     192     200     203     207     214     222
     229     237     246     252     261     267     270     272
     281     281     284     286     295     297     298     302
summation:
     302     302     302     302     302     302     302     302
     302     302     302     302     302     302     302     302
     302     302     302     302     302     302     302     302
     302     302     302     302     302     302     302     302
     302     302     302     302     302     302     302     302
     302     302     302     302     302     302     302     302
     302     302     302     302     302     302     302     302
     302     302     302     302     302     302     302     302
7.130225e-05 sec per fork-join
MPE reference (exclusive):
       0       1       9      16      16      21      29      30
      30      37      37      42      42      45      51      60
      68      77      79      82      88      93     101     110
     116     119     119     126     128     135     135     138
     144     147     147     154     162     171     171     174
     176     185     185     192     200     203     207     214
     222     229     237     246     252     261     267     270
     272     281     281     284     286     295     297     298
dispatching ...
Job 41401449 has been finished.
