np_ave=174762
used mem size for tree=347881952
used mem size for tree(0)=0.347881952
# collectSample, decomposeDomain, exchangeParticles, makeLocal, makeGlobal, calcForce, calcMomentLocal, calcMomentGlobal, makeLET1st, makeLET2nd, exchangeLET1st, exchangeLET2nd
 +4.482269e-05 +6.818771e-05 +8.873200e-02 +5.633378e-02 +4.847407e-02 +3.271787e-01 +2.691984e-03 +5.513906e-03 +1.911163e-03 +0.000000e+00 +8.025885e-03 +0.000000e+00
 +3.221035e-04 +9.202957e-05 +9.950876e-03 +4.636598e-02 +4.093504e-02 +3.187740e-01 +2.670050e-03 +5.264997e-03 +1.739979e-03 +0.000000e+00 +5.802155e-03 +0.000000e+00
 +0.000000e+00 +0.000000e+00 +9.180069e-03 +4.629898e-02 +4.023504e-02 +3.183250e-01 +2.654076e-03 +5.129099e-03 +2.090931e-03 +0.000000e+00 +5.337954e-03 +0.000000e+00
 +0.000000e+00 +0.000000e+00 +9.273052e-03 +4.633021e-02 +3.999424e-02 +3.183539e-01 +2.683878e-03 +5.164862e-03 +1.765966e-03 +0.000000e+00 +5.891800e-03 +0.000000e+00
 +0.000000e+00 +0.000000e+00 +9.211063e-03 +4.627800e-02 +4.006910e-02 +3.186791e-01 +2.638102e-03 +5.171061e-03 +1.776934e-03 +0.000000e+00 +5.820036e-03 +0.000000e+00
 +3.089905e-04 +6.413460e-05 +9.732962e-03 +4.664397e-02 +4.002619e-02 +3.199041e-01 +3.057957e-03 +5.867004e-03 +1.927853e-03 +0.000000e+00 +3.944159e-03 +0.000000e+00
 +0.000000e+00 +0.000000e+00 +8.800030e-03 +4.661989e-02 +4.002905e-02 +3.194861e-01 +3.067970e-03 +5.868912e-03 +1.868010e-03 +0.000000e+00 +4.059076e-03 +0.000000e+00
 +0.000000e+00 +0.000000e+00 +8.812904e-03 +4.662800e-02 +4.024100e-02 +3.197620e-01 +3.080845e-03 +5.867958e-03 +1.867056e-03 +0.000000e+00 +3.812075e-03 +0.000000e+00
 +0.000000e+00 +0.000000e+00 +8.687019e-03 +4.665899e-02 +4.012108e-02 +3.195069e-01 +3.062963e-03 +5.874872e-03 +1.847029e-03 +0.000000e+00 +3.822088e-03 +0.000000e+00
 +1.578331e-04 +6.103516e-05 +9.972095e-03 +4.801798e-02 +4.193997e-02 +3.360300e-01 +3.270149e-03 +6.906033e-03 +1.610994e-03 +0.000000e+00 +2.384901e-03 +0.000000e+00
 +0.000000e+00 +0.000000e+00 +8.493900e-03 +4.784513e-02 +4.072404e-02 +3.357997e-01 +3.297091e-03 +5.950928e-03 +1.592875e-03 +0.000000e+00 +2.479076e-03 +0.000000e+00
 +0.000000e+00 +0.000000e+00 +8.438110e-03 +4.793501e-02 +4.053712e-02 +3.360739e-01 +3.285885e-03 +5.984068e-03 +1.611948e-03 +0.000000e+00 +2.645016e-03 +0.000000e+00
 +0.000000e+00 +0.000000e+00 +8.348942e-03 +4.786277e-02 +4.051876e-02 +3.363390e-01 +3.252029e-03 +6.049156e-03 +1.600981e-03 +0.000000e+00 +2.568007e-03 +0.000000e+00
 +2.002716e-05 +6.294250e-05 +9.827137e-03 +4.772115e-02 +4.028392e-02 +3.326709e-01 +3.649950e-03 +6.210089e-03 +1.734018e-03 +0.000000e+00 +2.237797e-03 +0.000000e+00
 +0.000000e+00 +0.000000e+00 +8.424044e-03 +4.760695e-02 +4.019284e-02 +3.326640e-01 +3.657103e-03 +6.237984e-03 +1.745939e-03 +0.000000e+00 +2.207994e-03 +0.000000e+00
 +0.000000e+00 +0.000000e+00 +8.370161e-03 +4.762316e-02 +4.024816e-02 +3.326712e-01 +3.678083e-03 +6.131887e-03 +1.752853e-03 +0.000000e+00 +2.226830e-03 +0.000000e+00
 +0.000000e+00 +0.000000e+00 +8.408070e-03 +4.755116e-02 +4.014587e-02 +3.326869e-01 +3.651857e-03 +6.262064e-03 +1.787901e-03 +0.000000e+00 +2.099037e-03 +0.000000e+00
 +6.508827e-05 +6.008148e-05 +9.052992e-03 +4.767609e-02 +3.986096e-02 +3.326089e-01 +3.905058e-03 +6.403923e-03 +1.563072e-03 +0.000000e+00 +2.047062e-03 +0.000000e+00
 +0.000000e+00 +0.000000e+00 +8.356094e-03 +4.743099e-02 +3.970098e-02 +3.327219e-01 +3.989935e-03 +6.506920e-03 +1.621008e-03 +0.000000e+00 +2.145052e-03 +0.000000e+00
 +0.000000e+00 +0.000000e+00 +8.386135e-03 +4.746795e-02 +3.962803e-02 +3.328180e-01 +4.002810e-03 +6.495953e-03 +1.587152e-03 +0.000000e+00 +2.069950e-03 +0.000000e+00
 +0.000000e+00 +0.000000e+00 +8.522987e-03 +4.755974e-02 +3.967118e-02 +3.327439e-01 +3.923893e-03 +6.296873e-03 +1.608133e-03 +0.000000e+00 +2.378941e-03 +0.000000e+00
 +1.907349e-05 +6.008148e-05 +8.780003e-03 +4.718304e-02 +3.992200e-02 +3.318648e-01 +4.277945e-03 +6.597042e-03 +1.567125e-03 +0.000000e+00 +2.146959e-03 +0.000000e+00
 +0.000000e+00 +0.000000e+00 +8.450031e-03 +4.714894e-02 +3.997493e-02 +3.315330e-01 +4.297018e-03 +6.521940e-03 +1.546860e-03 +0.000000e+00 +2.123117e-03 +0.000000e+00
 +0.000000e+00 +0.000000e+00 +8.538008e-03 +4.723406e-02 +3.993201e-02 +3.318019e-01 +4.255056e-03 +6.511211e-03 +1.565933e-03 +0.000000e+00 +2.072096e-03 +0.000000e+00
 +0.000000e+00 +0.000000e+00 +8.476019e-03 +4.721093e-02 +3.978920e-02 +3.319159e-01 +4.270792e-03 +6.524086e-03 +1.570940e-03 +0.000000e+00 +2.123117e-03 +0.000000e+00
 +1.907349e-05 +5.888939e-05 +8.733034e-03 +4.671812e-02 +3.952289e-02 +3.277760e-01 +4.347801e-03 +6.618977e-03 +1.743793e-03 +0.000000e+00 +2.126932e-03 +0.000000e+00
 +0.000000e+00 +0.000000e+00 +8.424044e-03 +4.671907e-02 +3.940606e-02 +3.274689e-01 +4.363060e-03 +6.659985e-03 +1.796007e-03 +0.000000e+00 +2.182961e-03 +0.000000e+00
 +0.000000e+00 +0.000000e+00 +8.473158e-03 +4.676390e-02 +3.956604e-02 +3.276889e-01 +4.318953e-03 +6.593943e-03 +1.731157e-03 +0.000000e+00 +2.085924e-03 +0.000000e+00
 +0.000000e+00 +0.000000e+00 +8.369923e-03 +4.672122e-02 +3.940010e-02 +3.274810e-01 +4.411936e-03 +6.631851e-03 +1.759052e-03 +0.000000e+00 +2.114058e-03 +0.000000e+00
 +1.883507e-05 +5.698204e-05 +8.612156e-03 +4.597092e-02 +3.885198e-02 +3.245237e-01 +4.363060e-03 +6.659031e-03 +1.945972e-03 +0.000000e+00 +2.667904e-03 +0.000000e+00
 +0.000000e+00 +0.000000e+00 +8.502007e-03 +4.598784e-02 +3.858590e-02 +3.243890e-01 +4.354000e-03 +6.693125e-03 +1.950026e-03 +0.000000e+00 +2.941132e-03 +0.000000e+00
 +0.000000e+00 +0.000000e+00 +8.556128e-03 +4.598284e-02 +3.866696e-02 +3.243661e-01 +4.318953e-03 +6.724834e-03 +1.925945e-03 +0.000000e+00 +2.667904e-03 +0.000000e+00
 +0.000000e+00 +0.000000e+00 +8.433104e-03 +4.587007e-02 +3.857803e-02 +3.244510e-01 +4.354954e-03 +6.680965e-03 +1.982212e-03 +0.000000e+00 +2.777815e-03 +0.000000e+00
 +3.314018e-05 +5.578995e-05 +8.843184e-03 +4.637384e-02 +3.922915e-02 +3.258011e-01 +4.414797e-03 +6.850004e-03 +1.818895e-03 +0.000000e+00 +2.100945e-03 +0.000000e+00
 +0.000000e+00 +0.000000e+00 +8.398056e-03 +4.653215e-02 +3.926301e-02 +3.257170e-01 +4.401922e-03 +6.807089e-03 +1.821041e-03 +0.000000e+00 +2.031088e-03 +0.000000e+00
 +0.000000e+00 +0.000000e+00 +8.451939e-03 +4.649520e-02 +3.911805e-02 +3.254149e-01 +4.363060e-03 +6.825924e-03 +1.818895e-03 +0.000000e+00 +2.166033e-03 +0.000000e+00
 +0.000000e+00 +0.000000e+00 +8.388042e-03 +4.652619e-02 +3.910398e-02 +3.258631e-01 +4.372835e-03 +6.798029e-03 +1.816988e-03 +0.000000e+00 +2.111912e-03 +0.000000e+00
 +1.907349e-05 +5.388260e-05 +8.671999e-03 +4.466510e-02 +3.824496e-02 +3.131759e-01 +4.456043e-03 +6.388903e-03 +2.331972e-03 +0.000000e+00 +3.505945e-03 +0.000000e+00
 +0.000000e+00 +0.000000e+00 +8.803844e-03 +4.483175e-02 +3.816819e-02 +3.132081e-01 +4.415989e-03 +6.368876e-03 +2.251148e-03 +0.000000e+00 +3.489017e-03 +0.000000e+00
 +0.000000e+00 +0.000000e+00 +8.873940e-03 +4.473472e-02 +3.823113e-02 +3.129079e-01 +4.494905e-03 +6.366014e-03 +2.285957e-03 +0.000000e+00 +3.504992e-03 +0.000000e+00
 +0.000000e+00 +0.000000e+00 +8.812904e-03 +4.487205e-02 +3.809500e-02 +3.144360e-01 +4.442930e-03 +6.507874e-03 +2.189875e-03 +0.000000e+00 +3.320932e-03 +0.000000e+00
 +1.859665e-04 +5.507469e-05 +8.498907e-03 +4.460478e-02 +3.810620e-02 +3.125079e-01 +4.416943e-03 +6.329060e-03 +2.393961e-03 +0.000000e+00 +3.535032e-03 +0.000000e+00
 +0.000000e+00 +0.000000e+00 +8.756876e-03 +4.461217e-02 +3.778768e-02 +3.130322e-01 +4.418850e-03 +6.203890e-03 +2.409220e-03 +0.000000e+00 +3.584862e-03 +0.000000e+00
 +0.000000e+00 +0.000000e+00 +8.828163e-03 +4.475904e-02 +3.801394e-02 +3.124590e-01 +4.430056e-03 +6.328106e-03 +2.315998e-03 +0.000000e+00 +3.618002e-03 +0.000000e+00
 +0.000000e+00 +0.000000e+00 +8.898020e-03 +4.464984e-02 +3.804111e-02 +3.126070e-01 +4.400969e-03 +6.228924e-03 +2.362013e-03 +0.000000e+00 +3.519058e-03 +0.000000e+00
 +2.150536e-04 +5.412102e-05 +8.814812e-03 +4.512501e-02 +3.827000e-02 +3.172061e-01 +4.462957e-03 +6.493092e-03 +2.128124e-03 +0.000000e+00 +3.001928e-03 +0.000000e+00
 +0.000000e+00 +0.000000e+00 +8.881807e-03 +4.509282e-02 +3.812408e-02 +3.168781e-01 +4.446983e-03 +6.450891e-03 +2.054930e-03 +0.000000e+00 +3.213167e-03 +0.000000e+00
 +0.000000e+00 +0.000000e+00 +8.565187e-03 +4.512382e-02 +3.818989e-02 +3.172441e-01 +4.480839e-03 +6.428003e-03 +2.108812e-03 +0.000000e+00 +3.110886e-03 +0.000000e+00
 +0.000000e+00 +0.000000e+00 +8.636951e-03 +4.509687e-02 +3.815818e-02 +3.170810e-01 +4.484892e-03 +6.484985e-03 +2.074003e-03 +0.000000e+00 +3.251076e-03 +0.000000e+00
 +1.490116e-04 +5.388260e-05 +8.740187e-03 +4.439306e-02 +3.805709e-02 +3.107719e-01 +4.472971e-03 +6.544828e-03 +1.990795e-03 +0.000000e+00 +3.633976e-03 +0.000000e+00
 +0.000000e+00 +0.000000e+00 +8.791924e-03 +4.451013e-02 +3.795409e-02 +3.105090e-01 +4.433870e-03 +6.469011e-03 +1.978159e-03 +0.000000e+00 +4.040956e-03 +0.000000e+00
 +0.000000e+00 +0.000000e+00 +8.900166e-03 +4.454088e-02 +3.827119e-02 +3.106382e-01 +4.434109e-03 +6.496906e-03 +2.032995e-03 +0.000000e+00 +3.669977e-03 +0.000000e+00
 +0.000000e+00 +0.000000e+00 +8.705854e-03 +4.447293e-02 +3.815579e-02 +3.106182e-01 +4.504919e-03 +6.417036e-03 +1.924992e-03 +0.000000e+00 +3.614902e-03 +0.000000e+00
 +8.702278e-05 +5.316734e-05 +8.613825e-03 +4.459906e-02 +3.852105e-02 +3.115120e-01 +4.415989e-03 +6.617069e-03 +1.742125e-03 +0.000000e+00 +4.268885e-03 +0.000000e+00
 +0.000000e+00 +0.000000e+00 +8.671045e-03 +4.444003e-02 +3.827596e-02 +3.113708e-01 +4.420996e-03 +6.570816e-03 +1.771927e-03 +0.000000e+00 +4.530191e-03 +0.000000e+00
 +0.000000e+00 +0.000000e+00 +8.855104e-03 +4.452491e-02 +3.849816e-02 +3.114748e-01 +4.339933e-03 +6.731033e-03 +1.824141e-03 +0.000000e+00 +4.206896e-03 +0.000000e+00
 +0.000000e+00 +0.000000e+00 +8.697033e-03 +4.443288e-02 +3.843999e-02 +3.114591e-01 +4.424095e-03 +6.613016e-03 +1.724005e-03 +0.000000e+00 +4.304886e-03 +0.000000e+00
 +1.330376e-04 +6.294250e-05 +8.771181e-03 +4.484367e-02 +3.873491e-02 +3.122008e-01 +4.609108e-03 +6.793022e-03 +2.126932e-03 +0.000000e+00 +3.226042e-03 +0.000000e+00
 +0.000000e+00 +0.000000e+00 +8.862972e-03 +4.480386e-02 +3.876400e-02 +3.121579e-01 +4.649162e-03 +6.796122e-03 +2.003908e-03 +0.000000e+00 +3.334999e-03 +0.000000e+00
 +0.000000e+00 +0.000000e+00 +8.866072e-03 +4.473615e-02 +3.858995e-02 +3.118942e-01 +4.648924e-03 +6.743908e-03 +2.116203e-03 +0.000000e+00 +3.284931e-03 +0.000000e+00
 +0.000000e+00 +0.000000e+00 +8.498907e-03 +4.478502e-02 +3.875208e-02 +3.121269e-01 +4.627943e-03 +6.755114e-03 +2.135992e-03 +0.000000e+00 +3.363132e-03 +0.000000e+00
 +1.409054e-04 +5.412102e-05 +8.683920e-03 +4.451799e-02 +3.837609e-02 +3.096581e-01 +4.646063e-03 +6.844997e-03 +2.092838e-03 +0.000000e+00 +3.624916e-03 +0.000000e+00
 +0.000000e+00 +0.000000e+00 +8.889914e-03 +4.451704e-02 +3.858399e-02 +3.094780e-01 +4.604101e-03 +6.852150e-03 +2.105951e-03 +0.000000e+00 +3.390074e-03 +0.000000e+00
 +0.000000e+00 +0.000000e+00 +8.559942e-03 +4.450297e-02 +3.835893e-02 +3.095319e-01 +4.666090e-03 +6.839037e-03 +2.203941e-03 +0.000000e+00 +3.336191e-03 +0.000000e+00
 +0.000000e+00 +0.000000e+00 +8.614063e-03 +4.445481e-02 +3.846908e-02 +3.096230e-01 +4.566193e-03 +6.816864e-03 +2.053976e-03 +0.000000e+00 +3.551006e-03 +0.000000e+00
 +8.392334e-05 +5.507469e-05 +8.746862e-03 +4.475403e-02 +3.869605e-02 +3.117800e-01 +4.641056e-03 +6.806135e-03 +2.182961e-03 +0.000000e+00 +3.283978e-03 +0.000000e+00
 +0.000000e+00 +0.000000e+00 +8.727074e-03 +4.462504e-02 +3.867674e-02 +3.117270e-01 +4.633904e-03 +6.818056e-03 +2.277136e-03 +0.000000e+00 +3.170013e-03 +0.000000e+00
 +0.000000e+00 +0.000000e+00 +8.635998e-03 +4.459906e-02 +3.868103e-02 +3.115931e-01 +4.662037e-03 +6.817102e-03 +2.110004e-03 +0.000000e+00 +3.414869e-03 +0.000000e+00
 +0.000000e+00 +0.000000e+00 +8.846045e-03 +4.478693e-02 +3.864193e-02 +3.118579e-01 +4.639149e-03 +6.776094e-03 +2.190828e-03 +0.000000e+00 +3.224850e-03 +0.000000e+00
 +1.883507e-05 +5.197525e-05 +8.768797e-03 +4.430389e-02 +3.837276e-02 +3.094141e-01 +4.526138e-03 +6.829023e-03 +2.287865e-03 +0.000000e+00 +3.641129e-03 +0.000000e+00
 +0.000000e+00 +0.000000e+00 +8.474112e-03 +4.441810e-02 +3.832674e-02 +3.099968e-01 +4.527807e-03 +6.856918e-03 +2.223969e-03 +0.000000e+00 +3.581047e-03 +0.000000e+00
 +0.000000e+00 +0.000000e+00 +8.486986e-03 +4.441714e-02 +3.806686e-02 +3.096280e-01 +4.616976e-03 +6.835938e-03 +2.310038e-03 +0.000000e+00 +3.567934e-03 +0.000000e+00
 +0.000000e+00 +0.000000e+00 +8.503914e-03 +4.436970e-02 +3.843188e-02 +3.097541e-01 +4.575014e-03 +6.858110e-03 +2.241135e-03 +0.000000e+00 +3.600836e-03 +0.000000e+00
 +4.982948e-05 +5.507469e-05 +8.666039e-03 +4.431200e-02 +3.824306e-02 +3.095140e-01 +4.510880e-03 +6.843090e-03 +2.566099e-03 +0.000000e+00 +3.601074e-03 +0.000000e+00
 +0.000000e+00 +0.000000e+00 +8.546114e-03 +4.434824e-02 +3.835607e-02 +3.093359e-01 +4.542828e-03 +6.895065e-03 +2.607107e-03 +0.000000e+00 +3.466129e-03 +0.000000e+00
 +0.000000e+00 +0.000000e+00 +8.575916e-03 +4.437566e-02 +3.834105e-02 +3.091180e-01 +4.487991e-03 +6.814003e-03 +2.529144e-03 +0.000000e+00 +3.652096e-03 +0.000000e+00
 +0.000000e+00 +0.000000e+00 +8.582115e-03 +4.433513e-02 +3.818965e-02 +3.094161e-01 +4.506826e-03 +6.861210e-03 +2.531052e-03 +0.000000e+00 +3.699064e-03 +0.000000e+00
 +8.893013e-05 +5.388260e-05 +8.727074e-03 +4.480100e-02 +3.872705e-02 +3.122189e-01 +4.403114e-03 +6.887913e-03 +2.300978e-03 +0.000000e+00 +3.942966e-03 +0.000000e+00
 +0.000000e+00 +0.000000e+00 +8.724928e-03 +4.467988e-02 +3.863907e-02 +3.125920e-01 +4.385948e-03 +6.848097e-03 +2.222061e-03 +0.000000e+00 +4.064083e-03 +0.000000e+00
 +0.000000e+00 +0.000000e+00 +8.774042e-03 +4.478788e-02 +3.869891e-02 +3.116560e-01 +4.426003e-03 +6.865025e-03 +2.289057e-03 +0.000000e+00 +3.851175e-03 +0.000000e+00
 +0.000000e+00 +0.000000e+00 +8.620024e-03 +4.473114e-02 +3.869009e-02 +3.121181e-01 +4.464865e-03 +6.860971e-03 +2.261162e-03 +0.000000e+00 +3.984928e-03 +0.000000e+00
 +9.703636e-05 +5.912781e-05 +8.732796e-03 +4.381776e-02 +3.763580e-02 +3.047180e-01 +4.097939e-03 +6.404877e-03 +2.501011e-03 +0.000000e+00 +4.671097e-03 +0.000000e+00
 +0.000000e+00 +0.000000e+00 +8.881807e-03 +4.392195e-02 +3.758621e-02 +3.045177e-01 +4.185915e-03 +6.352901e-03 +2.415895e-03 +0.000000e+00 +4.598856e-03 +0.000000e+00
 +0.000000e+00 +0.000000e+00 +8.666992e-03 +4.392481e-02 +3.771710e-02 +3.049259e-01 +4.155874e-03 +6.354809e-03 +2.431154e-03 +0.000000e+00 +4.551888e-03 +0.000000e+00
 +0.000000e+00 +0.000000e+00 +8.759975e-03 +4.388499e-02 +3.736401e-02 +3.046470e-01 +4.114866e-03 +6.380796e-03 +2.385139e-03 +0.000000e+00 +4.966021e-03 +0.000000e+00
 +1.769066e-04 +4.911423e-05 +8.765936e-03 +4.368782e-02 +3.756595e-02 +3.054490e-01 +4.025936e-03 +6.422043e-03 +2.375126e-03 +0.000000e+00 +4.845858e-03 +0.000000e+00
 +0.000000e+00 +0.000000e+00 +8.729935e-03 +4.386711e-02 +3.768682e-02 +3.055310e-01 +4.086018e-03 +6.431103e-03 +2.506018e-03 +0.000000e+00 +4.582882e-03 +0.000000e+00
 +0.000000e+00 +0.000000e+00 +8.840084e-03 +4.377580e-02 +3.769183e-02 +3.056197e-01 +4.070044e-03 +6.459951e-03 +2.383947e-03 +0.000000e+00 +4.797935e-03 +0.000000e+00
 +0.000000e+00 +0.000000e+00 +9.037018e-03 +4.373503e-02 +3.757715e-02 +3.053460e-01 +4.047871e-03 +6.476879e-03 +2.381802e-03 +0.000000e+00 +4.879951e-03 +0.000000e+00
 +1.330376e-04 +5.292892e-05 +8.702993e-03 +4.426813e-02 +3.782511e-02 +3.077540e-01 +4.225016e-03 +6.739855e-03 +2.355099e-03 +0.000000e+00 +4.275799e-03 +0.000000e+00
 +0.000000e+00 +0.000000e+00 +8.688927e-03 +4.420424e-02 +3.801870e-02 +3.078721e-01 +4.168987e-03 +6.670952e-03 +2.373934e-03 +0.000000e+00 +4.333019e-03 +0.000000e+00
 +0.000000e+00 +0.000000e+00 +8.955002e-03 +4.421210e-02 +3.802299e-02 +3.077660e-01 +4.382133e-03 +6.523848e-03 +2.280951e-03 +0.000000e+00 +4.085064e-03 +0.000000e+00
 +0.000000e+00 +0.000000e+00 +8.600950e-03 +4.421782e-02 +3.781390e-02 +3.077261e-01 +4.305124e-03 +6.716013e-03 +2.334833e-03 +0.000000e+00 +4.266024e-03 +0.000000e+00
 +1.130104e-04 +6.008148e-05 +8.712053e-03 +4.450488e-02 +3.827119e-02 +3.085382e-01 +4.460096e-03 +6.780863e-03 +2.460957e-03 +0.000000e+00 +3.868818e-03 +0.000000e+00
 +0.000000e+00 +0.000000e+00 +8.634090e-03 +4.444766e-02 +3.809905e-02 +3.088949e-01 +4.461050e-03 +6.768942e-03 +2.462149e-03 +0.000000e+00 +3.784895e-03 +0.000000e+00
 +0.000000e+00 +0.000000e+00 +8.505821e-03 +4.431105e-02 +3.809094e-02 +3.086412e-01 +4.425764e-03 +6.744862e-03 +2.451181e-03 +0.000000e+00 +3.831148e-03 +0.000000e+00
 +0.000000e+00 +0.000000e+00 +8.721113e-03 +4.438400e-02 +3.794098e-02 +3.085840e-01 +4.461050e-03 +6.782055e-03 +2.377987e-03 +0.000000e+00 +3.919125e-03 +0.000000e+00
 +3.504753e-05 +5.602837e-05 +8.610964e-03 +4.417610e-02 +3.801799e-02 +3.085320e-01 +4.473925e-03 +6.813049e-03 +2.496958e-03 +0.000000e+00 +4.059792e-03 +0.000000e+00
 +0.000000e+00 +0.000000e+00 +8.841038e-03 +4.436588e-02 +3.819704e-02 +3.085918e-01 +4.429102e-03 +6.832123e-03 +2.450943e-03 +0.000000e+00 +3.904819e-03 +0.000000e+00
 +0.000000e+00 +0.000000e+00 +8.594036e-03 +4.439974e-02 +3.806996e-02 +3.085959e-01 +4.448891e-03 +6.766796e-03 +2.587080e-03 +0.000000e+00 +3.762007e-03 +0.000000e+00
 +0.000000e+00 +0.000000e+00 +8.645773e-03 +4.424787e-02 +3.802204e-02 +3.086870e-01 +4.487038e-03 +6.712914e-03 +2.558947e-03 +0.000000e+00 +3.885984e-03 +0.000000e+00
 +1.339912e-04 +5.292892e-05 +8.877993e-03 +4.435992e-02 +3.832102e-02 +3.093801e-01 +4.445076e-03 +6.832123e-03 +2.389908e-03 +0.000000e+00 +3.849983e-03 +0.000000e+00
 +0.000000e+00 +0.000000e+00 +8.662939e-03 +4.424906e-02 +3.843498e-02 +3.093610e-01 +4.508018e-03 +6.793976e-03 +2.398014e-03 +0.000000e+00 +3.607988e-03 +0.000000e+00
 +0.000000e+00 +0.000000e+00 +8.553982e-03 +4.439878e-02 +3.841209e-02 +3.092580e-01 +4.519939e-03 +6.811857e-03 +2.358913e-03 +0.000000e+00 +3.692150e-03 +0.000000e+00
 +0.000000e+00 +0.000000e+00 +8.789062e-03 +4.437900e-02 +3.837180e-02 +3.094399e-01 +4.496098e-03 +6.816149e-03 +2.381086e-03 +0.000000e+00 +3.684998e-03 +0.000000e+00
 +1.320839e-04 +5.102158e-05 +9.037018e-03 +4.408693e-02 +3.777623e-02 +3.060100e-01 +4.330158e-03 +6.357908e-03 +2.356052e-03 +0.000000e+00 +4.126072e-03 +0.000000e+00
 +0.000000e+00 +0.000000e+00 +8.796930e-03 +4.396009e-02 +3.772020e-02 +3.055871e-01 +4.292011e-03 +6.417036e-03 +2.354145e-03 +0.000000e+00 +4.225016e-03 +0.000000e+00
 +0.000000e+00 +0.000000e+00 +8.783102e-03 +4.402518e-02 +3.766394e-02 +3.059530e-01 +4.354000e-03 +6.356001e-03 +2.290964e-03 +0.000000e+00 +4.280090e-03 +0.000000e+00
 +0.000000e+00 +0.000000e+00 +8.660078e-03 +4.391503e-02 +3.759789e-02 +3.059170e-01 +4.266024e-03 +6.274939e-03 +2.388000e-03 +0.000000e+00 +4.186869e-03 +0.000000e+00
 +1.637936e-04 +5.722046e-05 +9.313822e-03 +4.452300e-02 +3.845620e-02 +3.100929e-01 +4.620075e-03 +6.754875e-03 +2.100945e-03 +0.000000e+00 +3.719091e-03 +0.000000e+00
 +0.000000e+00 +0.000000e+00 +8.807898e-03 +4.452300e-02 +3.847003e-02 +3.103061e-01 +4.606009e-03 +6.736040e-03 +2.103090e-03 +0.000000e+00 +3.745079e-03 +0.000000e+00
 +0.000000e+00 +0.000000e+00 +8.858919e-03 +4.445791e-02 +3.847504e-02 +3.101270e-01 +4.594088e-03 +6.731033e-03 +2.070904e-03 +0.000000e+00 +3.744125e-03 +0.000000e+00
 +0.000000e+00 +0.000000e+00 +8.703947e-03 +4.453397e-02 +3.853393e-02 +3.100312e-01 +4.580975e-03 +6.740093e-03 +2.120018e-03 +0.000000e+00 +3.702164e-03 +0.000000e+00
 +1.883507e-05 +5.006790e-05 +8.551121e-03 +4.445791e-02 +3.831100e-02 +3.100581e-01 +4.517794e-03 +6.752968e-03 +2.152205e-03 +0.000000e+00 +3.970861e-03 +0.000000e+00
 +0.000000e+00 +0.000000e+00 +8.832932e-03 +4.442906e-02 +3.836799e-02 +3.096359e-01 +4.441023e-03 +6.748199e-03 +2.130032e-03 +0.000000e+00 +4.069090e-03 +0.000000e+00
 +0.000000e+00 +0.000000e+00 +8.708954e-03 +4.440808e-02 +3.834176e-02 +3.095782e-01 +4.532099e-03 +6.752968e-03 +2.212048e-03 +0.000000e+00 +3.901005e-03 +0.000000e+00
 +0.000000e+00 +0.000000e+00 +8.569002e-03 +4.438305e-02 +3.844786e-02 +3.096321e-01 +4.455805e-03 +6.668091e-03 +2.152205e-03 +0.000000e+00 +3.984928e-03 +0.000000e+00
 +1.411438e-04 +4.792213e-05 +8.784056e-03 +4.472709e-02 +3.881598e-02 +3.129981e-01 +4.462957e-03 +6.613970e-03 +2.321005e-03 +0.000000e+00 +4.050016e-03 +0.000000e+00
 +0.000000e+00 +0.000000e+00 +8.836985e-03 +4.464388e-02 +3.884411e-02 +3.129461e-01 +4.501104e-03 +6.638050e-03 +2.255917e-03 +0.000000e+00 +4.116058e-03 +0.000000e+00
 +0.000000e+00 +0.000000e+00 +9.039164e-03 +4.488993e-02 +3.871703e-02 +3.129151e-01 +4.436970e-03 +6.662130e-03 +2.441168e-03 +0.000000e+00 +3.900051e-03 +0.000000e+00
 +0.000000e+00 +0.000000e+00 +8.898973e-03 +4.469299e-02 +3.880811e-02 +3.126509e-01 +4.414082e-03 +6.601095e-03 +2.229929e-03 +0.000000e+00 +4.236937e-03 +0.000000e+00
 +1.080036e-04 +4.982948e-05 +9.109020e-03 +4.609704e-02 +3.908920e-02 +3.252721e-01 +4.513025e-03 +6.875992e-03 +1.757145e-03 +0.000000e+00 +2.488852e-03 +0.000000e+00
 +0.000000e+00 +0.000000e+00 +8.275986e-03 +4.619122e-02 +3.896189e-02 +3.251810e-01 +4.468918e-03 +6.824017e-03 +1.716137e-03 +0.000000e+00 +2.657890e-03 +0.000000e+00
 +0.000000e+00 +0.000000e+00 +8.343935e-03 +4.610896e-02 +3.902125e-02 +3.253288e-01 +4.496098e-03 +6.806850e-03 +1.761913e-03 +0.000000e+00 +2.593994e-03 +0.000000e+00
 +0.000000e+00 +0.000000e+00 +8.335114e-03 +4.614592e-02 +3.894496e-02 +3.245959e-01 +4.509926e-03 +6.778002e-03 +1.726866e-03 +0.000000e+00 +2.550125e-03 +0.000000e+00
 +1.907349e-05 +5.388260e-05 +8.621216e-03 +4.570317e-02 +3.882504e-02 +3.228781e-01 +4.446030e-03 +6.829023e-03 +2.064943e-03 +0.000000e+00 +2.963066e-03 +0.000000e+00
 +0.000000e+00 +0.000000e+00 +8.466959e-03 +4.582191e-02 +3.893709e-02 +3.230040e-01 +4.442930e-03 +6.760120e-03 +2.091169e-03 +0.000000e+00 +2.822876e-03 +0.000000e+00
 +0.000000e+00 +0.000000e+00 +8.353949e-03 +4.577017e-02 +3.885722e-02 +3.231292e-01 +4.412889e-03 +6.811857e-03 +2.089977e-03 +0.000000e+00 +2.815008e-03 +0.000000e+00
