n_tot = 1048576
n_group_limit = 128
n_tot = 1048576
n_group_limit = 128
n_tot = 1048576
n_group_limit = 128
n_tot = 1048576
n_group_limit = 128
n_tot = n_tot = 10485761048576
n_group_limit = 128

n_group_limit = 128
n_tot = 1048576
n_group_limit = 128
n_tot = 1048576
n_group_limit = 128
n_tot = 1048576
n_group_limit = 128
n_tot = 1048576
n_group_limit = 128
n_tot = 1048576
n_group_limit = 128
n_tot = n_tot = 1048576
n_group_limit = 128
n_tot = 1048576n_tot = 1048576
n_group_limit = 1281048576
n_group_limit = 128
n_tot = 1048576
n_group_limit = 128

n_group_limit = 128

n_tot = 1048576
n_group_limit = n_tot = 1048576
n_group_limit = 128
n_tot = 1048576
n_group_limit = 128
128
n_tot = 1048576
n_group_limit = 128
n_tot = 1048576
n_group_limit = n_tot = 1048576
n_group_limit = 128
n_tot = 1048576
n_group_limit = 128
n_tot = 1048576
n_group_limit = 128
n_tot = 1048576
n_group_limit = 128
n_tot = 1048576
n_group_limit = 128
n_tot = 1048576
n_group_limit = 128
n_tot = 1048576
n_group_limit = 128
n_tot = 1048576
n_group_limit = 128
n_tot = 1048576
n_group_limit = 128
128
n_tot = 1048576
n_group_limit = 128
n_tot = 1048576
n_group_limit = 128
n_tot = 1048576
n_group_limit = 128
n_tot = 1048576
n_group_limit = 128
n_tot = 1048576n_tot = 1048576
n_group_limit = n_tot = 1048576
n_group_limit = 128
n_tot = 1048576
n_group_limit = 128
n_tot = 1048576
n_group_limit = 128
n_tot = 1048576
n_group_limit = 128
n_tot = 1048576
n_group_limit = 128

n_group_limit = 128
n_tot = 1048576
n_group_limit = 128
128
n_tot = 1048576
n_group_limit = 128
n_tot = 1048576
n_group_limit = 128
     //==================================\\
     ||                                  ||
     || ::::::: ::::::. ::::::. .::::::. ||
     || ::      ::    : ::    : ::       ||
     || ::::::  ::    : ::::::'  `:::::. ||
     || ::      ::::::' ::      `......' ||
     ||     Framework for Developing     ||
     ||        Particle Simulator        ||
     ||     Version 1.1 (2015/08)        ||
     \\==================================//

n_tot = 1048576
n_group_limit = 128
n_tot = 1048576
n_group_limit = 128
n_tot = 1048576
n_group_limit = 128
n_tot = 1048576
n_group_limit = 128
n_tot = 1048576
n_group_limit = 128
n_tot = 1048576
n_group_limit = 128
n_tot = 1048576
n_group_limit = 128
n_tot = 1048576
n_group_limit = 128
       Home   : https://github.com/fdps/fdps 
       E-mail : fdps-support@mail.jmlab.jp
       Licence: MIT (see, https://github.com/FDPS/FDPS/blob/master/LICENSE)
       Note   : Please cite Iwasawa et al. (in prep.)

       Copyright (C) 2015 
         Masaki Iwasawa, Ataru Tanigawa, Natsuki Hosono,
         Keigo Nitadori, Takayuki Muranushi, Junichiro Makino
         and many others
******** FDPS has successfully begun. ********
n_tot = 1048576
n_group_limit = 128
Number of processes: 60
Number of threads per process: 4
n_tot = 1048576
n_group_limit = n_tot = 1048576
n_group_limit = 128
n_tot = 1048576
n_group_limit = 128
n_tot = 1048576
n_group_limit = 128
n_tot = 1048576
n_group_limit = 128
n_tot = 1048576
n_group_limit = 128
128
n_tot = 1048576
n_group_limit = 128
np_ave=17476
used mem size for tree=56109088
used mem size for tree(0)=0.056109088
time:  0.0000000 energy error: -0.000000e+00 wtime: +6.318092e-03
time:  0.0078125 energy error: +8.563692e-08 wtime: +6.424780e-01
time:  0.0156250 energy error: +7.313378e-08 wtime: +6.215560e-01
time:  0.0234375 energy error: +5.519589e-08 wtime: +6.206000e-01
time:  0.0312500 energy error: +3.603369e-08 wtime: +6.219800e-01
time:  0.0390625 energy error: -1.789110e-07 wtime: +6.102769e-01
time:  0.0468750 energy error: -2.174722e-07 wtime: +5.913210e-01
time:  0.0546875 energy error: -2.658662e-07 wtime: +5.897870e-01
time:  0.0625000 energy error: -3.260339e-07 wtime: +5.909131e-01
time:  0.0703125 energy error: -8.914958e-08 wtime: +6.013761e-01
time:  0.0781250 energy error: -1.637393e-07 wtime: +5.811830e-01
time:  0.0859375 energy error: -2.567088e-07 wtime: +5.807321e-01
time:  0.0937500 energy error: -3.486127e-07 wtime: +5.826099e-01
time:  0.1015625 energy error: -5.540707e-07 wtime: +5.775750e-01
time:  0.1093750 energy error: -6.432928e-07 wtime: +5.569210e-01
time:  0.1171875 energy error: -7.425127e-07 wtime: +5.558720e-01
time:  0.1250000 energy error: -8.662033e-07 wtime: +5.570891e-01
time:  0.1328125 energy error: -9.421673e-07 wtime: +5.623410e-01
time:  0.1406250 energy error: -1.070710e-06 wtime: +5.518720e-01
time:  0.1484375 energy error: -1.202527e-06 wtime: +5.516911e-01
time:  0.1562500 energy error: -1.365649e-06 wtime: +5.519140e-01
time:  0.1640625 energy error: -1.451105e-06 wtime: +5.790570e-01
time:  0.1718750 energy error: -1.616734e-06 wtime: +5.670760e-01
time:  0.1796875 energy error: -1.770985e-06 wtime: +5.669191e-01
time:  0.1875000 energy error: -1.939617e-06 wtime: +5.663309e-01
time:  0.1953125 energy error: -2.256237e-06 wtime: +5.605519e-01
time:  0.2031250 energy error: -2.462653e-06 wtime: +5.411110e-01
time:  0.2109375 energy error: -2.655734e-06 wtime: +5.409319e-01
time:  0.2187500 energy error: -2.882498e-06 wtime: +5.420661e-01
time:  0.2265625 energy error: -3.449951e-06 wtime: +5.505509e-01
time:  0.2343750 energy error: -3.676053e-06 wtime: +5.411839e-01
time:  0.2421875 energy error: -3.907737e-06 wtime: +5.420659e-01
time:  0.2500000 energy error: -4.149510e-06 wtime: +5.411110e-01
time:  0.2578125 energy error: -4.646910e-06 wtime: +5.580389e-01
time:  0.2656250 energy error: -4.901160e-06 wtime: +5.495598e-01
time:  0.2734375 energy error: -5.165139e-06 wtime: +5.493739e-01
time:  0.2812500 energy error: -5.437545e-06 wtime: +5.488698e-01
time:  0.2890625 energy error: -5.883422e-06 wtime: +5.555999e-01
time:  0.2968750 energy error: -6.131287e-06 wtime: +5.447121e-01
time:  0.3046875 energy error: -6.427095e-06 wtime: +5.451930e-01
time:  0.3125000 energy error: -6.708270e-06 wtime: +5.443058e-01
time:  0.3203125 energy error: -6.666504e-06 wtime: +5.565169e-01
time:  0.3281250 energy error: -6.971584e-06 wtime: +5.479338e-01
time:  0.3359375 energy error: -7.315865e-06 wtime: +5.482900e-01
time:  0.3437500 energy error: -7.664613e-06 wtime: +5.484471e-01
time:  0.3515625 energy error: -7.868651e-06 wtime: +5.535040e-01
time:  0.3593750 energy error: -8.218014e-06 wtime: +5.459740e-01
time:  0.3671875 energy error: -8.558549e-06 wtime: +5.454588e-01
time:  0.3750000 energy error: -8.906452e-06 wtime: +5.469720e-01
time:  0.3828125 energy error: -9.263674e-06 wtime: +5.619092e-01
time:  0.3906250 energy error: -9.640134e-06 wtime: +5.518720e-01
time:  0.3984375 energy error: -1.003181e-05 wtime: +5.521102e-01
time:  0.4062500 energy error: -1.042468e-05 wtime: +5.528488e-01
time:  0.4140625 energy error: -1.062809e-05 wtime: +5.462890e-01
time:  0.4218750 energy error: -1.103605e-05 wtime: +5.380790e-01
time:  0.4296875 energy error: -1.145820e-05 wtime: +5.374970e-01
time:  0.4375000 energy error: -1.189728e-05 wtime: +5.381339e-01
time:  0.4453125 energy error: -1.245403e-05 wtime: +5.636790e-01
time:  0.4531250 energy error: -1.286556e-05 wtime: +5.559530e-01
time:  0.4609375 energy error: -1.333980e-05 wtime: +5.557649e-01
time:  0.4687500 energy error: -1.380469e-05 wtime: +5.563970e-01
time:  0.4765625 energy error: -1.414075e-05 wtime: +5.554790e-01
time:  0.4843750 energy error: -1.460858e-05 wtime: +5.449080e-01
time:  0.4921875 energy error: -1.508966e-05 wtime: +5.466330e-01
time:  0.5000000 energy error: -1.556663e-05 wtime: +5.462701e-01
time:  0.5078125 energy error: -1.628509e-05 wtime: +5.504510e-01
time:  0.5156250 energy error: -1.676564e-05 wtime: +5.418139e-01
time:  0.5234375 energy error: -1.728696e-05 wtime: +5.414159e-01
time:  0.5312500 energy error: -1.776956e-05 wtime: +5.428820e-01
time:  0.5390625 energy error: -1.818966e-05 wtime: +5.507519e-01
time:  0.5468750 energy error: -1.873128e-05 wtime: +5.416131e-01
time:  0.5546875 energy error: -1.930182e-05 wtime: +5.425680e-01
time:  0.5625000 energy error: -1.985736e-05 wtime: +5.419869e-01
time:  0.5703125 energy error: -2.030966e-05 wtime: +5.575550e-01
time:  0.5781250 energy error: -2.083676e-05 wtime: +5.479372e-01
time:  0.5859375 energy error: -2.139316e-05 wtime: +5.477059e-01
time:  0.5937500 energy error: -2.194864e-05 wtime: +5.496681e-01
time:  0.6015625 energy error: -2.258275e-05 wtime: +5.573039e-01
time:  0.6093750 energy error: -2.322874e-05 wtime: +5.485349e-01
time:  0.6171875 energy error: -2.380368e-05 wtime: +5.484920e-01
time:  0.6250000 energy error: -2.442243e-05 wtime: +5.489430e-01
time:  0.6328125 energy error: -2.509717e-05 wtime: +5.561399e-01
time:  0.6406250 energy error: -2.572111e-05 wtime: +5.486310e-01
time:  0.6484375 energy error: -2.632383e-05 wtime: +5.476160e-01
time:  0.6562500 energy error: -2.695584e-05 wtime: +5.478270e-01
time:  0.6640625 energy error: -2.773686e-05 wtime: +5.507920e-01
time:  0.6718750 energy error: -2.831843e-05 wtime: +5.430160e-01
time:  0.6796875 energy error: -2.899130e-05 wtime: +5.428541e-01
time:  0.6875000 energy error: -2.965462e-05 wtime: +5.436001e-01
time:  0.6953125 energy error: -3.045118e-05 wtime: +5.515339e-01
time:  0.7031250 energy error: -3.114881e-05 wtime: +5.415821e-01
time:  0.7109375 energy error: -3.184371e-05 wtime: +5.424371e-01
time:  0.7187500 energy error: -3.256548e-05 wtime: +5.422502e-01
time:  0.7265625 energy error: -3.333201e-05 wtime: +5.489571e-01
time:  0.7343750 energy error: -3.404448e-05 wtime: +5.402620e-01
time:  0.7421875 energy error: -3.477503e-05 wtime: +5.401270e-01
time:  0.7500000 energy error: -3.553044e-05 wtime: +5.404480e-01
time:  0.7578125 energy error: -3.596789e-05 wtime: +5.503790e-01
time:  0.7656250 energy error: -3.670640e-05 wtime: +5.427930e-01
time:  0.7734375 energy error: -3.747871e-05 wtime: +5.433080e-01
time:  0.7812500 energy error: -3.830251e-05 wtime: +5.430148e-01
time:  0.7890625 energy error: -3.915874e-05 wtime: +5.463490e-01
time:  0.7968750 energy error: -3.993609e-05 wtime: +5.386689e-01
time:  0.8046875 energy error: -4.072240e-05 wtime: +5.391610e-01
time:  0.8125000 energy error: -4.150341e-05 wtime: +5.391650e-01
time:  0.8203125 energy error: -4.200168e-05 wtime: +5.451808e-01
time:  0.8281250 energy error: -4.285013e-05 wtime: +5.339901e-01
time:  0.8359375 energy error: -4.370013e-05 wtime: +5.345840e-01
time:  0.8437500 energy error: -4.456427e-05 wtime: +5.340681e-01
time:  0.8515625 energy error: -4.519057e-05 wtime: +5.738699e-01
time:  0.8593750 energy error: -4.606656e-05 wtime: +5.519941e-01
time:  0.8671875 energy error: -4.691233e-05 wtime: +5.522261e-01
time:  0.8750000 energy error: -4.780332e-05 wtime: +5.527599e-01
time:  0.8828125 energy error: -4.911522e-05 wtime: +5.579391e-01
time:  0.8906250 energy error: -5.004170e-05 wtime: +5.495241e-01
time:  0.8984375 energy error: -5.095956e-05 wtime: +5.500748e-01
time:  0.9062500 energy error: -5.186669e-05 wtime: +5.493951e-01
time:  0.9140625 energy error: -5.257212e-05 wtime: +5.493240e-01
time:  0.9218750 energy error: -5.351530e-05 wtime: +5.399361e-01
time:  0.9296875 energy error: -5.444348e-05 wtime: +5.401430e-01
time:  0.9375000 energy error: -5.539931e-05 wtime: +5.406041e-01
time:  0.9453125 energy error: -5.637992e-05 wtime: +5.612769e-01
time:  0.9531250 energy error: -5.732139e-05 wtime: +5.521860e-01
time:  0.9609375 energy error: -5.832803e-05 wtime: +5.528300e-01
time:  0.9687500 energy error: -5.932823e-05 wtime: +5.533700e-01
time:  0.9765625 energy error: -6.026072e-05 wtime: +5.537920e-01
time:  0.9843750 energy error: -6.122271e-05 wtime: +5.461359e-01
time:  0.9921875 energy error: -6.227525e-05 wtime: +5.463648e-01
******** FDPS has successfully finished. ********
