Job <41827160> has been submitted to queue <q_sw_gb>
waiting for dispatch ...
     //==================================\\
     ||                                  ||
     || ::::::: ::::::. ::::::. .::::::. ||
     || ::      ::    : ::    : ::       ||
     || ::::::  ::    : ::::::'  `:::::. ||
     || ::      ::::::' ::      `......' ||
     ||     Framework for Developing     ||
     ||        Particle Simulator        ||
     ||     Version 2.0 (2016/06)        ||
     \\==================================//

       Home   : https://github.com/fdps/fdps 
       E-mail : fdps-support@mail.jmlab.jp
       Licence: MIT (see, https://github.com/FDPS/FDPS/blob/master/LICENSE)
       Note   : Please cite Iwasawa et al. (in press.)

       Copyright (C) 2015 
         Masaki Iwasawa, Ataru Tanikawa, Natsuki Hosono,
         Keigo Nitadori, Takayuki Muranushi, Daisuke Namekata
         Junichiro Makino and many others
******** FDPS has successfully begun. ********
etime(MPI startup) = 151.503653049469
etime(athread_init) = 0.000108003616333008
etime(mkdir) = 0.00736188888549805
s_debug: ./result/debug_00000.dat
etime(fopen) = 0.00923895835876465
s_wtime: ./result/wtime_00000.dat
etime(fopen) = 0.0154609680175781
s_host_name: ./result/host_name_00000.dat
etime(fopen) = 0.0217549800872803
This is a sample program of N-body simulation on FDPS!
Number of processes: 160000
Number of threads per process: 1
nx= 32000 ny= 5 nz= 1
nx= 32000 ny= 5 nz= 1
n_theta= 14472025 dtheta= 4.34160755469921e-07 offset_theta= 8.99176365828951e-08
OK 01 @SetParticleKeplerDiskCyl2
OK 02 @SetParticleKeplerDiskCyl2
OK 03 @SetParticleKeplerDiskCyl2
OK 04 @SetParticleKeplerDiskCyl2
etime(IC) = 2.36633396148682
PS::TREE_Z_COORD_OFFSET= -2.31222511991199e-07 r_phy= 1.41421356237302e-07
after make satellite
dens= 6.75237237117792e-08 total mass= 4.24209850296733e-10 mass_dust= 4.24264068711858e-21 CM_POS_DUST_TOTAL= -1.27955909588751e-09   0    2.20490997018308e-24
SATELLITE[0].r_coll= 1.41421356237302e-07
r_hill= 1.41421356237302e-07 mass_dust_total= 4.24209850296733e-10
Epj::r_search= 4.24264068711905e-07
dinfo.getNDomain(0)= 32000 dinfo.getNDomain(1)= 5 dinfo.getNDomain(2)= 1
etime(boundary) = 0.106986999511719
etime(rootdomain) = 0.00184988975524902
etime(DD) = 0.0609009265899658
etime(multistep2) = 0.0060269832611084
L0.x = 1.32752519231621e-33
L0.y = 4.54717318071447e-34
L0.z = 4.24209877120857e-10
etime(exch_ptcl) = 0.498317956924438
etime(check_is_is_domain ) = 0.350458145141602
etime(superdomain) = 0.0131449699401855
DT_TREE      = 0.00390625
Tdur         = 0.25
ln_e_refl    = -0.693147180559945
r_ep         = 1.41421356237302e-07
r_sat        = 1.41421356237302e-07
k_dash       = 631.654681669719
eta_dash     = 10.8298872925031
m_planet     = 1
n_loop_merge = 64
n_smp_ave    = 512
theta        = 0.5
np_ave=624920
speed= 3567.55614312552 [Tflops]
nan-0 0
OK10 @main
L.x = 6.17269745268944e-41 rel.err. = 0.99999995350222
L.y = 1.46187737464031e-41 rel.err. = 0.999999967850853
L.z = 4.24209877120774e-10 rel.err. = 1.97552533142464e-13
#######################
  n_loop = 0
#######################
speed= 7788.20942457136 [Tflops]
speed= 37565.6989835316 [Tflops]
speed= 35556.9248620834 [Tflops]
speed= 36769.8076864371 [Tflops]
speed= 36762.1679124309 [Tflops]
speed= 35906.1833871024 [Tflops]
speed= 37431.5557060906 [Tflops]
speed= 36409.6309601804 [Tflops]
speed= 35578.0201465115 [Tflops]
speed= 34858.4393826366 [Tflops]
speed= 34506.182389661 [Tflops]
speed= 35693.7237588514 [Tflops]
speed= 36133.3894422033 [Tflops]
speed= 35931.6886911334 [Tflops]
speed= 35381.1587114526 [Tflops]
speed= 37071.9139507169 [Tflops]
speed= 35714.9052832431 [Tflops]
speed= 36798.0268485215 [Tflops]
speed= 37866.11348246 [Tflops]
speed= 35788.4209356394 [Tflops]
speed= 36862.7712709327 [Tflops]
speed= 34335.7059005105 [Tflops]
speed= 35808.4739303579 [Tflops]
speed= 35315.6448257917 [Tflops]
speed= 36405.3362809833 [Tflops]
speed= 34674.7279969625 [Tflops]
speed= 36127.1213981099 [Tflops]
speed= 36810.7315945213 [Tflops]
speed= 35393.0553634647 [Tflops]
speed= 36852.4136412082 [Tflops]
speed= 35972.0286316088 [Tflops]
speed= 35398.5126088077 [Tflops]
speed= 35355.9222098641 [Tflops]
speed= 35665.4380606376 [Tflops]
speed= 37430.937793929 [Tflops]
speed= 36389.6291883717 [Tflops]
speed= 36548.9553603835 [Tflops]
speed= 36751.1835143362 [Tflops]
speed= 36491.0798335731 [Tflops]
speed= 36747.4803287474 [Tflops]
speed= 36730.3236277632 [Tflops]
speed= 37778.4428152063 [Tflops]
speed= 36638.1497135762 [Tflops]
speed= 35254.1960012293 [Tflops]
speed= 35768.5495571274 [Tflops]
speed= 36200.561271218 [Tflops]
speed= 36441.9108863239 [Tflops]
speed= 37021.2179551489 [Tflops]
speed= 35646.2974363079 [Tflops]
speed= 36252.4347374942 [Tflops]
speed= 36180.6903183852 [Tflops]
speed= 35537.1489872641 [Tflops]
speed= 35946.684232408 [Tflops]
speed= 36587.6082365085 [Tflops]
speed= 35909.3649016083 [Tflops]
speed= 36581.6665659181 [Tflops]
speed= 36522.6173288561 [Tflops]
speed= 35485.0857168641 [Tflops]
speed= 37049.0027694996 [Tflops]
speed= 34633.0014392907 [Tflops]
speed= 35055.7320342446 [Tflops]
speed= 34456.3319005047 [Tflops]
speed= 35261.1327862317 [Tflops]
speed= 35878.3983096712 [Tflops]
step 0:
begin_of_step : max=  9.4718150372355012e+00 (rank 105619), min=  2.1464903241358115e+00 (rank 105626), avr=  9.4376170540892019e+00, max-min=  7.3253247130996897e+00
before_reduce : max=  1.0121105849655578e+01 (rank 62437), min=  2.2741389737930149e+00 (rank 105624), avr=  1.0109450676289207e+01, max-min=  7.8469668758625630e+00
after_reduce  : max=  1.0125745526893297e+01 (rank 16879), min=  2.2771968675842800e+00 (rank 105626), avr=  1.0120341944124817e+01, max-min=  7.8485486593090172e+00
end_of_step   : max=  1.0125810609664768e+01 (rank 16879), min=  2.2772144662048959e+00 (rank 105626), avr=  1.0120402836052401e+01, max-min=  7.8485961434598721e+00

step 1:
begin_of_step : max=  1.0373720356554259e+01 (rank 0), min=  2.3278250055191165e+00 (rank 105624), avr=  1.0345790201822219e+01, max-min=  8.0458953510351421e+00
before_reduce : max=  1.0595301498615299e+01 (rank 54293), min=  2.3760336303457734e+00 (rank 105624), avr=  1.0562990577384163e+01, max-min=  8.2192678682695259e+00
after_reduce  : max=  1.0599696233795839e+01 (rank 116609), min=  2.3838921096539707e+00 (rank 105626), avr=  1.0596701429349455e+01, max-min=  8.2158041241418687e+00
end_of_step   : max=  1.0599756417941535e+01 (rank 116609), min=  2.3839099544820783e+00 (rank 105626), avr=  1.0596762166669670e+01, max-min=  8.2158464634594566e+00

step 2:
begin_of_step : max=  1.0761493819998577e+01 (rank 0), min=  2.4154216979295597e+00 (rank 105626), avr=  1.0737500193801861e+01, max-min=  8.3460721220690175e+00
before_reduce : max=  1.0995048283453798e+01 (rank 54287), min=  2.4626461324151023e+00 (rank 105624), avr=  1.0950531903072880e+01, max-min=  8.5324021510386956e+00
after_reduce  : max=  1.1002854970342014e+01 (rank 16429), min=  2.4733774179294414e+00 (rank 105626), avr=  1.0996975904757154e+01, max-min=  8.5294775524125725e+00
end_of_step   : max=  1.1002916955156252e+01 (rank 16429), min=  2.4733953117247438e+00 (rank 105626), avr=  1.0997036603276992e+01, max-min=  8.5295216434315080e+00

step 3:
begin_of_step : max=  1.1217537413787795e+01 (rank 0), min=  2.5169396717246855e+00 (rank 105626), avr=  1.1191690010990165e+01, max-min=  8.7005977420631098e+00
before_reduce : max=  1.1443389987573028e+01 (rank 54288), min=  2.5647721593122697e+00 (rank 105624), avr=  1.1407035657810406e+01, max-min=  8.8786178282607580e+00
after_reduce  : max=  1.1451351986906957e+01 (rank 16891), min=  2.5735584393078170e+00 (rank 105626), avr=  1.1445336906978506e+01, max-min=  8.8777935475991399e+00
end_of_step   : max=  1.1451416737952968e+01 (rank 16891), min=  2.5735758958617225e+00 (rank 105624), avr=  1.1445397686241536e+01, max-min=  8.8778408420912456e+00

step 4:
begin_of_step : max=  1.1637546506215585e+01 (rank 0), min=  2.6111082282768621e+00 (rank 105624), avr=  1.1613274602782763e+01, max-min=  9.0264382779387233e+00
before_reduce : max=  1.1863512008276302e+01 (rank 54293), min=  2.6580796324160474e+00 (rank 105624), avr=  1.1825490754404665e+01, max-min=  9.2054323758602550e+00
after_reduce  : max=  1.1869081300683320e+01 (rank 16649), min=  2.6673143924126634e+00 (rank 105626), avr=  1.1865335590474075e+01, max-min=  9.2017669082706561e+00
end_of_step   : max=  1.1869142767594894e+01 (rank 16649), min=  2.6673322951719456e+00 (rank 105626), avr=  1.1865396436640825e+01, max-min=  9.2018104724229488e+00

step 5:
begin_of_step : max=  1.2081901084136916e+01 (rank 0), min=  2.7100375841364439e+00 (rank 105626), avr=  1.2056407902757353e+01, max-min=  9.3718635000004724e+00
before_reduce : max=  1.2313183827573084e+01 (rank 54288), min=  2.7574133848283964e+00 (rank 105624), avr=  1.2269995287909333e+01, max-min=  9.5557704427446879e+00
after_reduce  : max=  1.2323191934483475e+01 (rank 135763), min=  2.7676765296564554e+00 (rank 105624), avr=  1.2315071296757253e+01, max-min=  9.5555154048270197e+00
end_of_step   : max=  1.2323252285510534e+01 (rank 135763), min=  2.7676935241397587e+00 (rank 105624), avr=  1.2315132175434160e+01, max-min=  9.5555587613707758e+00

step 6:
begin_of_step : max=  1.2520867750339676e+01 (rank 0), min=  2.8074575468963303e+00 (rank 105626), avr=  1.2493258227800986e+01, max-min=  9.7134102034433454e+00
before_reduce : max=  1.2742751481375308e+01 (rank 54288), min=  2.8548692220683733e+00 (rank 105624), avr=  1.2707065920677861e+01, max-min=  9.8878822593069344e+00
after_reduce  : max=  1.2752527177217416e+01 (rank 15503), min=  2.8634853241383098e+00 (rank 105626), avr=  1.2744618913587026e+01, max-min=  9.8890418530791067e+00
end_of_step   : max=  1.2752586985501694e+01 (rank 15503), min=  2.8635033944810857e+00 (rank 105626), avr=  1.2744679623526698e+01, max-min=  9.8890835910206079e+00

step 7:
begin_of_step : max=  1.2893689399992581e+01 (rank 0), min=  2.8910809820699797e+00 (rank 105626), avr=  1.2868371006837473e+01, max-min=  1.0002608417922602e+01
before_reduce : max=  1.3121761651724228e+01 (rank 54288), min=  2.9386231393109483e+00 (rank 105624), avr=  1.3083255141349920e+01, max-min=  1.0183138512413279e+01
after_reduce  : max=  1.3127418311734800e+01 (rank 116609), min=  2.9479429648272344e+00 (rank 105626), avr=  1.3123624385328126e+01, max-min=  1.0179475346907566e+01
end_of_step   : max=  1.3127476128283888e+01 (rank 116609), min=  2.9479601172388357e+00 (rank 105626), avr=  1.3123685173825052e+01, max-min=  1.0179516011045052e+01

step 8:
begin_of_step : max=  1.3325037596543552e+01 (rank 0), min=  2.9875439737952547e+00 (rank 105624), avr=  1.3301185614207228e+01, max-min=  1.0337493622748298e+01
before_reduce : max=  1.3558425211711437e+01 (rank 54288), min=  3.0344266289648658e+00 (rank 105624), avr=  1.3513158171743255e+01, max-min=  1.0523998582746572e+01
after_reduce  : max=  1.3563169671033393e+01 (rank 38861), min=  3.0452639055147301e+00 (rank 105626), avr=  1.3560363349892217e+01, max-min=  1.0517905765518663e+01
end_of_step   : max=  1.3563233480002964e+01 (rank 38861), min=  3.0452815420685511e+00 (rank 105626), avr=  1.3560424129262305e+01, max-min=  1.0517951937934413e+01

step 9:
begin_of_step : max=  1.3750183813797776e+01 (rank 0), min=  3.0816300889673585e+00 (rank 105624), avr=  1.3723378972383617e+01, max-min=  1.0668553724830417e+01
before_reduce : max=  1.3988401865513879e+01 (rank 54288), min=  3.1292793193097168e+00 (rank 105624), avr=  1.3938666501967488e+01, max-min=  1.0859122546204162e+01
after_reduce  : max=  1.4000559697946301e+01 (rank 16307), min=  3.1410481006896589e+00 (rank 105626), avr=  1.3990317956541295e+01, max-min=  1.0859511597256642e+01
end_of_step   : max=  1.4000619860686129e+01 (rank 16307), min=  3.1410653910352266e+00 (rank 105626), avr=  1.3990378983061365e+01, max-min=  1.0859554469650902e+01

step 10:
begin_of_step : max=  1.4200375210348284e+01 (rank 0), min=  3.1824092213792028e+00 (rank 105624), avr=  1.4175747082711119e+01, max-min=  1.1017965988969081e+01
before_reduce : max=  1.4441069064137992e+01 (rank 54288), min=  3.2297801517233893e+00 (rank 105624), avr=  1.4389981997029274e+01, max-min=  1.1211288912414602e+01
after_reduce  : max=  1.4451175153779332e+01 (rank 16151), min=  3.2418833027586516e+00 (rank 105626), avr=  1.4442932804446572e+01, max-min=  1.1209291851020680e+01
end_of_step   : max=  1.4451237836561631e+01 (rank 16151), min=  3.2419014668957971e+00 (rank 105626), avr=  1.4442993693127489e+01, max-min=  1.1209336369665834e+01

step 11:
begin_of_step : max=  1.4684639426210197e+01 (rank 0), min=  3.2900658144826593e+00 (rank 105626), avr=  1.4659016317495352e+01, max-min=  1.1394573611727537e+01
before_reduce : max=  1.4917310755161452e+01 (rank 54288), min=  3.3376163420689409e+00 (rank 105624), avr=  1.4873977303323560e+01, max-min=  1.1579694413092511e+01
after_reduce  : max=  1.4929747004847741e+01 (rank 15787), min=  3.3479950937908143e+00 (rank 105626), avr=  1.4919162123793056e+01, max-min=  1.1581751911056926e+01
end_of_step   : max=  1.4929811256559333e+01 (rank 15787), min=  3.3480120951717254e+00 (rank 105626), avr=  1.4919222968593187e+01, max-min=  1.1581799161387607e+01

step 12:
begin_of_step : max=  1.5183889430336421e+01 (rank 0), min=  3.4010589986210107e+00 (rank 105624), avr=  1.5157039178123949e+01, max-min=  1.1782830431715411e+01
before_reduce : max=  1.5413988038621028e+01 (rank 54287), min=  3.4480955524159072e+00 (rank 105624), avr=  1.5369812899584272e+01, max-min=  1.1965892486205121e+01
after_reduce  : max=  1.5419223897231859e+01 (rank 148929), min=  3.4586107365503267e+00 (rank 105626), avr=  1.5415552709724528e+01, max-min=  1.1960613160681532e+01
end_of_step   : max=  1.5419283663446549e+01 (rank 148929), min=  3.4586278324131854e+00 (rank 105626), avr=  1.5415613471211575e+01, max-min=  1.1960655831033364e+01

step 13:
begin_of_step : max=  1.5578760166215943e+01 (rank 0), min=  3.4893679641390918e+00 (rank 105624), avr=  1.5554024876574481e+01, max-min=  1.2089392202076851e+01
before_reduce : max=  1.5809882333793212e+01 (rank 54288), min=  3.5367146510361636e+00 (rank 105624), avr=  1.5766810841361329e+01, max-min=  1.2273167682757048e+01
after_reduce  : max=  1.5814512210345129e+01 (rank 38861), min=  3.5468182965523738e+00 (rank 105626), avr=  1.5811649356168161e+01, max-min=  1.2267693913792755e+01
end_of_step   : max=  1.5814575351731037e+01 (rank 38861), min=  3.5468357110330544e+00 (rank 105626), avr=  1.5811710174063881e+01, max-min=  1.2267739640697982e+01

step 14:
begin_of_step : max=  1.5950101852416992e+01 (rank 0), min=  3.5719131820696930e+00 (rank 105626), avr=  1.5923976152444681e+01, max-min=  1.2378188670347299e+01
before_reduce : max=  1.6184795993787702e+01 (rank 54288), min=  3.6194142703461694e+00 (rank 105624), avr=  1.6139650149609945e+01, max-min=  1.2565381723441533e+01
after_reduce  : max=  1.6193885984830558e+01 (rank 15541), min=  3.6302763186213269e+00 (rank 105624), avr=  1.6186639272650854e+01, max-min=  1.2563609666209231e+01
end_of_step   : max=  1.6193953051726567e+01 (rank 15541), min=  3.6302931496575184e+00 (rank 105624), avr=  1.6186700025322953e+01, max-min=  1.2563659902069048e+01

step 15:
begin_of_step : max=  1.6404351504141232e+01 (rank 0), min=  3.6726458972407272e+00 (rank 105626), avr=  1.6376729145821049e+01, max-min=  1.2731705606900505e+01
before_reduce : max=  1.6628222847575671e+01 (rank 54288), min=  3.7193418834503973e+00 (rank 105624), avr=  1.6588433237282327e+01, max-min=  1.2908880964125274e+01
after_reduce  : max=  1.6634136203443632e+01 (rank 15945), min=  3.7289913751701533e+00 (rank 105626), avr=  1.6630108424977546e+01, max-min=  1.2905144828273478e+01
end_of_step   : max=  1.6634202271030517e+01 (rank 15945), min=  3.7290085999993607e+00 (rank 105626), avr=  1.6630169295248397e+01, max-min=  1.2905193671031157e+01

step 16:
begin_of_step : max=  1.6850006224151002e+01 (rank 0), min=  3.7732229468965670e+00 (rank 105624), avr=  1.6828524421558789e+01, max-min=  1.3076783277254435e+01
before_reduce : max=  1.7082886492411490e+01 (rank 54293), min=  3.8198707462070161e+00 (rank 105624), avr=  1.7039155097458266e+01, max-min=  1.3263015746204474e+01
after_reduce  : max=  1.7087296876547043e+01 (rank 38861), min=  3.8301341593105462e+00 (rank 105626), avr=  1.7084357978143530e+01, max-min=  1.3257162717236497e+01
end_of_step   : max=  1.7087359057928552e+01 (rank 38861), min=  3.8301517213767511e+00 (rank 105626), avr=  1.7084418855688376e+01, max-min=  1.3257207336551801e+01

step 17:
begin_of_step : max=  1.7258892426209059e+01 (rank 0), min=  3.8632294413800992e+00 (rank 105624), avr=  1.7232884663685372e+01, max-min=  1.3395662984828959e+01
before_reduce : max=  1.7484529941371875e+01 (rank 54288), min=  3.9107871268970484e+00 (rank 105624), avr=  1.7448305562129352e+01, max-min=  1.3573742814474826e+01
after_reduce  : max=  1.7491453105525579e+01 (rank 15241), min=  3.9195852579287020e+00 (rank 105626), avr=  1.7486290684400647e+01, max-min=  1.3571867847596877e+01
end_of_step   : max=  1.7491519573115511e+01 (rank 15241), min=  3.9196026144818461e+00 (rank 105626), avr=  1.7486351580208272e+01, max-min=  1.3571916958633665e+01

step 18:
begin_of_step : max=  1.7621425790362991e+01 (rank 0), min=  3.9437845413776813e+00 (rank 105626), avr=  1.7595504560153746e+01, max-min=  1.3677641248985310e+01
before_reduce : max=  1.7840736921367352e+01 (rank 54288), min=  3.9905722482762940e+00 (rank 105624), avr=  1.7806934927322608e+01, max-min=  1.3850164673091058e+01
after_reduce  : max=  1.7846156560000964e+01 (rank 48145), min=  3.9987999579316238e+00 (rank 105626), avr=  1.7842483429720886e+01, max-min=  1.3847356602069340e+01
end_of_step   : max=  1.7846217194484780e+01 (rank 48145), min=  3.9988171710319875e+00 (rank 105626), avr=  1.7842544145518726e+01, max-min=  1.3847400023452792e+01

step 19:
begin_of_step : max=  1.8049158913810970e+01 (rank 0), min=  4.0387956889644556e+00 (rank 105626), avr=  1.8022119563683049e+01, max-min=  1.4010363224846515e+01
before_reduce : max=  1.8281337924141553e+01 (rank 54287), min=  4.0866754137932730e+00 (rank 105624), avr=  1.8238666106374836e+01, max-min=  1.4194662510348280e+01
after_reduce  : max=  1.8285916022752644e+01 (rank 142797), min=  4.0967855262060766e+00 (rank 105626), avr=  1.8282949579022343e+01, max-min=  1.4189130496546568e+01
end_of_step   : max=  1.8285979380001663e+01 (rank 38861), min=  4.0968027068956872e+00 (rank 105626), avr=  1.8283010343385250e+01, max-min=  1.4189176673105976e+01

step 20:
begin_of_step : max=  1.8458996266213944e+01 (rank 0), min=  4.1295438855158864e+00 (rank 105626), avr=  1.8430045669155124e+01, max-min=  1.4329452380698058e+01
before_reduce : max=  1.8684263231712976e+01 (rank 54288), min=  4.1767565255177033e+00 (rank 105624), avr=  1.8643906666646089e+01, max-min=  1.4507506706195272e+01
after_reduce  : max=  1.8696984494483331e+01 (rank 15213), min=  4.1864328213814588e+00 (rank 105624), avr=  1.8685998688557326e+01, max-min=  1.4510551673101872e+01
end_of_step   : max=  1.8697043465508614e+01 (rank 15213), min=  4.1864493937937368e+00 (rank 105624), avr=  1.8686059441995294e+01, max-min=  1.4510594071714877e+01

step 21:
begin_of_step : max=  1.8864997633791063e+01 (rank 0), min=  4.2205805937919649e+00 (rank 105626), avr=  1.8839344381567098e+01, max-min=  1.4644417039999098e+01
before_reduce : max=  1.9106793927581748e+01 (rank 54288), min=  4.2680869206888019e+00 (rank 105624), avr=  1.9054070349499746e+01, max-min=  1.4838707006892946e+01
after_reduce  : max=  1.9114248309662798e+01 (rank 15235), min=  4.2804289703453833e+00 (rank 105626), avr=  1.9108626393918211e+01, max-min=  1.4833819339317415e+01
end_of_step   : max=  1.9114310442062560e+01 (rank 15235), min=  4.2804466289635457e+00 (rank 105626), avr=  1.9108687367509450e+01, max-min=  1.4833863813099015e+01

step 22:
begin_of_step : max=  1.9286555070342729e+01 (rank 0), min=  4.3142095455186791e+00 (rank 105624), avr=  1.9260190831121630e+01, max-min=  1.4972345524824050e+01
before_reduce : max=  1.9518500505510019e+01 (rank 54288), min=  4.3601947062088584e+00 (rank 105624), avr=  1.9468564287080127e+01, max-min=  1.5158305799301161e+01
after_reduce  : max=  1.9526516254481976e+01 (rank 102473), min=  4.3719713903446973e+00 (rank 105626), avr=  1.9520213188553633e+01, max-min=  1.5154544864137279e+01
end_of_step   : max=  1.9526578865523334e+01 (rank 102473), min=  4.3719890793108789e+00 (rank 105626), avr=  1.9520274098213598e+01, max-min=  1.5154589786212455e+01

step 23:
begin_of_step : max=  1.9756231253792066e+01 (rank 0), min=  4.4182922627587686e+00 (rank 105624), avr=  1.9728184365473084e+01, max-min=  1.5337938991033297e+01
before_reduce : max=  1.9991365439302172e+01 (rank 54288), min=  4.4661761613788258e+00 (rank 105624), avr=  1.9945003777462880e+01, max-min=  1.5525189277923346e+01
after_reduce  : max=  1.9996128523445805e+01 (rank 38861), min=  4.4771773875836516e+00 (rank 105626), avr=  1.9993092069468794e+01, max-min=  1.5518951135862153e+01
end_of_step   : max=  1.9996193857936305e+01 (rank 38861), min=  4.4771952358605631e+00 (rank 105626), avr=  1.9993152923713282e+01, max-min=  1.5518998622075742e+01

step 24:
begin_of_step : max=  2.0143982310342835e+01 (rank 0), min=  4.5047096999987843e+00 (rank 105626), avr=  2.0116719944399676e+01, max-min=  1.5639272610344051e+01
before_reduce : max=  2.0372134221368469e+01 (rank 54288), min=  4.5518051206890959e+00 (rank 105624), avr=  2.0330158231729420e+01, max-min=  1.5820329100679373e+01
after_reduce  : max=  2.0377391847592662e+01 (rank 116609), min=  4.5618419875863765e+00 (rank 105624), avr=  2.0373820455300088e+01, max-min=  1.5815549860006286e+01
end_of_step   : max=  2.0377454171728459e+01 (rank 116609), min=  4.5618586055170454e+00 (rank 105624), avr=  2.0373881225946047e+01, max-min=  1.5815595566211414e+01

step 25:
begin_of_step : max=  2.0550807440013159e+01 (rank 0), min=  4.5952551255177241e+00 (rank 105624), avr=  2.0523968485535239e+01, max-min=  1.5955552314495435e+01
before_reduce : max=  2.0790375981378020e+01 (rank 54288), min=  4.6420060910350003e+00 (rank 105624), avr=  2.0735898906446021e+01, max-min=  1.6148369890343020e+01
after_reduce  : max=  2.0803298719314625e+01 (rank 17131), min=  4.6548284241362126e+00 (rank 105626), avr=  2.0792023678388912e+01, max-min=  1.6148470295178413e+01
end_of_step   : max=  2.0803365048283013e+01 (rank 17131), min=  4.6548455482734425e+00 (rank 105626), avr=  2.0792084503467226e+01, max-min=  1.6148519500009570e+01

step 26:
begin_of_step : max=  2.0942944831738714e+01 (rank 0), min=  4.6824704793107230e+00 (rank 105626), avr=  2.0916291059635771e+01, max-min=  1.6260474352427991e+01
before_reduce : max=  2.1172844034474110e+01 (rank 54293), min=  4.7300710124145553e+00 (rank 105624), avr=  2.1132041819431826e+01, max-min=  1.6442773022059555e+01
after_reduce  : max=  2.1182749830360990e+01 (rank 16235), min=  4.7398517758629168e+00 (rank 105624), avr=  2.1174498988656527e+01, max-min=  1.6442898054498073e+01
end_of_step   : max=  2.1182809552410617e+01 (rank 16235), min=  4.7398683813808020e+00 (rank 105624), avr=  2.1174559695727261e+01, max-min=  1.6442941171029815e+01

step 27:
begin_of_step : max=  2.1387807940016501e+01 (rank 0), min=  4.7814106565492693e+00 (rank 105626), avr=  2.1361170644588732e+01, max-min=  1.6606397283467231e+01
before_reduce : max=  2.1613388451718492e+01 (rank 54288), min=  4.8281791186200280e+00 (rank 105624), avr=  2.1572965071895730e+01, max-min=  1.6785209333098464e+01
after_reduce  : max=  2.1625849680684041e+01 (rank 16005), min=  4.8378213468968170e+00 (rank 105626), avr=  2.1615074491054269e+01, max-min=  1.6788028333787224e+01
end_of_step   : max=  2.1625910592410946e+01 (rank 16005), min=  4.8378383606905118e+00 (rank 105626), avr=  2.1615135337186512e+01, max-min=  1.6788072231720435e+01

step 28:
begin_of_step : max=  2.1785530444147298e+01 (rank 0), min=  4.8702036834474711e+00 (rank 105624), avr=  2.1760470058356123e+01, max-min=  1.6915326760699827e+01
before_reduce : max=  2.2020122253787122e+01 (rank 54288), min=  4.9165368910362304e+00 (rank 105624), avr=  2.1970732877936033e+01, max-min=  1.7103585362750891e+01
after_reduce  : max=  2.2032167321362067e+01 (rank 16107), min=  4.9282448441372253e+00 (rank 105626), avr=  2.2021809043134930e+01, max-min=  1.7103922477224842e+01
end_of_step   : max=  2.2032227958610747e+01 (rank 16107), min=  4.9282620303456497e+00 (rank 105626), avr=  2.2021869969547563e+01, max-min=  1.7103965928265097e+01

step 29:
begin_of_step : max=  2.2274894380010664e+01 (rank 0), min=  4.9786046600020200e+00 (rank 105624), avr=  2.2247951740972056e+01, max-min=  1.7296289720008645e+01
before_reduce : max=  2.2500202285504201e+01 (rank 54288), min=  5.0247733600008360e+00 (rank 105624), avr=  2.2456908633331409e+01, max-min=  1.7475428925503365e+01
after_reduce  : max=  2.2509739462751895e+01 (rank 135763), min=  5.0350262475840282e+00 (rank 105626), avr=  2.2501814775868432e+01, max-min=  1.7474713215167867e+01
end_of_step   : max=  2.2509799115854548e+01 (rank 135763), min=  5.0350441275841149e+00 (rank 105626), avr=  2.2501875714297714e+01, max-min=  1.7474754988270433e+01

step 30:
begin_of_step : max=  2.2725219184154412e+01 (rank 0), min=  5.0780438931033132e+00 (rank 105626), avr=  2.2694992022626661e+01, max-min=  1.7647175291051099e+01
before_reduce : max=  2.2955081767577212e+01 (rank 54288), min=  5.1263603337938548e+00 (rank 105624), avr=  2.2913497401358757e+01, max-min=  1.7828721433783357e+01
after_reduce  : max=  2.2960795387582039e+01 (rank 38861), min=  5.1364309165510349e+00 (rank 105626), avr=  2.2957660869925572e+01, max-min=  1.7824364471031004e+01
end_of_step   : max=  2.2960857452417258e+01 (rank 38861), min=  5.1364485889644129e+00 (rank 105626), avr=  2.2957721613203780e+01, max-min=  1.7824408863452845e+01

step 31:
begin_of_step : max=  2.3217259760014713e+01 (rank 0), min=  5.1888252924145490e+00 (rank 105624), avr=  2.3192857033070400e+01, max-min=  1.8028434467600164e+01
before_reduce : max=  2.3451860624132678e+01 (rank 54288), min=  5.2358177482747124e+00 (rank 105624), avr=  2.3405824626295178e+01, max-min=  1.8216042875857966e+01
after_reduce  : max=  2.3462452565494459e+01 (rank 16515), min=  5.2467715137936466e+00 (rank 105626), avr=  2.3453498601913822e+01, max-min=  1.8215681051700813e+01
end_of_step   : max=  2.3462511502759298e+01 (rank 16515), min=  5.2467892200002098e+00 (rank 105624), avr=  2.3453559375768219e+01, max-min=  1.8215722282759089e+01

step 32:
begin_of_step : max=  2.3623035939992405e+01 (rank 0), min=  5.2774290662055137e+00 (rank 105626), avr=  2.3592352296294141e+01, max-min=  1.8345606873786892e+01
before_reduce : max=  2.3857985184135032e+01 (rank 54288), min=  5.3258086627574812e+00 (rank 105624), avr=  2.3810137997826960e+01, max-min=  1.8532176521377551e+01
after_reduce  : max=  2.3871032802737318e+01 (rank 15683), min=  5.3370789544824220e+00 (rank 105626), avr=  2.3859554297794858e+01, max-min=  1.8533953848254896e+01
end_of_step   : max=  2.3871094045520294e+01 (rank 15683), min=  5.3370961758628255e+00 (rank 105626), avr=  2.3859615140124887e+01, max-min=  1.8533997869657469e+01

step 33:
begin_of_step : max=  2.4007804506225511e+01 (rank 0), min=  5.3641362213784305e+00 (rank 105626), avr=  2.3981049167942800e+01, max-min=  1.8643668284847081e+01
before_reduce : max=  2.4240640501375310e+01 (rank 54288), min=  5.4118123241387366e+00 (rank 105624), avr=  2.4197095654771029e+01, max-min=  1.8828828177236574e+01
after_reduce  : max=  2.4247884059295757e+01 (rank 15865), min=  5.4221685648299172e+00 (rank 105624), avr=  2.4242278622713719e+01, max-min=  1.8825715494465840e+01
end_of_step   : max=  2.4247945201379480e+01 (rank 15865), min=  5.4221853496565018e+00 (rank 105624), avr=  2.4242339622465046e+01, max-min=  1.8825759851722978e+01

step 34:
begin_of_step : max=  2.4392719299998134e+01 (rank 0), min=  5.4493747558626637e+00 (rank 105626), avr=  2.4364489529539128e+01, max-min=  1.8943344544135471e+01
before_reduce : max=  2.4614627975868643e+01 (rank 54287), min=  5.4963500255180406e+00 (rank 105624), avr=  2.4577445608576088e+01, max-min=  1.9118277950350603e+01
after_reduce  : max=  2.4628616418602178e+01 (rank 16345), min=  5.5052580000010494e+00 (rank 105624), avr=  2.4616126726912579e+01, max-min=  1.9123358418601129e+01
end_of_step   : max=  2.4628684458613861e+01 (rank 16345), min=  5.5052745682769455e+00 (rank 105624), avr=  2.4616187634095322e+01, max-min=  1.9123409890336916e+01

step 35:
begin_of_step : max=  2.4828703484148718e+01 (rank 0), min=  5.5461064668961626e+00 (rank 105626), avr=  2.4799680332543765e+01, max-min=  1.9282597017252556e+01
before_reduce : max=  2.5056958435161505e+01 (rank 54288), min=  5.5942642565532879e+00 (rank 105624), avr=  2.5017764403597415e+01, max-min=  1.9462694178608217e+01
after_reduce  : max=  2.5070675324837794e+01 (rank 69565), min=  5.6036047434499778e+00 (rank 105624), avr=  2.5058495663464353e+01, max-min=  1.9467070581387816e+01
end_of_step   : max=  2.5070739855174907e+01 (rank 69565), min=  5.6036211358623405e+00 (rank 105624), avr=  2.5058556516054828e+01, max-min=  1.9467118719312566e+01

step 36:
begin_of_step : max=  2.5309441904129926e+01 (rank 0), min=  5.6541092151746852e+00 (rank 105624), avr=  2.5285387642287073e+01, max-min=  1.9655332688955241e+01
before_reduce : max=  2.5536715235168231e+01 (rank 54293), min=  5.7003195606885129e+00 (rank 105624), avr=  2.5494826585059226e+01, max-min=  1.9836395674479718e+01
after_reduce  : max=  2.5541895483474946e+01 (rank 16753), min=  5.7102875248274358e+00 (rank 105626), avr=  2.5538189658512941e+01, max-min=  1.9831607958647510e+01
end_of_step   : max=  2.5541961892420659e+01 (rank 16753), min=  5.7103048579301685e+00 (rank 105626), avr=  2.5538250448096527e+01, max-min=  1.9831657034490490e+01

step 37:
begin_of_step : max=  2.5781684260000475e+01 (rank 0), min=  5.7579830565518932e+00 (rank 105624), avr=  2.5752450140161276e+01, max-min=  2.0023701203448582e+01
before_reduce : max=  2.6007680105511099e+01 (rank 54288), min=  5.8056668379322218e+00 (rank 105624), avr=  2.5967930664837915e+01, max-min=  2.0202013267578877e+01
after_reduce  : max=  2.6012436276534572e+01 (rank 5471), min=  5.8150432358597755e+00 (rank 105626), avr=  2.6009173621378611e+01, max-min=  2.0197393040674797e+01
end_of_step   : max=  2.6012496862065746e+01 (rank 5471), min=  5.8150605551745684e+00 (rank 105624), avr=  2.6009234461822487e+01, max-min=  2.0197436306891177e+01

step 38:
begin_of_step : max=  2.6190115273784613e+01 (rank 0), min=  5.8493934406906192e+00 (rank 105626), avr=  2.6163507941091293e+01, max-min=  2.0340721833093994e+01
before_reduce : max=  2.6417699485507910e+01 (rank 54288), min=  5.8964549434494984e+00 (rank 105624), avr=  2.6376759287002113e+01, max-min=  2.0521244542058412e+01
after_reduce  : max=  2.6423746747605037e+01 (rank 16259), min=  5.9062147220683983e+00 (rank 105626), avr=  2.6419208751228908e+01, max-min=  2.0517532025536639e+01
end_of_step   : max=  2.6423812786204508e+01 (rank 16259), min=  5.9062323882753844e+00 (rank 105626), avr=  2.6419269643320668e+01, max-min=  2.0517580397929123e+01

step 39:
begin_of_step : max=  2.6609595553803956e+01 (rank 0), min=  5.9424220172404603e+00 (rank 105624), avr=  2.6581954391794007e+01, max-min=  2.0667173536563496e+01
before_reduce : max=  2.6835652073801612e+01 (rank 54287), min=  5.9889935206920200e+00 (rank 105624), avr=  2.6793288391559276e+01, max-min=  2.0846658553109592e+01
after_reduce  : max=  2.6845853991035256e+01 (rank 49381), min=  5.9991201579287008e+00 (rank 105626), avr=  2.6837116186118266e+01, max-min=  2.0846733833106555e+01
end_of_step   : max=  2.6845914070334402e+01 (rank 49381), min=  5.9991380268947978e+00 (rank 105626), avr=  2.6837177145378874e+01, max-min=  2.0846776043439604e+01

step 40:
begin_of_step : max=  2.7046736686199438e+01 (rank 0), min=  6.0397357531037414e+00 (rank 105626), avr=  2.7019679781370588e+01, max-min=  2.1007000933095696e+01
before_reduce : max=  2.7273077794481651e+01 (rank 54293), min=  6.0872559572417231e+00 (rank 105624), avr=  2.7234879050400306e+01, max-min=  2.1185821837239928e+01
after_reduce  : max=  2.7283334547581035e+01 (rank 49607), min=  6.0963384737915476e+00 (rank 105626), avr=  2.7274345932936402e+01, max-min=  2.1186996073789487e+01
end_of_step   : max=  2.7283393929654267e+01 (rank 49607), min=  6.0963562103424920e+00 (rank 105626), avr=  2.7274406808095829e+01, max-min=  2.1187037719311775e+01

step 41:
begin_of_step : max=  2.7487584044138202e+01 (rank 0), min=  6.1373202317226969e+00 (rank 105626), avr=  2.7459126223702789e+01, max-min=  2.1350263812415506e+01
before_reduce : max=  2.7707503378624097e+01 (rank 136241), min=  6.1846610441389203e+00 (rank 105624), avr=  2.7672613685925825e+01, max-min=  2.1522842334485176e+01
after_reduce  : max=  2.7718942215171410e+01 (rank 48937), min=  6.1929512234491995e+00 (rank 105624), avr=  2.7708854878355844e+01, max-min=  2.1525990991722210e+01
end_of_step   : max=  2.7719008382060565e+01 (rank 16169), min=  6.1929680931025359e+00 (rank 105624), avr=  2.7708915766993655e+01, max-min=  2.1526040288958029e+01

step 42:
begin_of_step : max=  2.7901297866221284e+01 (rank 0), min=  6.2296361282751604e+00 (rank 105626), avr=  2.7873730371798249e+01, max-min=  2.1671661737946124e+01
before_reduce : max=  2.8127994719310664e+01 (rank 54293), min=  6.2764825117264991e+00 (rank 105624), avr=  2.8085992502186695e+01, max-min=  2.1851512207584165e+01
after_reduce  : max=  2.8132850717942347e+01 (rank 116609), min=  6.2864561013775528e+00 (rank 105626), avr=  2.8129442180783872e+01, max-min=  2.1846394616564794e+01
end_of_step   : max=  2.8132909991734778e+01 (rank 116609), min=  6.2864731082736398e+00 (rank 105626), avr=  2.8129502959589697e+01, max-min=  2.1846436883461138e+01

step 43:
begin_of_step : max=  2.8288990596542135e+01 (rank 0), min=  6.3156314117259171e+00 (rank 105624), avr=  2.8260772057747541e+01, max-min=  2.1973359184816218e+01
before_reduce : max=  2.8524563457918703e+01 (rank 54288), min=  6.3636294793104753e+00 (rank 105624), avr=  2.8478258349403443e+01, max-min=  2.2160933978608227e+01
after_reduce  : max=  2.8536735943460371e+01 (rank 17085), min=  6.3745984848283115e+00 (rank 105626), avr=  2.8526046138785478e+01, max-min=  2.2162137458632060e+01
end_of_step   : max=  2.8536802726215683e+01 (rank 17085), min=  6.3746158337926317e+00 (rank 105626), avr=  2.8526106928912522e+01, max-min=  2.2162186892423051e+01

step 44:
begin_of_step : max=  2.8690812464134069e+01 (rank 0), min=  6.4054694931037375e+00 (rank 105624), avr=  2.8664843971807116e+01, max-min=  2.2285342971030332e+01
before_reduce : max=  2.8923017184133641e+01 (rank 54288), min=  6.4518570110340079e+00 (rank 105624), avr=  2.8875001984926168e+01, max-min=  2.2471160173099634e+01
after_reduce  : max=  2.8936055422760546e+01 (rank 86471), min=  6.4631294055179751e+00 (rank 105626), avr=  2.8924445025452997e+01, max-min=  2.2472926017242571e+01
end_of_step   : max=  2.8936115951728425e+01 (rank 86471), min=  6.4631468241386756e+00 (rank 105626), avr=  2.8924505771129869e+01, max-min=  2.2472969127589749e+01

step 45:
begin_of_step : max=  2.9090636820008513e+01 (rank 0), min=  6.4942525889637182e+00 (rank 105626), avr=  2.9064336214043493e+01, max-min=  2.2596384231044794e+01
before_reduce : max=  2.9320021050341893e+01 (rank 54288), min=  6.5415574172402557e+00 (rank 105624), avr=  2.9278949052184508e+01, max-min=  2.2778463633101637e+01
after_reduce  : max=  2.9327438504144084e+01 (rank 16645), min=  6.5513694441360713e+00 (rank 105626), avr=  2.9321533622040818e+01, max-min=  2.2776069060008012e+01
end_of_step   : max=  2.9333342746191192e+01 (rank 16993), min=  6.5513869648275431e+00 (rank 105626), avr=  2.9321594610376781e+01, max-min=  2.2781955781363649e+01

step 46:
begin_of_step : max=  2.9545214610348921e+01 (rank 0), min=  6.5951472372435092e+00 (rank 105624), avr=  2.9518330619433176e+01, max-min=  2.2950067373105412e+01
before_reduce : max=  2.9773091351715266e+01 (rank 54288), min=  6.6419566255171958e+00 (rank 105624), avr=  2.9730363068173641e+01, max-min=  2.3131134726198070e+01
after_reduce  : max=  2.9786755991735845e+01 (rank 86089), min=  6.6520774786185939e+00 (rank 105626), avr=  2.9774525430545310e+01, max-min=  2.3134678513117251e+01
end_of_step   : max=  2.9786818363456405e+01 (rank 86089), min=  6.6520947717217496e+00 (rank 105626), avr=  2.9774586312380375e+01, max-min=  2.3134723591734655e+01

step 47:
begin_of_step : max=  2.9975036953808740e+01 (rank 0), min=  6.6903135517241026e+00 (rank 105626), avr=  2.9946337686704613e+01, max-min=  2.3284723402084637e+01
before_reduce : max=  3.0199435972419451e+01 (rank 54287), min=  6.7381232434490812e+00 (rank 105624), avr=  3.0163095514414856e+01, max-min=  2.3461312728970370e+01
after_reduce  : max=  3.0212995247595245e+01 (rank 49353), min=  6.7468257131040446e+00 (rank 105626), avr=  3.0200760882645625e+01, max-min=  2.3466169534491200e+01
end_of_step   : max=  3.0213056988970493e+01 (rank 49353), min=  6.7468435806877096e+00 (rank 105626), avr=  3.0200821660284664e+01, max-min=  2.3466213408282783e+01

step 48:
begin_of_step : max=  3.0423346010356909e+01 (rank 0), min=  6.7899651558618643e+00 (rank 105626), avr=  3.0394457482388272e+01, max-min=  2.3633380854495044e+01
before_reduce : max=  3.0656442065519514e+01 (rank 54287), min=  6.8376977089646971e+00 (rank 105624), avr=  3.0611269173936787e+01, max-min=  2.3818744356554816e+01
after_reduce  : max=  3.0661690860681119e+01 (rank 26601), min=  6.8484331020699756e+00 (rank 105624), avr=  3.0657766842578265e+01, max-min=  2.3813257758611144e+01
end_of_step   : max=  3.0661751208273927e+01 (rank 26601), min=  6.8484493986215966e+00 (rank 105624), avr=  3.0657827576994759e+01, max-min=  2.3813301809652330e+01

step 49:
begin_of_step : max=  3.0784888664144091e+01 (rank 0), min=  6.8707031793092028e+00 (rank 105626), avr=  3.0757898328352599e+01, max-min=  2.3914185484834888e+01
before_reduce : max=  3.1014027899305802e+01 (rank 54288), min=  6.9183221662060532e+00 (rank 105624), avr=  3.0973370251218849e+01, max-min=  2.4095705733099749e+01
after_reduce  : max=  3.1024666024139151e+01 (rank 135757), min=  6.9278898841366754e+00 (rank 105626), avr=  3.1015364117788579e+01, max-min=  2.4096776140002476e+01
end_of_step   : max=  3.1024727822063142e+01 (rank 135757), min=  6.9279071882738208e+00 (rank 105626), avr=  3.1015424954234344e+01, max-min=  2.4096820633789321e+01

step 50:
begin_of_step : max=  3.1259332960005850e+01 (rank 0), min=  6.9760730379312008e+00 (rank 105624), avr=  3.1232000625750917e+01, max-min=  2.4283259922074649e+01
before_reduce : max=  3.1488916612404864e+01 (rank 54288), min=  7.0230479468955309e+00 (rank 105624), avr=  3.1444579954252998e+01, max-min=  2.4465868665509333e+01
after_reduce  : max=  3.1499054874482681e+01 (rank 48425), min=  7.0334731606890273e+00 (rank 105626), avr=  3.1490284893730866e+01, max-min=  2.4465581713793654e+01
end_of_step   : max=  3.1499117272411240e+01 (rank 48425), min=  7.0334904662086046e+00 (rank 105624), avr=  3.1490345680107108e+01, max-min=  2.4465626806202636e+01

step 51:
begin_of_step : max=  3.1659207204153063e+01 (rank 0), min=  7.0652985786182398e+00 (rank 105626), avr=  3.1633304399090452e+01, max-min=  2.4593908625534823e+01
before_reduce : max=  3.1893424686219078e+01 (rank 54287), min=  7.1127247193107905e+00 (rank 105624), avr=  3.1848253405248013e+01, max-min=  2.4780699966908287e+01
after_reduce  : max=  3.1901582264137687e+01 (rank 16891), min=  7.1232695593098470e+00 (rank 105624), avr=  3.1894322912846508e+01, max-min=  2.4778312704827840e+01
end_of_step   : max=  3.1901640811731340e+01 (rank 16891), min=  7.1232861896569375e+00 (rank 105624), avr=  3.1894383751872340e+01, max-min=  2.4778354622074403e+01

step 52:
begin_of_step : max=  3.2051215490355389e+01 (rank 0), min=  7.1521312944823876e+00 (rank 105626), avr=  3.2024076627580520e+01, max-min=  2.4899084195873002e+01
before_reduce : max=  3.2282243939305772e+01 (rank 54288), min=  7.1989334468962625e+00 (rank 105624), avr=  3.2236380321936473e+01, max-min=  2.5083310492409510e+01
after_reduce  : max=  3.2293610397930024e+01 (rank 16117), min=  7.2097769503452582e+00 (rank 105626), avr=  3.2283646308435280e+01, max-min=  2.5083833447584766e+01
end_of_step   : max=  3.2293674946879037e+01 (rank 16117), min=  7.2097947213769658e+00 (rank 105626), avr=  3.2283707156083608e+01, max-min=  2.5083880225502071e+01

step 53:
begin_of_step : max=  3.2453065000008792e+01 (rank 0), min=  7.2413437675859313e+00 (rank 105624), avr=  3.2425574254578677e+01, max-min=  2.5211721232422860e+01
before_reduce : max=  3.2680158733113785e+01 (rank 54287), min=  7.2891145289650012e+00 (rank 105624), avr=  3.2642141413284698e+01, max-min=  2.5391044204148784e+01
after_reduce  : max=  3.2685475672420580e+01 (rank 116609), min=  7.2981482558607240e+00 (rank 105626), avr=  3.2681389367034569e+01, max-min=  2.5387327416559856e+01
end_of_step   : max=  3.2685534108284628e+01 (rank 116609), min=  7.2981658158605569e+00 (rank 105626), avr=  3.2681450246936919e+01, max-min=  2.5387368292424071e+01

step 54:
begin_of_step : max=  3.2861793664138531e+01 (rank 0), min=  7.3326973048278887e+00 (rank 105624), avr=  3.2836722265391799e+01, max-min=  2.5529096359310643e+01
before_reduce : max=  3.3093106351036113e+01 (rank 54293), min=  7.3798700951738283e+00 (rank 105624), avr=  3.3050945978074409e+01, max-min=  2.5713236255862284e+01
after_reduce  : max=  3.3100496342070983e+01 (rank 48257), min=  7.3899218620681495e+00 (rank 105626), avr=  3.3094431691235734e+01, max-min=  2.5710574480002833e+01
end_of_step   : max=  3.3100555386903579e+01 (rank 48257), min=  7.3899392958628596e+00 (rank 105626), avr=  3.3094492444108724e+01, max-min=  2.5710616091040720e+01

step 55:
begin_of_step : max=  3.3224521537922556e+01 (rank 0), min=  7.4131051993099391e+00 (rank 105624), avr=  3.3198727070097938e+01, max-min=  2.5811416338612617e+01
before_reduce : max=  3.3451512425512192e+01 (rank 54288), min=  7.4605411986194667e+00 (rank 105624), avr=  3.3413764423649297e+01, max-min=  2.5990971226892725e+01
after_reduce  : max=  3.3456934419999016e+01 (rank 47561), min=  7.4695181703427806e+00 (rank 105626), avr=  3.3452875154546000e+01, max-min=  2.5987416249656235e+01
end_of_step   : max=  3.3456994021369610e+01 (rank 47561), min=  7.4695357896525820e+00 (rank 105626), avr=  3.3452935900864318e+01, max-min=  2.5987458231717028e+01

step 56:
begin_of_step : max=  3.3679936239990639e+01 (rank 0), min=  7.5150048593095562e+00 (rank 105626), avr=  3.3657448280176588e+01, max-min=  2.6164931380681082e+01
before_reduce : max=  3.3907274879296892e+01 (rank 54288), min=  7.5601771579313208e+00 (rank 105624), avr=  3.3862036708917458e+01, max-min=  2.6347097721365571e+01
after_reduce  : max=  3.3920302073107450e+01 (rank 48881), min=  7.5707708668960549e+00 (rank 105626), avr=  3.3908607729323506e+01, max-min=  2.6349531206211395e+01
end_of_step   : max=  3.3920366857943009e+01 (rank 48881), min=  7.5707882372407767e+00 (rank 105626), avr=  3.3908668547749663e+01, max-min=  2.6349578620702232e+01

step 57:
begin_of_step : max=  3.4092489173810463e+01 (rank 0), min=  7.6056141586195736e+00 (rank 105626), avr=  3.4065283109420839e+01, max-min=  2.6486875015190890e+01
before_reduce : max=  3.4326542984126718e+01 (rank 54288), min=  7.6520692882768344e+00 (rank 105624), avr=  3.4276084931596792e+01, max-min=  2.6674473695849883e+01
after_reduce  : max=  3.4335649925516918e+01 (rank 16417), min=  7.6639354813814862e+00 (rank 105624), avr=  3.4327909282362732e+01, max-min=  2.6671714444135432e+01
end_of_step   : max=  3.4335715274472022e+01 (rank 16417), min=  7.6639522275872878e+00 (rank 105624), avr=  3.4327970162445524e+01, max-min=  2.6671763046884735e+01

step 58:
begin_of_step : max=  3.4539806376560591e+01 (rank 0), min=  7.7048045703450043e+00 (rank 105626), avr=  3.4511640779668184e+01, max-min=  2.6835001806215587e+01
before_reduce : max=  3.4764015905515407e+01 (rank 54288), min=  7.7522937986213947e+00 (rank 105624), avr=  3.4726615097832529e+01, max-min=  2.7011722106894013e+01
after_reduce  : max=  3.4774838411714882e+01 (rank 16079), min=  7.7611382420691370e+00 (rank 105624), avr=  3.4765296135922490e+01, max-min=  2.7013700169645745e+01
end_of_step   : max=  3.4774897845520172e+01 (rank 16079), min=  7.7611548634486098e+00 (rank 105624), avr=  3.4765356904280296e+01, max-min=  2.7013742982071562e+01

step 59:
begin_of_step : max=  3.4939486764138564e+01 (rank 0), min=  7.7937087668942695e+00 (rank 105626), avr=  3.4911755786412130e+01, max-min=  2.7145777997244295e+01
before_reduce : max=  3.5179322484123986e+01 (rank 54288), min=  7.8415474124158209e+00 (rank 105624), avr=  3.5128663802816931e+01, max-min=  2.7337775071708165e+01
after_reduce  : max=  3.5186422296537785e+01 (rank 15473), min=  7.8534101110344636e+00 (rank 105626), avr=  3.5180592993044030e+01, max-min=  2.7333012185503321e+01
end_of_step   : max=  3.5186489751009503e+01 (rank 15473), min=  7.8534273772420420e+00 (rank 105626), avr=  3.5180653785298176e+01, max-min=  2.7333062373767461e+01

step 60:
begin_of_step : max=  3.5335252664139261e+01 (rank 0), min=  7.8815119813771162e+00 (rank 105626), avr=  3.5307319722234389e+01, max-min=  2.7453740682762145e+01
before_reduce : max=  3.5572213164137793e+01 (rank 54288), min=  7.9295095848283381e+00 (rank 105624), avr=  3.5524133549490607e+01, max-min=  2.7642703579309455e+01
after_reduce  : max=  3.5579322297242470e+01 (rank 15949), min=  7.9406773744813108e+00 (rank 105626), avr=  3.5573466867937682e+01, max-min=  2.7638644922761159e+01
end_of_step   : max=  3.5579387308971491e+01 (rank 15949), min=  7.9406946979288477e+00 (rank 105626), avr=  3.5573527579962665e+01, max-min=  2.7638692611042643e+01

step 61:
begin_of_step : max=  3.5761751117941458e+01 (rank 0), min=  7.9774613427580334e+00 (rank 105626), avr=  3.5738898279420511e+01, max-min=  2.7784289775183424e+01
before_reduce : max=  3.6002823097922374e+01 (rank 54288), min=  8.0233737220696639e+00 (rank 105624), avr=  3.5946994973275324e+01, max-min=  2.7979449375852710e+01
after_reduce  : max=  3.6009160955174593e+01 (rank 116609), min=  8.0363485110319743e+00 (rank 105626), avr=  3.6004095063805444e+01, max-min=  2.7972812444142619e+01
end_of_step   : max=  3.6009221091037034e+01 (rank 116609), min=  8.0363659131035092e+00 (rank 105626), avr=  3.6004155889720046e+01, max-min=  2.7972855177933525e+01

step 62:
begin_of_step : max=  3.6198714610334719e+01 (rank 0), min=  8.0736650062062836e+00 (rank 105626), avr=  3.6171803419480000e+01, max-min=  2.8125049604128435e+01
before_reduce : max=  3.6434328541377909e+01 (rank 54288), min=  8.1207919193111593e+00 (rank 105624), avr=  3.6385762304663253e+01, max-min=  2.8313536622066749e+01
after_reduce  : max=  3.6439698334492277e+01 (rank 16921), min=  8.1322156655151048e+00 (rank 105626), avr=  3.6435549817175044e+01, max-min=  2.8307482668977173e+01
end_of_step   : max=  3.6439762675872771e+01 (rank 16921), min=  8.1322330406874244e+00 (rank 105626), avr=  3.6435610584361385e+01, max-min=  2.8307529635185347e+01

step 63:
begin_of_step : max=  3.6602645066217519e+01 (rank 0), min=  8.1636316820695356e+00 (rank 105624), avr=  3.6576765208098827e+01, max-min=  2.8439013384147984e+01
before_reduce : max=  3.6834143861371558e+01 (rank 54288), min=  8.2096234544842446e+00 (rank 105624), avr=  3.6784884579920828e+01, max-min=  2.8624520406887314e+01
after_reduce  : max=  3.6839124826205079e+01 (rank 128429), min=  8.2210420744813746e+00 (rank 105626), avr=  3.6835415926101156e+01, max-min=  2.8618082751723705e+01
end_of_step   : max=  3.6839186918616178e+01 (rank 128429), min=  8.2210592731025827e+00 (rank 105626), avr=  3.6835476777654492e+01, max-min=  2.8618127645513596e+01

nan-e 0
A) system_grav[i].pos= 0.96838168272359   0.247462963700674    -4.12214188273833e-26 id= 99984303463
A) system_grav[i].pos= 0.968381575295541   0.247463384125055    -4.50859551497216e-26 id= 99984303924
A) system_grav[i].pos= 0.968381467866838   0.247463804547272    -4.38504640250914e-26 id= 99984304385
A) system_grav[i].pos= 0.968381360433743   0.247464224968412    -3.73800088236559e-26 id= 99984304846
A) system_grav[i].pos= 0.968381252995949   0.247464645391369    -5.69471406866236e-26 id= 99984305307
B) system_grav[i].pos= 0.96838168272359   0.247462963700674    -4.12214188273833e-26 id= 99984303463
B) system_grav[i].pos= 0.968381575295541   0.247463384125055    -4.50859551497216e-26 id= 99984303924
B) system_grav[i].pos= 0.968381467866838   0.247463804547272    -4.38504640250914e-26 id= 99984304385
B) system_grav[i].pos= 0.968381360433743   0.247464224968412    -3.73800088236559e-26 id= 99984304846
B) system_grav[i].pos= 0.968381252995949   0.247464645391369    -5.69471406866236e-26 id= 99984305307
C) system_grav[i].pos= 0.999500358336348   0.000188477067539642    -4.12214188273833e-26 id= 99984303463
C) system_grav[i].pos= 0.999500358262634   0.000188911000069673    -4.50859551497216e-26 id= 99984303924
C) system_grav[i].pos= 0.99950035818775   0.000189344930664347    -4.38504640250914e-26 id= 99984304385
C) system_grav[i].pos= 0.999500358108344   0.000189778861302209    -3.73800088236559e-26 id= 99984304846
C) system_grav[i].pos= 0.999500358024835   0.000190212794863257    -5.69471406866236e-26 id= 99984305307
L.x = -1.67184729771997e-25 rel.err. = 125937143.842691
L.y = -4.86685012991386e-26 rel.err. = 107030235.752334
L.z = 4.24209877116431e-10 rel.err. = 1.04345761182343e-11
#######################
  n_loop = 1
#######################
speed= 5798.37281749727 [Tflops]
speed= 36476.4806153589 [Tflops]
[31m[1m CATCHSIG: Myid = 32031(CPU 8363,CG 3), si_signo = 8(Floating Point Exception: PC = 0x4ff0465f78) [0m
[31m[1m CATCHSIG: Myid = 158350(CPU 40434,CG 2), si_signo = 8(Floating Point Exception: PC = 0x4ff0465f78) [0m
[vn008363:mpi_rank_32031][MPIDI_CH3_Abort] application called MPI_Abort(MPI_COMM_WORLD, 1000) - process 32031: No such file or directory (2)
[vn040434:mpi_rank_158350][MPIDI_CH3_Abort] application called MPI_Abort(MPI_COMM_WORLD, 1000) - process 158350: No such file or directory (2)
[41827160 ## Tue Apr 10 05:51:50 2018] receive request of kill job(bkill).
dispatching ...
Job 41827160 has been finished. exit_code is 102
