Job <41831313> has been submitted to queue <q_sw_gb>
waiting for dispatch ...
     //==================================\\
     ||                                  ||
     || ::::::: ::::::. ::::::. .::::::. ||
     || ::      ::    : ::    : ::       ||
     || ::::::  ::    : ::::::'  `:::::. ||
     || ::      ::::::' ::      `......' ||
     ||     Framework for Developing     ||
     ||        Particle Simulator        ||
     ||     Version 2.0 (2016/06)        ||
     \\==================================//

       Home   : https://github.com/fdps/fdps 
       E-mail : fdps-support@mail.jmlab.jp
       Licence: MIT (see, https://github.com/FDPS/FDPS/blob/master/LICENSE)
       Note   : Please cite Iwasawa et al. (in press.)

       Copyright (C) 2015 
         Masaki Iwasawa, Ataru Tanikawa, Natsuki Hosono,
         Keigo Nitadori, Takayuki Muranushi, Daisuke Namekata
         Junichiro Makino and many others
******** FDPS has successfully begun. ********
etime(MPI startup) = 46.307758808136
etime(athread_init) = 0.000108003616333008
etime(mkdir) = 0.00459718704223633
s_debug: ./result/debug_00000.dat
etime(fopen) = 0.0179891586303711
s_wtime: ./result/wtime_00000.dat
etime(fopen) = 0.0303800106048584
s_host_name: ./result/host_name_00000.dat
etime(fopen) = 0.0422110557556152
This is a sample program of N-body simulation on FDPS!
Number of processes: 80000
Number of threads per process: 1
nx= 20000 ny= 4 nz= 1
nx= 20000 ny= 4 nz= 1
n_theta= 14472025 dtheta= 4.34160755469921e-07 offset_theta= 8.99176365828951e-08
OK 01 @SetParticleKeplerDiskCyl2
OK 02 @SetParticleKeplerDiskCyl2
OK 03 @SetParticleKeplerDiskCyl2
OK 04 @SetParticleKeplerDiskCyl2
etime(IC) = 3.14320111274719
PS::TREE_Z_COORD_OFFSET= -2.31222511991199e-07 r_phy= 1.41421356237302e-07
after make satellite
dens= 6.75237237117792e-08 total mass= 4.24209850296733e-10 mass_dust= 4.24264068711858e-21 CM_POS_DUST_TOTAL= -1.27955915682291e-09   -1.21870786942833e-16    1.10245498509154e-24
SATELLITE[0].r_coll= 1.41421356237302e-07
r_hill= 1.41421356237302e-07 mass_dust_total= 4.24209850296733e-10
Epj::r_search= 4.24264068711905e-07
dinfo.getNDomain(0)= 20000 dinfo.getNDomain(1)= 4 dinfo.getNDomain(2)= 1
etime(boundary) = 0.0632181167602539
etime(rootdomain) = 0.000690937042236328
etime(DD) = 0.0320208072662354
etime(multistep2) = 0.000823020935058594
L0.x = 2.17644302268304e-33
L0.y = -1.33793943509953e-33
L0.z = 4.24209877120628e-10
etime(exch_ptcl) = 0.445010900497437
etime(check_is_is_domain ) = 0.683809041976929
etime(superdomain) = 0.004302978515625
DT_TREE      = 0.00390625
Tdur         = 0.25
ln_e_refl    = -0.693147180559945
r_ep         = 1.41421356237302e-07
r_sat        = 1.41421356237302e-07
k_dash       = 631.654681669719
eta_dash     = 10.8298872925031
m_planet     = 1
n_loop_merge = 64
n_smp_ave    = 512
theta        = 0.5
np_ave=1249840
speed= 5168.02797557615 [Tflops]
nan-0 0
OK10 @main
L.x = -1.82502852559906e-41 rel.err. = 1.00000000838537
L.y = -5.80294030741864e-41 rel.err. = 0.99999995662778
L.z = 4.24209877120684e-10 rel.err. = 1.30889216900136e-13
#######################
  n_loop = 0
#######################
speed= 6397.82409256673 [Tflops]
speed= 22099.8989238312 [Tflops]
speed= 22660.5922564923 [Tflops]
speed= 22405.3482870726 [Tflops]
speed= 22479.6893942927 [Tflops]
speed= 22305.7876834918 [Tflops]
speed= 22316.3738598079 [Tflops]
speed= 22191.7360389685 [Tflops]
speed= 22116.3181300236 [Tflops]
speed= 21390.7040812149 [Tflops]
speed= 22343.0823007118 [Tflops]
speed= 22368.5917200354 [Tflops]
speed= 21822.6068576534 [Tflops]
speed= 21480.0473954383 [Tflops]
speed= 21622.0259334586 [Tflops]
speed= 22434.3899829664 [Tflops]
speed= 22144.2571232699 [Tflops]
speed= 22168.5869132192 [Tflops]
speed= 22158.4021454669 [Tflops]
speed= 22127.84816792 [Tflops]
speed= 22312.6674043991 [Tflops]
speed= 21964.9430897797 [Tflops]
speed= 21955.2335154283 [Tflops]
speed= 21841.1228963477 [Tflops]
speed= 22382.9923120371 [Tflops]
speed= 22279.7770889713 [Tflops]
speed= 22011.2331967634 [Tflops]
speed= 22261.9093008809 [Tflops]
speed= 21477.6609442854 [Tflops]
speed= 21701.4960564619 [Tflops]
speed= 21880.2445224612 [Tflops]
speed= 21981.2948734801 [Tflops]
speed= 22491.6819704649 [Tflops]
speed= 22048.2041172437 [Tflops]
speed= 21896.8132634616 [Tflops]
speed= 21772.9715460529 [Tflops]
speed= 22209.1441365417 [Tflops]
speed= 22099.1558100757 [Tflops]
speed= 22237.1957709901 [Tflops]
speed= 22202.682294424 [Tflops]
speed= 22374.1025884349 [Tflops]
speed= 22228.6659129336 [Tflops]
speed= 22289.4663777889 [Tflops]
speed= 21868.4471388716 [Tflops]
speed= 22176.9185167286 [Tflops]
speed= 22604.7053590481 [Tflops]
speed= 22430.146854732 [Tflops]
speed= 22577.204300927 [Tflops]
speed= 22410.3807080979 [Tflops]
speed= 22415.0129149071 [Tflops]
speed= 22150.6612380841 [Tflops]
speed= 22653.7014346865 [Tflops]
speed= 22157.4910878063 [Tflops]
speed= 22327.1313362183 [Tflops]
speed= 22057.8351651289 [Tflops]
speed= 22152.9441631384 [Tflops]
speed= 22548.2466362948 [Tflops]
speed= 22649.5695352833 [Tflops]
speed= 22490.9581456579 [Tflops]
speed= 22329.6724483972 [Tflops]
speed= 22546.2033744047 [Tflops]
speed= 22360.5129238894 [Tflops]
speed= 22044.6040599935 [Tflops]
speed= 21990.6288541063 [Tflops]
step 0:
begin_of_step : max=  8.9663832241494674e+00 (rank 64058), min=  2.0103365531031159e+00 (rank 65340), avr=  8.8725830219880386e+00, max-min=  6.9560466710463515e+00
before_reduce : max=  9.8464082813734422e+00 (rank 65749), min=  2.2087299462073133e+00 (rank 65343), avr=  9.8300430868105675e+00, max-min=  7.6376783351661288e+00
after_reduce  : max=  9.8491731165559031e+00 (rank 1410), min=  2.2135153006893233e+00 (rank 65340), avr=  9.8466046981351401e+00, max-min=  7.6356578158665798e+00
end_of_step   : max=  9.8492320248333272e+00 (rank 1410), min=  2.2135317758620658e+00 (rank 65340), avr=  9.8466649315293928e+00, max-min=  7.6357002489712613e+00

step 1:
begin_of_step : max=  1.0036855343438219e+01 (rank 0), min=  2.2502228441371699e+00 (rank 65340), avr=  1.0010912177752008e+01, max-min=  7.7866324993010494e+00
before_reduce : max=  1.0410326075856574e+01 (rank 31425), min=  2.3287284206890035e+00 (rank 65340), avr=  1.0366419212106141e+01, max-min=  8.0815976551675703e+00
after_reduce  : max=  1.0412251904825098e+01 (rank 74882), min=  2.3391956758641754e+00 (rank 65340), avr=  1.0410380033683758e+01, max-min=  8.0730562289609225e+00
end_of_step   : max=  1.0412316377245588e+01 (rank 74882), min=  2.3392123144840298e+00 (rank 65340), avr=  1.0410440571715043e+01, max-min=  8.0731040627615585e+00

step 2:
begin_of_step : max=  1.0540886953793233e+01 (rank 0), min=  2.3627600648287626e+00 (rank 65340), avr=  1.0516032814071885e+01, max-min=  8.1781268889644707e+00
before_reduce : max=  1.0905140672402922e+01 (rank 31425), min=  2.4407058868964668e+00 (rank 65340), avr=  1.0870473058376998e+01, max-min=  8.4644347855064552e+00
after_reduce  : max=  1.0906744348962093e+01 (rank 76166), min=  2.4492290979324025e+00 (rank 65340), avr=  1.0905204660444969e+01, max-min=  8.4575152510296903e+00
end_of_step   : max=  1.0906802306897589e+01 (rank 76166), min=  2.4492453882776317e+00 (rank 65340), avr=  1.0905265039025624e+01, max-min=  8.4575569186199573e+00

step 3:
begin_of_step : max=  1.1079475561375148e+01 (rank 0), min=  2.4821114144833700e+00 (rank 65340), avr=  1.1052950448279331e+01, max-min=  8.5973641468917776e+00
before_reduce : max=  1.1447910104136099e+01 (rank 31425), min=  2.5603761834499892e+00 (rank 65340), avr=  1.1409176144969326e+01, max-min=  8.8875339206861099e+00
after_reduce  : max=  1.1450408380682347e+01 (rank 30648), min=  2.5697555586193630e+00 (rank 65340), avr=  1.1447940323254201e+01, max-min=  8.8806528220629843e+00
end_of_step   : max=  1.1450474107579794e+01 (rank 30648), min=  2.5697721951728454e+00 (rank 65340), avr=  1.1448000690029779e+01, max-min=  8.8807019124069484e+00

step 4:
begin_of_step : max=  1.1565651253782562e+01 (rank 0), min=  2.5903998379326367e+00 (rank 65340), avr=  1.1540825495627631e+01, max-min=  8.9752514158499253e+00
before_reduce : max=  1.1932817851033178e+01 (rank 31425), min=  2.6682482144824462e+00 (rank 65343), avr=  1.1895175602940498e+01, max-min=  9.2645696365507320e+00
after_reduce  : max=  1.1935298126205453e+01 (rank 4376), min=  2.6772564951716049e+00 (rank 65340), avr=  1.1932831994193982e+01, max-min=  9.2580416310338478e+00
end_of_step   : max=  1.1935357006208505e+01 (rank 4376), min=  2.6772726903436705e+00 (rank 65340), avr=  1.1932892340223917e+01, max-min=  9.2580843158648349e+00

step 5:
begin_of_step : max=  1.2041441393783316e+01 (rank 0), min=  2.6959114806923026e+00 (rank 65341), avr=  1.2016910540472633e+01, max-min=  9.3455299130910134e+00
before_reduce : max=  1.2411421595854335e+01 (rank 31425), min=  2.7735626234498341e+00 (rank 65340), avr=  1.2370856733830038e+01, max-min=  9.6378589724045014e+00
after_reduce  : max=  1.2414258528282517e+01 (rank 505), min=  2.7832367979317496e+00 (rank 65340), avr=  1.2411386930632910e+01, max-min=  9.6310217303507670e+00
end_of_step   : max=  1.2414320210358710e+01 (rank 505), min=  2.7832529965526192e+00 (rank 65340), avr=  1.2411447488937307e+01, max-min=  9.6310672138060909e+00

step 6:
begin_of_step : max=  1.2519264977236162e+01 (rank 0), min=  2.8010985710352543e+00 (rank 65340), avr=  1.2491912195960488e+01, max-min=  9.7181664062009077e+00
before_reduce : max=  1.2889144187574857e+01 (rank 31425), min=  2.8792825186210393e+00 (rank 65343), avr=  1.2848621195720360e+01, max-min=  1.0009861668953818e+01
after_reduce  : max=  1.2890841693792026e+01 (rank 1154), min=  2.8889495379298751e+00 (rank 65340), avr=  1.2889094283348806e+01, max-min=  1.0001892155862151e+01
end_of_step   : max=  1.2890900911035715e+01 (rank 1154), min=  2.8889658172411146e+00 (rank 65340), avr=  1.2889154692973269e+01, max-min=  1.0001935093794600e+01

step 7:
begin_of_step : max=  1.3134259727579774e+01 (rank 0), min=  2.9374282772405422e+00 (rank 65340), avr=  1.3107616566106898e+01, max-min=  1.0196831450339232e+01
before_reduce : max=  1.3506144960687379e+01 (rank 31425), min=  3.0156148965543252e+00 (rank 65343), avr=  1.3463662592246413e+01, max-min=  1.0490530064133054e+01
after_reduce  : max=  1.3508298043452669e+01 (rank 1410), min=  3.0256305034490651e+00 (rank 65340), avr=  1.3506128552346677e+01, max-min=  1.0482667540003604e+01
end_of_step   : max=  1.3508357314480236e+01 (rank 1410), min=  3.0256467572435213e+00 (rank 65340), avr=  1.3506189009056534e+01, max-min=  1.0482710557236715e+01

step 8:
begin_of_step : max=  1.3652023269649362e+01 (rank 0), min=  3.0521875758640817e+00 (rank 65341), avr=  1.3625845009576867e+01, max-min=  1.0599835693785280e+01
before_reduce : max=  1.4025244382064557e+01 (rank 31425), min=  3.1302081834510318e+00 (rank 65343), avr=  1.3981639830149152e+01, max-min=  1.0895036198613525e+01
after_reduce  : max=  1.4027942574481131e+01 (rank 35972), min=  3.1404914868980995e+00 (rank 65340), avr=  1.4025110642858822e+01, max-min=  1.0887451087583031e+01
end_of_step   : max=  1.4028206303453771e+01 (rank 35972), min=  3.1405078124153079e+00 (rank 65340), avr=  1.4025170967568073e+01, max-min=  1.0887698491038464e+01

step 9:
begin_of_step : max=  1.4184571101373876e+01 (rank 0), min=  3.1698737268961850e+00 (rank 65340), avr=  1.4157695319616478e+01, max-min=  1.1014697374477691e+01
before_reduce : max=  1.4564406115168822e+01 (rank 31425), min=  3.2479761041395250e+00 (rank 65340), avr=  1.4513958410661255e+01, max-min=  1.1316430011029297e+01
after_reduce  : max=  1.4572643111023353e+01 (rank 46088), min=  3.2611023648278206e+00 (rank 65340), avr=  1.4570315854932796e+01, max-min=  1.1311540746195533e+01
end_of_step   : max=  1.4572722569646430e+01 (rank 46088), min=  3.2611187551738112e+00 (rank 65340), avr=  1.4570376252110464e+01, max-min=  1.1311603814472619e+01

step 10:
begin_of_step : max=  1.4700229229652905e+01 (rank 0), min=  3.2841304172434320e+00 (rank 65340), avr=  1.4674182670060171e+01, max-min=  1.1416098812409473e+01
before_reduce : max=  1.5069695871032309e+01 (rank 31425), min=  3.3619648999992933e+00 (rank 65343), avr=  1.5029505500747598e+01, max-min=  1.1707730971033016e+01
after_reduce  : max=  1.5071785693799029e+01 (rank 61760), min=  3.3715050296559639e+00 (rank 65340), avr=  1.5069491335925274e+01, max-min=  1.1700280664143065e+01
end_of_step   : max=  1.5072009460011031e+01 (rank 61760), min=  3.3715212096540199e+00 (rank 65340), avr=  1.5069551662637730e+01, max-min=  1.1700488250357012e+01

step 11:
begin_of_step : max=  1.5184349847579142e+01 (rank 0), min=  3.3914284572420001e+00 (rank 65340), avr=  1.5159402328096313e+01, max-min=  1.1792921390337142e+01
before_reduce : max=  1.5553426997241331e+01 (rank 31425), min=  3.4690471448302560e+00 (rank 65343), avr=  1.5513712079252588e+01, max-min=  1.2084379852411075e+01
after_reduce  : max=  1.5555847157927928e+01 (rank 29444), min=  3.4783852365508210e+00 (rank 65340), avr=  1.5553162077583755e+01, max-min=  1.2077461921377108e+01
end_of_step   : max=  1.5556192066200310e+01 (rank 29444), min=  3.4784016034500382e+00 (rank 65340), avr=  1.5553222529717864e+01, max-min=  1.2077790462750272e+01

step 12:
begin_of_step : max=  1.5703690809648833e+01 (rank 0), min=  3.5059853172424482e+00 (rank 65341), avr=  1.5677781310502906e+01, max-min=  1.2197705492406385e+01
before_reduce : max=  1.6082031252415618e+01 (rank 31425), min=  3.5836955882768962e+00 (rank 65340), avr=  1.6032957503889879e+01, max-min=  1.2498335664138722e+01
after_reduce  : max=  1.6083813821373042e+01 (rank 1158), min=  3.5952041675882356e+00 (rank 65340), avr=  1.6081784230888914e+01, max-min=  1.2488609653784806e+01
end_of_step   : max=  1.6083875937925768e+01 (rank 1158), min=  3.5952205806897837e+00 (rank 65340), avr=  1.6081844693852531e+01, max-min=  1.2488655357235984e+01

step 13:
begin_of_step : max=  1.6235607767579495e+01 (rank 0), min=  3.6229937200005224e+00 (rank 65340), avr=  1.6207320984805335e+01, max-min=  1.2612614047578973e+01
before_reduce : max=  1.6619895517927944e+01 (rank 31425), min=  3.7012866337936430e+00 (rank 65340), avr=  1.6564803913927847e+01, max-min=  1.2918608884134301e+01
after_reduce  : max=  1.6622592068961239e+01 (rank 3489), min=  3.7140851606891374e+00 (rank 65340), avr=  1.6619700598796619e+01, max-min=  1.2908506908272102e+01
end_of_step   : max=  1.6622922848269809e+01 (rank 37944), min=  3.7141015206907468e+00 (rank 65340), avr=  1.6619761247162074e+01, max-min=  1.2908821327579062e+01

step 14:
begin_of_step : max=  1.6751736209655064e+01 (rank 0), min=  3.7379665600019507e+00 (rank 65340), avr=  1.6727571709477047e+01, max-min=  1.3013769649653113e+01
before_reduce : max=  1.7133498537237756e+01 (rank 31425), min=  3.8153741220703523e+00 (rank 65343), avr=  1.7080999730464232e+01, max-min=  1.3318124415167404e+01
after_reduce  : max=  1.7137082375862519e+01 (rank 40896), min=  3.8275146275882435e+00 (rank 65340), avr=  1.7133167668370497e+01, max-min=  1.3309567748274276e+01
end_of_step   : max=  1.7137144256543252e+01 (rank 40896), min=  3.8275308827578556e+00 (rank 65340), avr=  1.7133228033831809e+01, max-min=  1.3309613373785396e+01

step 15:
begin_of_step : max=  1.7273854409650085e+01 (rank 0), min=  3.8530057717252930e+00 (rank 65341), avr=  1.7248258844324518e+01, max-min=  1.3420848637924792e+01
before_reduce : max=  1.7641835163449286e+01 (rank 31425), min=  3.9306463262073521e+00 (rank 65343), avr=  1.7603065244333795e+01, max-min=  1.3711188837241934e+01
after_reduce  : max=  1.7643492698625778e+01 (rank 11715), min=  3.9398140034500102e+00 (rank 65340), avr=  1.7641518621785117e+01, max-min=  1.3703678695175768e+01
end_of_step   : max=  1.7643552513109171e+01 (rank 11715), min=  3.9398302000008698e+00 (rank 65340), avr=  1.7641578964545154e+01, max-min=  1.3703722313108301e+01

step 16:
begin_of_step : max=  1.7752554021368269e+01 (rank 0), min=  3.9585235793128959e+00 (rank 65341), avr=  1.7726050024010561e+01, max-min=  1.3794030442055373e+01
before_reduce : max=  1.8125341139995726e+01 (rank 31425), min=  4.0366892586207541e+00 (rank 65343), avr=  1.8083410516101385e+01, max-min=  1.4088651881374972e+01
after_reduce  : max=  1.8127412415866274e+01 (rank 28497), min=  4.0465386758623936e+00 (rank 65340), avr=  1.8124980894505896e+01, max-min=  1.4080873740003881e+01
end_of_step   : max=  1.8127472169653629e+01 (rank 28497), min=  4.0465549772416125e+00 (rank 65340), avr=  1.8125041219835385e+01, max-min=  1.4080917192412016e+01

step 17:
begin_of_step : max=  1.8237821761373198e+01 (rank 0), min=  4.0654383896580839e+00 (rank 65341), avr=  1.8210387756655646e+01, max-min=  1.4172383371715114e+01
before_reduce : max=  1.8610037879305310e+01 (rank 31425), min=  4.1434532675884839e+00 (rank 65343), avr=  1.8566986182059004e+01, max-min=  1.4466584611716826e+01
after_reduce  : max=  1.8611854591727024e+01 (rank 1154), min=  4.1535144400004356e+00 (rank 65340), avr=  1.8609708788630794e+01, max-min=  1.4458340151726588e+01
end_of_step   : max=  1.8611911765518016e+01 (rank 1154), min=  4.1535303227574332e+00 (rank 65340), avr=  1.8609769451563587e+01, max-min=  1.4458381442760583e+01

step 18:
begin_of_step : max=  1.8759253883443307e+01 (rank 0), min=  4.1805989013810176e+00 (rank 65340), avr=  1.8732200423348601e+01, max-min=  1.4578654982062289e+01
before_reduce : max=  1.9131629949653870e+01 (rank 31425), min=  4.2585464972435148e+00 (rank 65343), avr=  1.9088322304848127e+01, max-min=  1.4873083452410356e+01
after_reduce  : max=  1.9133469024134683e+01 (rank 1154), min=  4.2686494255176513e+00 (rank 65340), avr=  1.9131279431035651e+01, max-min=  1.4864819598617032e+01
end_of_step   : max=  1.9133527139303624e+01 (rank 1154), min=  4.2686656772420974e+00 (rank 65340), avr=  1.9131339810861125e+01, max-min=  1.4864861462061526e+01

step 19:
begin_of_step : max=  1.9247010933788260e+01 (rank 0), min=  4.2883080089668510e+00 (rank 65340), avr=  1.9220209262687987e+01, max-min=  1.4958702924821409e+01
before_reduce : max=  1.9620070613789721e+01 (rank 31425), min=  4.3661693537942483e+00 (rank 65343), avr=  1.9576211385667190e+01, max-min=  1.5253901259995473e+01
after_reduce  : max=  1.9622358756561880e+01 (rank 40464), min=  4.3764175862088450e+00 (rank 65340), avr=  1.9619661486788189e+01, max-min=  1.5245941170353035e+01
end_of_step   : max=  1.9622851273801643e+01 (rank 40464), min=  4.3764338662076625e+00 (rank 65340), avr=  1.9619721919366459e+01, max-min=  1.5246417407593981e+01

step 20:
begin_of_step : max=  1.9792601753782947e+01 (rank 0), min=  4.4084102303459076e+00 (rank 65340), avr=  1.9764376788680330e+01, max-min=  1.5384191523437039e+01
before_reduce : max=  2.0162438095852849e+01 (rank 31425), min=  4.4865795724144846e+00 (rank 65343), avr=  2.0121697958310062e+01, max-min=  1.5675858523438365e+01
after_reduce  : max=  2.0165109835172188e+01 (rank 20449), min=  4.4961625779324095e+00 (rank 65340), avr=  2.0162069545859435e+01, max-min=  1.5668947257239779e+01
end_of_step   : max=  2.0165174380003009e+01 (rank 20449), min=  4.4961791427595017e+00 (rank 65340), avr=  2.0162129764429821e+01, max-min=  1.5668995237243507e+01

step 21:
begin_of_step : max=  2.0294294769642875e+01 (rank 0), min=  4.5193620296558947e+00 (rank 65340), avr=  2.0266966863919485e+01, max-min=  1.5774932739986980e+01
before_reduce : max=  2.0670125469652703e+01 (rank 31425), min=  4.5973005193118297e+00 (rank 65343), avr=  2.0623496698577977e+01, max-min=  1.6072824950340873e+01
after_reduce  : max=  2.0672077464128961e+01 (rank 30328), min=  4.6081747524149250e+00 (rank 65340), avr=  2.0669666086636067e+01, max-min=  1.6063902711714036e+01
end_of_step   : max=  2.0672140968265012e+01 (rank 30328), min=  4.6081913255184190e+00 (rank 65340), avr=  2.0669726551299576e+01, max-min=  1.6063949642746593e+01

step 22:
begin_of_step : max=  2.0777831069644890e+01 (rank 0), min=  4.6256849544843135e+00 (rank 65341), avr=  2.0749087082493585e+01, max-min=  1.6152146115160576e+01
before_reduce : max=  2.1153885256542708e+01 (rank 31425), min=  4.7039375048298098e+00 (rank 65343), avr=  2.1106827779781902e+01, max-min=  1.6449947751712898e+01
after_reduce  : max=  2.1156521547585726e+01 (rank 42296), min=  4.7148684703461186e+00 (rank 65340), avr=  2.1153379739483487e+01, max-min=  1.6441653077239607e+01
end_of_step   : max=  2.1156584667580319e+01 (rank 42296), min=  4.7148851062083850e+00 (rank 65340), avr=  2.1153440153522055e+01, max-min=  1.6441699561371934e+01

step 23:
begin_of_step : max=  2.1302182233790518e+01 (rank 0), min=  4.7413792455190560e+00 (rank 65341), avr=  2.1273380184555883e+01, max-min=  1.6560802988271462e+01
before_reduce : max=  2.1680109533786890e+01 (rank 31425), min=  4.8195442689648189e+00 (rank 65340), avr=  2.1631060630668973e+01, max-min=  1.6860565264822071e+01
after_reduce  : max=  2.1682372773109819e+01 (rank 79332), min=  4.8309708110355132e+00 (rank 65340), avr=  2.1679629271099138e+01, max-min=  1.6851401962074306e+01
end_of_step   : max=  2.1682595604142989e+01 (rank 79332), min=  4.8309869737931876e+00 (rank 65340), avr=  2.1679689660684975e+01, max-min=  1.6851608630349801e+01

step 24:
begin_of_step : max=  2.1800224409642396e+01 (rank 0), min=  4.8516743489672081e+00 (rank 65341), avr=  2.1773230292977814e+01, max-min=  1.6948550060675188e+01
before_reduce : max=  2.2168905263446504e+01 (rank 31425), min=  4.9294902724141139e+00 (rank 65343), avr=  2.2129392253267451e+01, max-min=  1.7239414991032390e+01
after_reduce  : max=  2.2170744582763291e+01 (rank 1154), min=  4.9387862820694863e+00 (rank 65340), avr=  2.2168448760000729e+01, max-min=  1.7231958300693805e+01
end_of_step   : max=  2.2170804217239493e+01 (rank 1154), min=  4.9388029765505053e+00 (rank 65340), avr=  2.2168509137881397e+01, max-min=  1.7232001240688987e+01

step 25:
begin_of_step : max=  2.2280347721374710e+01 (rank 0), min=  4.9570472434497788e+00 (rank 65340), avr=  2.2251069688961667e+01, max-min=  1.7323300477924931e+01
before_reduce : max=  2.2650781891716179e+01 (rank 31425), min=  5.0353776986230514e+00 (rank 65343), avr=  2.2609341443820313e+01, max-min=  1.7615404193093127e+01
after_reduce  : max=  2.2652718833793188e+01 (rank 1158), min=  5.0450323048280552e+00 (rank 65340), avr=  2.2650277518945181e+01, max-min=  1.7607686528965132e+01
end_of_step   : max=  2.2652780064134276e+01 (rank 1158), min=  5.0450485600013053e+00 (rank 65340), avr=  2.2650338001067301e+01, max-min=  1.7607731504132971e+01

step 26:
begin_of_step : max=  2.2756936020683497e+01 (rank 0), min=  5.0625656062074995e+00 (rank 65340), avr=  2.2729673894153567e+01, max-min=  1.7694370414475998e+01
before_reduce : max=  2.3131832581377239e+01 (rank 31425), min=  5.1403226331021870e+00 (rank 65340), avr=  2.3085896875991757e+01, max-min=  1.7991509948275052e+01
after_reduce  : max=  2.3133577229658840e+01 (rank 59072), min=  5.1510552089675912e+00 (rank 65340), avr=  2.3131234649762529e+01, max-min=  1.7982522020691249e+01
end_of_step   : max=  2.3133634684825665e+01 (rank 59072), min=  5.1510719055186200e+00 (rank 65340), avr=  2.3131295023352443e+01, max-min=  1.7982562779307045e+01

step 27:
begin_of_step : max=  2.3249339337227866e+01 (rank 0), min=  5.1711125165529666e+00 (rank 65340), avr=  2.3222086132254489e+01, max-min=  1.8078226820674899e+01
before_reduce : max=  2.3620110912408563e+01 (rank 31425), min=  5.2488670420716517e+00 (rank 65343), avr=  2.3578113624200956e+01, max-min=  1.8371243870336912e+01
after_reduce  : max=  2.3622455179312965e+01 (rank 46228), min=  5.2586969799995131e+00 (rank 65340), avr=  2.3619516738960797e+01, max-min=  1.8363758199313452e+01
end_of_step   : max=  2.3622721947584068e+01 (rank 46228), min=  5.2587133062079374e+00 (rank 65340), avr=  2.3619577110795838e+01, max-min=  1.8364008641376131e+01

step 28:
begin_of_step : max=  2.3775137313787127e+01 (rank 0), min=  5.2866098503436660e+00 (rank 65340), avr=  2.3745932067979517e+01, max-min=  1.8488527463443461e+01
before_reduce : max=  2.4159492791033699e+01 (rank 31425), min=  5.3648693241375440e+00 (rank 65343), avr=  2.4103958172906452e+01, max-min=  1.8794623466896155e+01
after_reduce  : max=  2.4162224793792120e+01 (rank 44848), min=  5.3776329158608860e+00 (rank 65340), avr=  2.4158847144427554e+01, max-min=  1.8784591877931234e+01
end_of_step   : max=  2.4162289715182851e+01 (rank 44848), min=  5.3776497689650569e+00 (rank 65340), avr=  2.4158907587441117e+01, max-min=  1.8784639946217794e+01

step 29:
begin_of_step : max=  2.4376050213788403e+01 (rank 0), min=  5.4193810262077022e+00 (rank 65340), avr=  2.4347635170328644e+01, max-min=  1.8956669187580701e+01
before_reduce : max=  2.4756422242760891e+01 (rank 31425), min=  5.4975208841387939e+00 (rank 65343), avr=  2.4704799762028621e+01, max-min=  1.9258901358622097e+01
after_reduce  : max=  2.4759245001376257e+01 (rank 20433), min=  5.5094166896560637e+00 (rank 65340), avr=  2.4755784474098263e+01, max-min=  1.9249828311720194e+01
end_of_step   : max=  2.4759305084138759e+01 (rank 20433), min=  5.5094329289677262e+00 (rank 65340), avr=  2.4755844964726112e+01, max-min=  1.9249872155171033e+01

step 30:
begin_of_step : max=  2.4974800055162632e+01 (rank 0), min=  5.5515807868978300e+00 (rank 65340), avr=  2.4946354590906406e+01, max-min=  1.9423219268264802e+01
before_reduce : max=  2.5351300293099484e+01 (rank 31425), min=  5.6297230531054083e+00 (rank 65340), avr=  2.5303573446486688e+01, max-min=  1.9721577239994076e+01
after_reduce  : max=  2.5355077421379974e+01 (rank 25889), min=  5.6409805979310477e+00 (rank 65340), avr=  2.5351406604584273e+01, max-min=  1.9714096823448926e+01
end_of_step   : max=  2.5355142800690373e+01 (rank 25889), min=  5.6409971606917679e+00 (rank 65340), avr=  2.5351466973778276e+01, max-min=  1.9714145639998605e+01

step 31:
begin_of_step : max=  2.5476900979992934e+01 (rank 0), min=  5.6625223903465667e+00 (rank 65341), avr=  2.5448781434753318e+01, max-min=  1.9814378589646367e+01
before_reduce : max=  2.5852374611029518e+01 (rank 31425), min=  5.7405462855167571e+00 (rank 65340), avr=  2.5805642708894023e+01, max-min=  2.0111828325512761e+01
after_reduce  : max=  2.5858261286892230e+01 (rank 75612), min=  5.7513996531051816e+00 (rank 65340), avr=  2.5851678929542491e+01, max-min=  2.0106861633787048e+01
end_of_step   : max=  2.5858317888953025e+01 (rank 75612), min=  5.7514160144819471e+00 (rank 65340), avr=  2.5851739356913175e+01, max-min=  2.0106901874471077e+01

step 32:
begin_of_step : max=  2.5961706915171817e+01 (rank 0), min=  5.7695852234501217e+00 (rank 65341), avr=  2.5934026340574604e+01, max-min=  2.0192121691721695e+01
before_reduce : max=  2.6328633623445057e+01 (rank 31425), min=  5.8475555558616179e+00 (rank 65343), avr=  2.6290451827427514e+01, max-min=  2.0481078067583439e+01
after_reduce  : max=  2.6330413222749485e+01 (rank 11718), min=  5.8564367751714599e+00 (rank 65340), avr=  2.6327931221249596e+01, max-min=  2.0473976447578025e+01
end_of_step   : max=  2.6330471380686504e+01 (rank 11718), min=  5.8564530448275036e+00 (rank 65340), avr=  2.6327991645551403e+01, max-min=  2.0474018335859000e+01

step 33:
begin_of_step : max=  2.6555364653788274e+01 (rank 0), min=  5.9001266482773644e+00 (rank 65340), avr=  2.6525546443998209e+01, max-min=  2.0655238005510910e+01
before_reduce : max=  2.6929664382070769e+01 (rank 31425), min=  5.9785010668965697e+00 (rank 65340), avr=  2.6884065808193981e+01, max-min=  2.0951163315174199e+01
after_reduce  : max=  2.6931509435860789e+01 (rank 1410), min=  5.9891373558639316e+00 (rank 65340), avr=  2.6928984688376346e+01, max-min=  2.0942372079996858e+01
end_of_step   : max=  2.6931568702770164e+01 (rank 1410), min=  5.9891537282746867e+00 (rank 65340), avr=  2.6929045092897258e+01, max-min=  2.0942414974495478e+01

step 34:
begin_of_step : max=  2.7151254603435518e+01 (rank 0), min=  6.0317304234486073e+00 (rank 65340), avr=  2.7121526792849043e+01, max-min=  2.1119524179986911e+01
before_reduce : max=  2.7528205214475747e+01 (rank 31425), min=  6.1101863586227410e+00 (rank 65343), avr=  2.7479886980992429e+01, max-min=  2.1418018855853006e+01
after_reduce  : max=  2.7530033702758374e+01 (rank 59075), min=  6.1213140841391578e+00 (rank 65340), avr=  2.7527417438616173e+01, max-min=  2.1408719618619216e+01
end_of_step   : max=  2.7530093322071480e+01 (rank 59075), min=  6.1213305489654886e+00 (rank 65340), avr=  2.7527477731169942e+01, max-min=  2.1408762773105991e+01

step 35:
begin_of_step : max=  2.7700088967583724e+01 (rank 0), min=  6.1530773331032833e+00 (rank 65340), avr=  2.7670985023836433e+01, max-min=  2.1547011634480441e+01
before_reduce : max=  2.8079120035850792e+01 (rank 31425), min=  6.2313324944843771e+00 (rank 65343), avr=  2.8028726445685805e+01, max-min=  2.1847787541366415e+01
after_reduce  : max=  2.8081508099319763e+01 (rank 53728), min=  6.2429638924149913e+00 (rank 65340), avr=  2.8078400609981990e+01, max-min=  2.1838544206904771e+01
end_of_step   : max=  2.8081705435863114e+01 (rank 53728), min=  6.2429799206911412e+00 (rank 65340), avr=  2.8078460920430338e+01, max-min=  2.1838725515171973e+01

step 36:
begin_of_step : max=  2.8194022893789224e+01 (rank 0), min=  6.2623143551718385e+00 (rank 65340), avr=  2.8165885228285660e+01, max-min=  2.1931708538617386e+01
before_reduce : max=  2.8565439637241070e+01 (rank 31425), min=  6.3403429413810954e+00 (rank 65343), avr=  2.8522741209656594e+01, max-min=  2.2225096695859975e+01
after_reduce  : max=  2.8567478208278771e+01 (rank 69184), min=  6.3502633110365423e+00 (rank 65341), avr=  2.8564713727998885e+01, max-min=  2.2217214897242229e+01
end_of_step   : max=  2.8568004133107024e+01 (rank 69184), min=  6.3502796110369673e+00 (rank 65341), avr=  2.8564774084719811e+01, max-min=  2.2217724522070057e+01

step 37:
begin_of_step : max=  2.8711824969650479e+01 (rank 0), min=  6.3762714427575702e+00 (rank 65340), avr=  2.8682386561706977e+01, max-min=  2.2335553526892909e+01
before_reduce : max=  2.9085305843444075e+01 (rank 31425), min=  6.4545900703451480e+00 (rank 65343), avr=  2.9040529872736471e+01, max-min=  2.2630715773098927e+01
after_reduce  : max=  2.9087176289656782e+01 (rank 11715), min=  6.4649190420677769e+00 (rank 65340), avr=  2.9084481575946185e+01, max-min=  2.2622257247589005e+01
end_of_step   : max=  2.9087236287581618e+01 (rank 11715), min=  6.4649356793124753e+00 (rank 65340), avr=  2.9084542021402520e+01, max-min=  2.2622300608269143e+01

step 38:
begin_of_step : max=  2.9210519373780699e+01 (rank 0), min=  6.4869752544836956e+00 (rank 65340), avr=  2.9184247138817440e+01, max-min=  2.2723544119297003e+01
before_reduce : max=  2.9581691911720554e+01 (rank 31425), min=  6.5644712075882126e+00 (rank 65340), avr=  2.9539113195056366e+01, max-min=  2.3017220704132342e+01
after_reduce  : max=  2.9584275993795018e+01 (rank 69184), min=  6.5744069124157249e+00 (rank 65340), avr=  2.9580850614659209e+01, max-min=  2.3009869081379293e+01
end_of_step   : max=  2.9584334677245351e+01 (rank 69184), min=  6.5744231951721304e+00 (rank 65340), avr=  2.9580910921066838e+01, max-min=  2.3009911482073221e+01

step 39:
begin_of_step : max=  2.9694101407585549e+01 (rank 0), min=  6.5930929048263351e+00 (rank 65340), avr=  2.9665470221113480e+01, max-min=  2.3101008502759214e+01
before_reduce : max=  3.0065779839991592e+01 (rank 31425), min=  6.6710634103437769e+00 (rank 65340), avr=  3.0022617287122657e+01, max-min=  2.3394716429647815e+01
after_reduce  : max=  3.0067646116556716e+01 (rank 76162), min=  6.6810803000007581e+00 (rank 65340), avr=  3.0064868182408990e+01, max-min=  2.3386565816555958e+01
end_of_step   : max=  3.0067863473101170e+01 (rank 64368), min=  6.6810963503448875e+00 (rank 65340), avr=  3.0064928482784396e+01, max-min=  2.3386767122756282e+01

step 40:
begin_of_step : max=  3.0177453583441093e+01 (rank 0), min=  6.6997706055190065e+00 (rank 65340), avr=  3.0149497659828395e+01, max-min=  2.3477682977922086e+01
before_reduce : max=  3.0546275609653094e+01 (rank 31425), min=  6.7776892620713625e+00 (rank 65343), avr=  3.0505974565247389e+01, max-min=  2.3768586347581731e+01
after_reduce  : max=  3.0548779895863845e+01 (rank 1410), min=  6.7869735124149884e+00 (rank 65340), avr=  3.0545381537170350e+01, max-min=  2.3761806383448857e+01
end_of_step   : max=  3.0548838631046237e+01 (rank 1410), min=  6.7869900827608944e+00 (rank 65340), avr=  3.0545441904828582e+01, max-min=  2.3761848548285343e+01

step 41:
begin_of_step : max=  3.0665762435164652e+01 (rank 0), min=  6.8071307668978989e+00 (rank 65340), avr=  3.0636654201193192e+01, max-min=  2.3858631668266753e+01
before_reduce : max=  3.1036997691713623e+01 (rank 31425), min=  6.8852329889668908e+00 (rank 65343), avr=  3.0994361045538117e+01, max-min=  2.4151764702746732e+01
after_reduce  : max=  3.1039523958621430e+01 (rank 9336), min=  6.8950943689669657e+00 (rank 65340), avr=  3.1036089797383372e+01, max-min=  2.4144429589654465e+01
end_of_step   : max=  3.1039582040000823e+01 (rank 9336), min=  6.8951109234476462e+00 (rank 65340), avr=  3.1036150303879232e+01, max-min=  2.4144471116553177e+01

step 42:
begin_of_step : max=  3.1150785633784835e+01 (rank 0), min=  6.9141132855183969e+00 (rank 65340), avr=  3.1122192223697873e+01, max-min=  2.4236672348266438e+01
before_reduce : max=  3.1521102045517182e+01 (rank 31425), min=  6.9920820703446225e+00 (rank 65343), avr=  3.1479310730428285e+01, max-min=  2.4529019975172559e+01
after_reduce  : max=  3.1524302257923409e+01 (rank 32968), min=  7.0017547068964632e+00 (rank 65340), avr=  3.1520152822590575e+01, max-min=  2.4522547551026946e+01
end_of_step   : max=  3.1524386604825850e+01 (rank 32968), min=  7.0017710358624754e+00 (rank 65340), avr=  3.1520213364119812e+01, max-min=  2.4522615568963374e+01

step 43:
begin_of_step : max=  3.1674815507576568e+01 (rank 0), min=  7.0292078262064024e+00 (rank 65340), avr=  3.1644493271156360e+01, max-min=  2.4645607681370166e+01
before_reduce : max=  3.2052076702064369e+01 (rank 31425), min=  7.1077579248267284e+00 (rank 65340), avr=  3.2004342330726828e+01, max-min=  2.4944318777237640e+01
after_reduce  : max=  3.2054073059320217e+01 (rank 76162), min=  7.1187800834486552e+00 (rank 65340), avr=  3.2051136722410412e+01, max-min=  2.4935292975871562e+01
end_of_step   : max=  3.2054211297232541e+01 (rank 72408), min=  7.1187963882766780e+00 (rank 65340), avr=  3.2051197145819877e+01, max-min=  2.4935414908955863e+01

step 44:
begin_of_step : max=  3.2205153521368629e+01 (rank 0), min=  7.1464800544817990e+00 (rank 65340), avr=  3.2176578156925295e+01, max-min=  2.5058673466886830e+01
before_reduce : max=  3.2577182897235616e+01 (rank 31425), min=  7.2245831558648206e+00 (rank 65343), avr=  3.2534052836592629e+01, max-min=  2.5352599741370796e+01
after_reduce  : max=  3.2579103317926638e+01 (rank 11718), min=  7.2345526055178198e+00 (rank 65340), avr=  3.2576256755310183e+01, max-min=  2.5344550712408818e+01
end_of_step   : max=  3.2579162758614984e+01 (rank 11718), min=  7.2345691172413353e+00 (rank 65340), avr=  3.2576317159771840e+01, max-min=  2.5344593641373649e+01

step 45:
begin_of_step : max=  3.3867974609645898e+01 (rank 0), min=  7.5148741455159325e+00 (rank 65340), avr=  3.3838761237208836e+01, max-min=  2.6353100464129966e+01
before_reduce : max=  3.4233054511030787e+01 (rank 31425), min=  7.5935371972409484e+00 (rank 65343), avr=  3.4196280970357698e+01, max-min=  2.6639517313789838e+01
after_reduce  : max=  3.4235736130343867e+01 (rank 1410), min=  7.6021150268970814e+00 (rank 65340), avr=  3.4231987678646696e+01, max-min=  2.6633621103446785e+01
end_of_step   : max=  3.4235795597240212e+01 (rank 1410), min=  7.6021319586216123e+00 (rank 65340), avr=  3.4232048267303632e+01, max-min=  2.6633663638618600e+01

step 46:
begin_of_step : max=  3.4353351261379430e+01 (rank 0), min=  7.6225022393118707e+00 (rank 65341), avr=  3.4323786429275330e+01, max-min=  2.6730849022067559e+01
before_reduce : max=  3.4721223357235431e+01 (rank 31425), min=  7.7009612593101338e+00 (rank 65343), avr=  3.4681683714907166e+01, max-min=  2.7020262097925297e+01
after_reduce  : max=  3.4723745877243346e+01 (rank 17361), min=  7.7101813820700045e+00 (rank 65340), avr=  3.4720101370012543e+01, max-min=  2.7013564495173341e+01
end_of_step   : max=  3.4723805683446699e+01 (rank 17361), min=  7.7101975151745137e+00 (rank 65340), avr=  3.4720161677444821e+01, max-min=  2.7013608168272185e+01

step 47:
begin_of_step : max=  3.4833137324138079e+01 (rank 0), min=  7.7288746765552787e+00 (rank 65341), avr=  3.4804462541279662e+01, max-min=  2.7104262647582800e+01
before_reduce : max=  3.5198631391031086e+01 (rank 31425), min=  7.8071587599988561e+00 (rank 65340), avr=  3.5162119366326188e+01, max-min=  2.7391472631032229e+01
after_reduce  : max=  3.5201003239999409e+01 (rank 72320), min=  7.8156850517261773e+00 (rank 65340), avr=  3.5197468782132283e+01, max-min=  2.7385318188273231e+01
end_of_step   : max=  3.5201095414478914e+01 (rank 72320), min=  7.8157012972405937e+00 (rank 65340), avr=  3.5197529117146132e+01, max-min=  2.7385394117238320e+01

step 48:
begin_of_step : max=  3.5309280929650413e+01 (rank 0), min=  7.8338594131055288e+00 (rank 65341), avr=  3.5279531067841852e+01, max-min=  2.7475421516544884e+01
before_reduce : max=  3.5677471532413620e+01 (rank 31425), min=  7.9122108544834191e+00 (rank 65343), avr=  3.5637555998485482e+01, max-min=  2.7765260677930200e+01
after_reduce  : max=  3.5679737281388952e+01 (rank 27704), min=  7.9214351655173232e+00 (rank 65340), avr=  3.5676414437147621e+01, max-min=  2.7758302115871629e+01
end_of_step   : max=  3.5679792355862446e+01 (rank 27704), min=  7.9214514489649446e+00 (rank 65340), avr=  3.5676474824990244e+01, max-min=  2.7758340906897502e+01

step 49:
begin_of_step : max=  3.5834268569655251e+01 (rank 0), min=  7.9495210151726496e+00 (rank 65341), avr=  3.5803394816591045e+01, max-min=  2.7884747554482601e+01
before_reduce : max=  3.6202486843438237e+01 (rank 31425), min=  8.0281128820715821e+00 (rank 65343), avr=  3.6162553036993245e+01, max-min=  2.8174373961366655e+01
after_reduce  : max=  3.6204743201378733e+01 (rank 29328), min=  8.0373071241374419e+00 (rank 65340), avr=  3.6201264486146414e+01, max-min=  2.8167436077241291e+01
end_of_step   : max=  3.6204808477239567e+01 (rank 29328), min=  8.0373237193125533e+00 (rank 65340), avr=  3.6201325056818312e+01, max-min=  2.8167484757927014e+01

step 50:
begin_of_step : max=  3.6360392417234834e+01 (rank 0), min=  8.0658876758643601e+00 (rank 65340), avr=  3.6330518198207407e+01, max-min=  2.8294504741370474e+01
before_reduce : max=  3.6733009720002883e+01 (rank 31425), min=  8.1441980717245315e+00 (rank 65343), avr=  3.6688562448473675e+01, max-min=  2.8588811648278352e+01
after_reduce  : max=  3.6735074578624335e+01 (rank 47736), min=  8.1543951137937256e+00 (rank 65340), avr=  3.6731766041756046e+01, max-min=  2.8580679464830610e+01
end_of_step   : max=  3.6735391535854433e+01 (rank 47736), min=  8.1544113620693679e+00 (rank 65340), avr=  3.6731826431743322e+01, max-min=  2.8580980173785065e+01

step 51:
begin_of_step : max=  3.6840776081371587e+01 (rank 0), min=  8.1723291813796095e+00 (rank 65341), avr=  3.6812874560890023e+01, max-min=  2.8668446899991977e+01
before_reduce : max=  3.7205022612411994e+01 (rank 31425), min=  8.2501775682758307e+00 (rank 65343), avr=  3.7169174653677125e+01, max-min=  2.8954845044136164e+01
after_reduce  : max=  3.7207172953101690e+01 (rank 28625), min=  8.2585097434493946e+00 (rank 65340), avr=  3.7203853422075916e+01, max-min=  2.8948663209652295e+01
end_of_step   : max=  3.7207233177250600e+01 (rank 28625), min=  8.2585262186221371e+00 (rank 65340), avr=  3.7203913686513530e+01, max-min=  2.8948706958628463e+01

step 52:
begin_of_step : max=  3.7362074073782424e+01 (rank 0), min=  8.2869870765534870e+00 (rank 65341), avr=  3.7332759968316921e+01, max-min=  2.9075086997228937e+01
before_reduce : max=  3.7734548463442479e+01 (rank 31425), min=  8.3651453800011950e+00 (rank 65343), avr=  3.7690219622405039e+01, max-min=  2.9369403083441284e+01
after_reduce  : max=  3.7736411271718680e+01 (rank 76166), min=  8.3752846965508070e+00 (rank 65340), avr=  3.7733267262076552e+01, max-min=  2.9361126575167873e+01
end_of_step   : max=  3.7736472795178997e+01 (rank 76166), min=  8.3753009048268723e+00 (rank 65340), avr=  3.7733327545193113e+01, max-min=  2.9361171890352125e+01

step 53:
begin_of_step : max=  3.7843901735162945e+01 (rank 0), min=  8.3937110075858072e+00 (rank 65340), avr=  3.7816644196504214e+01, max-min=  2.9450190727577137e+01
before_reduce : max=  3.8213439791026758e+01 (rank 31425), min=  8.4713563441400765e+00 (rank 65343), avr=  3.8171945081118217e+01, max-min=  2.9742083446886681e+01
after_reduce  : max=  3.8215428476556554e+01 (rank 76162), min=  8.4808574337948812e+00 (rank 65340), avr=  3.8212155081467820e+01, max-min=  2.9734571042761672e+01
end_of_step   : max=  3.8215490291724564e+01 (rank 76162), min=  8.4808734937942063e+00 (rank 65340), avr=  3.8212215533490983e+01, max-min=  2.9734616797930357e+01

step 54:
begin_of_step : max=  3.8331485921371495e+01 (rank 0), min=  8.5007172358637035e+00 (rank 65340), avr=  3.8301972910871676e+01, max-min=  2.9830768685507792e+01
before_reduce : max=  3.8705487129656831e+01 (rank 31425), min=  8.5787862806901103e+00 (rank 65343), avr=  3.8659603515474430e+01, max-min=  3.0126700848966721e+01
after_reduce  : max=  3.8707575598615222e+01 (rank 1154), min=  8.5893272227585840e+00 (rank 65340), avr=  3.8704305229940211e+01, max-min=  3.0118248375856638e+01
end_of_step   : max=  3.8707633475176408e+01 (rank 1154), min=  8.5893434482750308e+00 (rank 65340), avr=  3.8704365757960204e+01, max-min=  3.0118290026901377e+01

step 55:
begin_of_step : max=  3.8824181961375871e+01 (rank 0), min=  8.6096503179323918e+00 (rank 65340), avr=  3.8796305291199033e+01, max-min=  3.0214531643443479e+01
before_reduce : max=  3.9196726139300154e+01 (rank 31425), min=  8.6873864744848106e+00 (rank 65340), avr=  3.9152309229987530e+01, max-min=  3.0509339664815343e+01
after_reduce  : max=  3.9198621693794848e+01 (rank 76166), min=  8.6975690103463421e+00 (rank 65340), avr=  3.9195386810708754e+01, max-min=  3.0501052683448506e+01
end_of_step   : max=  3.9198947626893641e+01 (rank 5568), min=  8.6975851110364601e+00 (rank 65340), avr=  3.9195447218491346e+01, max-min=  3.0501362515857181e+01

step 56:
begin_of_step : max=  3.9308656497232732e+01 (rank 0), min=  8.7164006379316561e+00 (rank 65340), avr=  3.9280715193759214e+01, max-min=  3.0592255859301076e+01
before_reduce : max=  3.9674536838618224e+01 (rank 31425), min=  8.7941512399993371e+00 (rank 65343), avr=  3.9636870020377046e+01, max-min=  3.0880385598618886e+01
after_reduce  : max=  3.9676599264828837e+01 (rank 76162), min=  8.8028314399998635e+00 (rank 65340), avr=  3.9673223717873924e+01, max-min=  3.0873767824828974e+01
end_of_step   : max=  3.9676659247590578e+01 (rank 76162), min=  8.8028475634491770e+00 (rank 65340), avr=  3.9673284048608025e+01, max-min=  3.0873811684141401e+01

step 57:
begin_of_step : max=  3.9787108061369509e+01 (rank 0), min=  8.8218943068968656e+00 (rank 65341), avr=  3.9759575513484130e+01, max-min=  3.0965213754472643e+01
before_reduce : max=  4.0151477188264835e+01 (rank 31425), min=  8.8994788958625577e+00 (rank 65340), avr=  4.0115184114508423e+01, max-min=  3.1251998292402277e+01
after_reduce  : max=  4.0153389621380484e+01 (rank 76162), min=  8.9078755841401289e+00 (rank 65340), avr=  4.0150079481947607e+01, max-min=  3.1245514037240355e+01
end_of_step   : max=  4.0153453925522626e+01 (rank 76162), min=  8.9078917627593910e+00 (rank 65340), avr=  4.0150139828469456e+01, max-min=  3.1245562162763235e+01

step 58:
begin_of_step : max=  4.0264154497228446e+01 (rank 0), min=  8.9269656296564790e+00 (rank 65340), avr=  4.0236520708172762e+01, max-min=  3.1337188867571967e+01
before_reduce : max=  4.0631026963441400e+01 (rank 31425), min=  9.0045537137957581e+00 (rank 65343), avr=  4.0592124030264152e+01, max-min=  3.1626473249645642e+01
after_reduce  : max=  4.0633004733099369e+01 (rank 76162), min=  9.0134884096551104e+00 (rank 65340), avr=  4.0629608762126544e+01, max-min=  3.1619516323444259e+01
end_of_step   : max=  4.0633063887595199e+01 (rank 76162), min=  9.0135044793096313e+00 (rank 65340), avr=  4.0629669166399573e+01, max-min=  3.1619559408285568e+01

step 59:
begin_of_step : max=  4.0798336826206651e+01 (rank 0), min=  9.0450030979336589e+00 (rank 65341), avr=  4.0772435056012625e+01, max-min=  3.1753333728272992e+01
before_reduce : max=  4.1167740561373648e+01 (rank 31425), min=  9.1222370937939559e+00 (rank 65340), avr=  4.1126382262817089e+01, max-min=  3.2045503467579692e+01
after_reduce  : max=  4.1169833177249529e+01 (rank 76162), min=  9.1317737379322352e+00 (rank 65340), avr=  4.1166374068963101e+01, max-min=  3.2038059439317294e+01
end_of_step   : max=  4.1169896403444000e+01 (rank 76162), min=  9.1317898068955401e+00 (rank 65340), avr=  4.1166434471106307e+01, max-min=  3.2038106596548459e+01

step 60:
begin_of_step : max=  4.1322787537239492e+01 (rank 0), min=  9.1598843958636280e+00 (rank 65340), avr=  4.1293663785697603e+01, max-min=  3.2162903141375864e+01
before_reduce : max=  4.1688915638616891e+01 (rank 31425), min=  9.2378815000010945e+00 (rank 65340), avr=  4.1650716336610486e+01, max-min=  3.2451034138615796e+01
after_reduce  : max=  4.1691832953103585e+01 (rank 46648), min=  9.2466291124146665e+00 (rank 65340), avr=  4.1687424789037969e+01, max-min=  3.2445203840688919e+01
end_of_step   : max=  4.1691891556547489e+01 (rank 46648), min=  9.2466452634471352e+00 (rank 65340), avr=  4.1687485194298056e+01, max-min=  3.2445246293100354e+01

step 61:
begin_of_step : max=  4.1847701841368689e+01 (rank 0), min=  9.2752173951739678e+00 (rank 65340), avr=  4.1816934033410483e+01, max-min=  3.2572484446194721e+01
before_reduce : max=  4.2216585957241477e+01 (rank 31425), min=  9.3535888013793738e+00 (rank 65343), avr=  4.2175684712417301e+01, max-min=  3.2862997155862104e+01
after_reduce  : max=  4.2218936397926882e+01 (rank 70048), min=  9.3629826662072446e+00 (rank 65340), avr=  4.2215272902456093e+01, max-min=  3.2855953731719637e+01
end_of_step   : max=  4.2218993752409006e+01 (rank 70048), min=  9.3629986420710338e+00 (rank 65340), avr=  4.2215333399970540e+01, max-min=  3.2855995110337972e+01

step 62:
begin_of_step : max=  4.2337049857233069e+01 (rank 0), min=  9.3834754855197389e+00 (rank 65341), avr=  4.2308159078160060e+01, max-min=  3.2953574371713330e+01
before_reduce : max=  4.2711324109652196e+01 (rank 31425), min=  9.4614283496557618e+00 (rank 65340), avr=  4.2664916012723175e+01, max-min=  3.3249895759996434e+01
after_reduce  : max=  4.2714786282071145e+01 (rank 1410), min=  9.4719771710333589e+00 (rank 65340), avr=  4.2709927493169765e+01, max-min=  3.3242809111037786e+01
end_of_step   : max=  4.2714846771035809e+01 (rank 1410), min=  9.4719934634485980e+00 (rank 65340), avr=  4.2709987839833332e+01, max-min=  3.3242853307587211e+01

step 63:
begin_of_step : max=  4.2865212393793627e+01 (rank 0), min=  9.4990735462088196e+00 (rank 65340), avr=  4.2832690145467467e+01, max-min=  3.3366138847584807e+01
before_reduce : max=  4.3240394833788741e+01 (rank 31425), min=  9.5778737006912706e+00 (rank 65343), avr=  4.3193102825946156e+01, max-min=  3.3662521133097471e+01
after_reduce  : max=  4.3243323115864769e+01 (rank 16497), min=  9.5885938620704110e+00 (rank 65340), avr=  4.3238987668404285e+01, max-min=  3.3654729253794358e+01
end_of_step   : max=  4.3243388908958877e+01 (rank 16497), min=  9.5886100986208476e+00 (rank 65340), avr=  4.3239047919930599e+01, max-min=  3.3654778810338030e+01

nan-e 0
A) system_grav[i].pos= 0.968381682727251   0.247462963702325    1.59107694362668e-22 id= 99982633904
A) system_grav[i].pos= 0.968381575299205   0.24746338412672    1.59012838623316e-22 id= 99982634480
A) system_grav[i].pos= 0.968381467870508   0.247463804548941    1.58945624424648e-22 id= 99982635056
A) system_grav[i].pos= 0.968381360437422   0.247464224970084    1.58842144218924e-22 id= 99982635632
A) system_grav[i].pos= 0.968381252999636   0.247464645393043    1.58718778721374e-22 id= 99982636208
B) system_grav[i].pos= 0.968381682727251   0.247462963702325    1.59107694362668e-22 id= 99982633904
B) system_grav[i].pos= 0.968381575299205   0.24746338412672    1.59012838623316e-22 id= 99982634480
B) system_grav[i].pos= 0.968381467870508   0.247463804548941    1.58945624424648e-22 id= 99982635056
B) system_grav[i].pos= 0.968381360437422   0.247464224970084    1.58842144218924e-22 id= 99982635632
B) system_grav[i].pos= 0.968381252999636   0.247464645393043    1.58718778721374e-22 id= 99982636208
C) system_grav[i].pos= 0.999500358340303   0.000188477068233856    1.59107694362668e-22 id= 99982633904
C) system_grav[i].pos= 0.999500358266595   0.000188911000776501    1.59012838623316e-22 id= 99982634480
C) system_grav[i].pos= 0.999500358191718   0.000189344931373869    1.58945624424648e-22 id= 99982635056
C) system_grav[i].pos= 0.999500358112322   0.000189778862012364    1.58842144218924e-22 id= 99982635632
C) system_grav[i].pos= 0.999500358028822   0.000190212795573507    1.58718778721374e-22 id= 99982636208
L.x = 1.2062371149457e-26 rel.err. = 5542239.72201394
L.y = -4.84007962180036e-27 rel.err. = 3617561.57034184
L.z = 4.24209877114737e-10 rel.err. = 1.38859565862211e-11
#######################
  n_loop = 1
#######################
speed= 5484.82620882487 [Tflops]
speed= 22362.7687172636 [Tflops]
speed= 22134.3407497714 [Tflops]
speed= 21782.7510953642 [Tflops]
speed= 22203.2263169383 [Tflops]
speed= 22038.9697772257 [Tflops]
speed= 22146.24040093 [Tflops]
speed= 22238.4392104874 [Tflops]
speed= 22072.0135356123 [Tflops]
speed= 22131.0260180759 [Tflops]
speed= 21717.9490405057 [Tflops]
speed= 21445.7509829084 [Tflops]
speed= 21980.186950195 [Tflops]
speed= 21612.9419472613 [Tflops]
speed= 20787.1511804013 [Tflops]
speed= 20906.6959212036 [Tflops]
speed= 21338.2797590815 [Tflops]
speed= 21721.7560294668 [Tflops]
speed= 21978.691313995 [Tflops]
speed= 22123.3718392343 [Tflops]
speed= 21120.3661050452 [Tflops]
speed= 21297.0623954587 [Tflops]
speed= 21703.7261524418 [Tflops]
speed= 21777.2559106532 [Tflops]
speed= 21739.4760690738 [Tflops]
speed= 21818.802126697 [Tflops]
speed= 22023.8242453057 [Tflops]
speed= 21546.9281897061 [Tflops]
speed= 22185.4218565428 [Tflops]
speed= 22224.0541953721 [Tflops]
speed= 21789.0376384534 [Tflops]
speed= 21829.3780207055 [Tflops]
speed= 22044.1132798253 [Tflops]
speed= 21657.3630808756 [Tflops]
speed= 22182.945345959 [Tflops]
speed= 21483.356258239 [Tflops]
speed= 21153.2829693622 [Tflops]
speed= 21779.5007224787 [Tflops]
speed= 21973.4518064724 [Tflops]
speed= 21382.2919292118 [Tflops]
speed= 21941.4254353825 [Tflops]
speed= 22004.6816859364 [Tflops]
speed= 21883.8444644727 [Tflops]
speed= 22055.438115054 [Tflops]
speed= 21718.8708216765 [Tflops]
speed= 21581.4537837762 [Tflops]
speed= 22031.8466328464 [Tflops]
speed= 21367.9949800657 [Tflops]
speed= 21026.1324750259 [Tflops]
speed= 21528.359094187 [Tflops]
speed= 22050.1219057405 [Tflops]
speed= 21731.81788673 [Tflops]
speed= 21949.311938001 [Tflops]
speed= 21863.2354860876 [Tflops]
speed= 21817.1947891901 [Tflops]
speed= 21408.6687288839 [Tflops]
speed= 21987.0394419287 [Tflops]
speed= 22025.7289231572 [Tflops]
speed= 21447.7815735076 [Tflops]
speed= 22256.7591640751 [Tflops]
speed= 21992.7966832792 [Tflops]
speed= 22254.8728350408 [Tflops]
speed= 22252.3602775796 [Tflops]
speed= 21453.6681655117 [Tflops]
step 0:
begin_of_step : max=  4.5023105926899007e+01 (rank 31424), min=  9.9701464979298180e+00 (rank 65340), avr=  4.4905111567547713e+01, max-min=  3.5052959428969189e+01
before_reduce : max=  4.5896278611719026e+01 (rank 1489), min=  1.0174916586896870e+01 (rank 65343), avr=  4.5878803157834383e+01, max-min=  3.5721362024822156e+01
after_reduce  : max=  4.5898968409659574e+01 (rank 19953), min=  1.0179512579310540e+01 (rank 65341), avr=  4.5894574322940876e+01, max-min=  3.5719455830349034e+01
end_of_step   : max=  4.5899044152407441e+01 (rank 19953), min=  1.0179529571727471e+01 (rank 65341), avr=  4.5894634604425434e+01, max-min=  3.5719514580679970e+01

step 1:
begin_of_step : max=  4.6097127553788596e+01 (rank 0), min=  1.0217550593104534e+01 (rank 65341), avr=  4.6065610491049618e+01, max-min=  3.5879576960684062e+01
before_reduce : max=  4.6465991269651568e+01 (rank 31425), min=  1.0296333925518411e+01 (rank 65340), avr=  4.6425570818037173e+01, max-min=  3.6169657344133157e+01
after_reduce  : max=  4.6469065777244396e+01 (rank 71352), min=  1.0305931904829777e+01 (rank 65340), avr=  4.6464320331042416e+01, max-min=  3.6163133872414619e+01
end_of_step   : max=  4.6469124193114112e+01 (rank 71352), min=  1.0305948279310542e+01 (rank 65340), avr=  4.6464380922974620e+01, max-min=  3.6163175913803570e+01

step 2:
begin_of_step : max=  4.6622386695162277e+01 (rank 0), min=  1.0334583282761741e+01 (rank 65341), avr=  4.6593406647755621e+01, max-min=  3.6287803412400535e+01
before_reduce : max=  4.6995058556552976e+01 (rank 31425), min=  1.0412716511724284e+01 (rank 65340), avr=  4.6950830489064181e+01, max-min=  3.6582342044828692e+01
after_reduce  : max=  4.6997083966896753e+01 (rank 76162), min=  1.0423091010346980e+01 (rank 65340), avr=  4.6993382037686899e+01, max-min=  3.6573992956549773e+01
end_of_step   : max=  4.6997142897249432e+01 (rank 76162), min=  1.0423107477930898e+01 (rank 65340), avr=  4.6993442388220970e+01, max-min=  3.6574035419318534e+01

step 3:
begin_of_step : max=  4.7111758466198808e+01 (rank 0), min=  1.0442382789657131e+01 (rank 65341), avr=  4.7080328891951893e+01, max-min=  3.6669375676541677e+01
before_reduce : max=  4.7490385693788994e+01 (rank 31425), min=  1.0520862072415184e+01 (rank 65340), avr=  4.7440068274589315e+01, max-min=  3.6969523621373810e+01
after_reduce  : max=  4.7492502366905683e+01 (rank 76162), min=  1.0532608875862934e+01 (rank 65340), avr=  4.7488688862220599e+01, max-min=  3.6959893491042749e+01
end_of_step   : max=  4.7492563037245418e+01 (rank 76162), min=  1.0532625347586873e+01 (rank 65340), avr=  4.7488749202339775e+01, max-min=  3.6959937689658545e+01

step 4:
begin_of_step : max=  4.7612751429653144e+01 (rank 0), min=  1.0553405126898724e+01 (rank 65341), avr=  4.7582603408451682e+01, max-min=  3.7059346302754420e+01
before_reduce : max=  4.7984349489648594e+01 (rank 31425), min=  1.0631586521380086e+01 (rank 65340), avr=  4.7941351154351274e+01, max-min=  3.7352762968268507e+01
after_reduce  : max=  4.7987065044144401e+01 (rank 28864), min=  1.0641715554484108e+01 (rank 65340), avr=  4.7982577400836391e+01, max-min=  3.7345349489660293e+01
end_of_step   : max=  4.7987124672421487e+01 (rank 28864), min=  1.0641732028965635e+01 (rank 65340), avr=  4.7982637708804809e+01, max-min=  3.7345392643455853e+01

step 5:
begin_of_step : max=  4.8104463229654357e+01 (rank 0), min=  1.0662196568275249e+01 (rank 65340), avr=  4.8075113751560281e+01, max-min=  3.7442266661379108e+01
before_reduce : max=  4.8478727278619772e+01 (rank 31425), min=  1.0740091355171899e+01 (rank 65340), avr=  4.8432842562931221e+01, max-min=  3.7738635923447873e+01
after_reduce  : max=  4.8480839460695279e+01 (rank 76162), min=  1.0750851517932460e+01 (rank 65340), avr=  4.8476975815390155e+01, max-min=  3.7729987942762818e+01
end_of_step   : max=  4.8480899948961451e+01 (rank 76162), min=  1.0750867689654115e+01 (rank 65340), avr=  4.8477036289032100e+01, max-min=  3.7730032259307336e+01

step 6:
begin_of_step : max=  4.8589559959989856e+01 (rank 0), min=  1.0769369337242097e+01 (rank 65340), avr=  4.8560697675964491e+01, max-min=  3.7820190622747759e+01
before_reduce : max=  4.8962020049657440e+01 (rank 31425), min=  1.0847197705516010e+01 (rank 65340), avr=  4.8917854361684626e+01, max-min=  3.8114822344141430e+01
after_reduce  : max=  4.8964137666902388e+01 (rank 76166), min=  1.0857506069656665e+01 (rank 65340), avr=  4.8960325013883917e+01, max-min=  3.8106631597245723e+01
end_of_step   : max=  4.8964196848959546e+01 (rank 76166), min=  1.0857522532412986e+01 (rank 65340), avr=  4.8960385529758661e+01, max-min=  3.8106674316546560e+01

step 7:
begin_of_step : max=  4.9078664127577213e+01 (rank 0), min=  1.0877552894482506e+01 (rank 65340), avr=  4.9050957214857483e+01, max-min=  3.8201111233094707e+01
before_reduce : max=  4.9449530106197926e+01 (rank 31425), min=  1.0955113852414797e+01 (rank 65340), avr=  4.9407151152303570e+01, max-min=  3.8494416253783129e+01
after_reduce  : max=  4.9452080773102352e+01 (rank 417), min=  1.0964990653104906e+01 (rank 65340), avr=  4.9447745405305291e+01, max-min=  3.8487090119997447e+01
end_of_step   : max=  4.9452143537244410e+01 (rank 417), min=  1.0965007297243574e+01 (rank 65340), avr=  4.9447805725714616e+01, max-min=  3.8487136240000837e+01

step 8:
begin_of_step : max=  4.9609792905510403e+01 (rank 0), min=  1.0994160191035917e+01 (rank 65341), avr=  4.9579674957942075e+01, max-min=  3.8615632714474486e+01
before_reduce : max=  4.9983521246205783e+01 (rank 31425), min=  1.1072217966207972e+01 (rank 65340), avr=  4.9938130056481555e+01, max-min=  3.8911303279997810e+01
after_reduce  : max=  4.9985637471036171e+01 (rank 73408), min=  1.1082784497932153e+01 (rank 65340), avr=  4.9981679676631785e+01, max-min=  3.8902852973104018e+01
end_of_step   : max=  4.9985710857930826e+01 (rank 73408), min=  1.1082800868276536e+01 (rank 65340), avr=  4.9981740023930399e+01, max-min=  3.8902909989654290e+01

step 9:
begin_of_step : max=  5.0102621323443600e+01 (rank 0), min=  1.1102963630346494e+01 (rank 65341), avr=  5.0073035508957993e+01, max-min=  3.8999657693097106e+01
before_reduce : max=  5.0475297070341185e+01 (rank 31425), min=  1.1180833857240941e+01 (rank 65340), avr=  5.0430815836170595e+01, max-min=  3.9294463213100244e+01
after_reduce  : max=  5.0478058082764619e+01 (rank 41432), min=  1.1191233652414667e+01 (rank 65340), avr=  5.0473495789748540e+01, max-min=  3.9286824430349952e+01
end_of_step   : max=  5.0478114901387016e+01 (rank 41432), min=  1.1191250239309738e+01 (rank 65340), avr=  5.0473556252155696e+01, max-min=  3.9286864662077278e+01

step 10:
begin_of_step : max=  5.0594199686194770e+01 (rank 0), min=  1.1211429638620757e+01 (rank 65340), avr=  5.0564945246797230e+01, max-min=  3.9382770047574013e+01
before_reduce : max=  5.0970568148273742e+01 (rank 31425), min=  1.1289261304827960e+01 (rank 65340), avr=  5.0922782097331798e+01, max-min=  3.9681306843445782e+01
after_reduce  : max=  5.0976434068274102e+01 (rank 58092), min=  1.1301159970345907e+01 (rank 65340), avr=  5.0972153345438244e+01, max-min=  3.9675274097928195e+01
end_of_step   : max=  5.0976492516550934e+01 (rank 58092), min=  1.1301175909655285e+01 (rank 65340), avr=  5.0972213784281259e+01, max-min=  3.9675316606895649e+01

step 11:
begin_of_step : max=  5.1088347389653791e+01 (rank 0), min=  1.1320445175861096e+01 (rank 65340), avr=  5.1059502429742857e+01, max-min=  3.9767902213792695e+01
before_reduce : max=  5.1472943206201307e+01 (rank 31425), min=  1.1398104398620490e+01 (rank 65340), avr=  5.1416590687729297e+01, max-min=  4.0074838807580818e+01
after_reduce  : max=  5.1475104624827509e+01 (rank 76162), min=  1.1411124926897173e+01 (rank 65340), avr=  5.1471101411662964e+01, max-min=  4.0063979697930336e+01
end_of_step   : max=  5.1475163428971427e+01 (rank 76162), min=  1.1411141022068477e+01 (rank 65340), avr=  5.1471161916798586e+01, max-min=  4.0064022406902950e+01

step 12:
begin_of_step : max=  5.1585213209647918e+01 (rank 0), min=  1.1429847082759807e+01 (rank 65341), avr=  5.1555804247129025e+01, max-min=  4.0155366126888111e+01
before_reduce : max=  5.1960474042061833e+01 (rank 31425), min=  1.1507681346207391e+01 (rank 65340), avr=  5.1913356436214045e+01, max-min=  4.0452792695854441e+01
after_reduce  : max=  5.1963775993790478e+01 (rank 51140), min=  1.1518552239998826e+01 (rank 65340), avr=  5.1958569437346526e+01, max-min=  4.0445223753791652e+01
end_of_step   : max=  5.1963832426205045e+01 (rank 51140), min=  1.1518568780691567e+01 (rank 65340), avr=  5.1958629911664936e+01, max-min=  4.0445263645513478e+01

step 13:
begin_of_step : max=  5.2079057811031817e+01 (rank 0), min=  1.1538531510344910e+01 (rank 65340), avr=  5.2049090347561020e+01, max-min=  4.0540526300686906e+01
before_reduce : max=  5.2460710439991090e+01 (rank 31425), min=  1.1616524477933126e+01 (rank 65340), avr=  5.2407291774587641e+01, max-min=  4.0844185962057963e+01
after_reduce  : max=  5.2462811553108622e+01 (rank 76162), min=  1.1628762465516047e+01 (rank 65340), avr=  5.2458747166112232e+01, max-min=  4.0834049087592575e+01
end_of_step   : max=  5.2462872313801199e+01 (rank 76162), min=  1.1628778705518926e+01 (rank 65340), avr=  5.2458807620867951e+01, max-min=  4.0834093608282274e+01

step 14:
begin_of_step : max=  5.2577996409643674e+01 (rank 0), min=  1.1648489678624173e+01 (rank 65341), avr=  5.2548057925804287e+01, max-min=  4.0929506731019501e+01
before_reduce : max=  5.2974748446198646e+01 (rank 31425), min=  1.1726475426206889e+01 (rank 65340), avr=  5.2906364993019054e+01, max-min=  4.1248273019991757e+01
after_reduce  : max=  5.2976947201386793e+01 (rank 76162), min=  1.1742045475861232e+01 (rank 65340), avr=  5.2972845613593869e+01, max-min=  4.1234901725525560e+01
end_of_step   : max=  5.2977010097238235e+01 (rank 76162), min=  1.1742062002071179e+01 (rank 65340), avr=  5.2972906047533172e+01, max-min=  4.1234948095167056e+01

step 15:
begin_of_step : max=  5.3096804849643377e+01 (rank 0), min=  1.1763143633106665e+01 (rank 65341), avr=  5.3068334964318808e+01, max-min=  4.1333661216536711e+01
before_reduce : max=  5.3491307448275620e+01 (rank 31425), min=  1.1840751160001673e+01 (rank 65340), avr=  5.3424908283310792e+01, max-min=  4.1650556288273947e+01
after_reduce  : max=  5.3493511828972260e+01 (rank 76162), min=  1.1855877140689699e+01 (rank 65340), avr=  5.3489358964621047e+01, max-min=  4.1637634688282560e+01
end_of_step   : max=  5.3493696933102910e+01 (rank 52708), min=  1.1855893632415246e+01 (rank 65340), avr=  5.3489419419856532e+01, max-min=  4.1637803300687665e+01

step 16:
begin_of_step : max=  5.3620862229654449e+01 (rank 0), min=  1.1878182960001141e+01 (rank 65341), avr=  5.3590309602250123e+01, max-min=  4.1742679269653308e+01
before_reduce : max=  5.4007430453784764e+01 (rank 31425), min=  1.1956229553103185e+01 (rank 65340), avr=  5.3948882543560167e+01, max-min=  4.2051200900681579e+01
after_reduce  : max=  5.4009610757246264e+01 (rank 76162), min=  1.1969636375171831e+01 (rank 65340), avr=  5.4005471913121632e+01, max-min=  4.2039974382074433e+01
end_of_step   : max=  5.4009842918618233e+01 (rank 46232), min=  1.1969652864139789e+01 (rank 65340), avr=  5.4005532386277409e+01, max-min=  4.2040190054478444e+01

step 17:
begin_of_step : max=  5.4164646801378694e+01 (rank 0), min=  1.1997877250345482e+01 (rank 65341), avr=  5.4133240794078219e+01, max-min=  4.2166769551033212e+01
before_reduce : max=  5.4544411052411306e+01 (rank 31425), min=  1.2076281074481813e+01 (rank 65340), avr=  5.4493336876935864e+01, max-min=  4.2468129977929493e+01
after_reduce  : max=  5.4546494453796186e+01 (rank 76166), min=  1.2088013251723169e+01 (rank 65340), avr=  5.4542352009635628e+01, max-min=  4.2458481202073017e+01
end_of_step   : max=  5.4546555396547774e+01 (rank 76166), min=  1.2088029593105603e+01 (rank 65340), avr=  5.4542412537974307e+01, max-min=  4.2458525803442171e+01

step 18:
begin_of_step : max=  5.4662797921366291e+01 (rank 0), min=  1.2107904867585603e+01 (rank 65340), avr=  5.4632398714887763e+01, max-min=  4.2554893053780688e+01
before_reduce : max=  5.5038088352404884e+01 (rank 31425), min=  1.2185813422071078e+01 (rank 65340), avr=  5.4990699621146106e+01, max-min=  4.2852274930333806e+01
after_reduce  : max=  5.5040228057245258e+01 (rank 76162), min=  1.2196800321380579e+01 (rank 65340), avr=  5.5036021540301043e+01, max-min=  4.2843427735864680e+01
end_of_step   : max=  5.5040286997245857e+01 (rank 76162), min=  1.2196816762760136e+01 (rank 65340), avr=  5.5036081922373029e+01, max-min=  4.2843470234485721e+01

step 19:
begin_of_step : max=  5.5149423391034361e+01 (rank 0), min=  1.2215601349656936e+01 (rank 65340), avr=  5.5121179787666904e+01, max-min=  4.2933822041377425e+01
before_reduce : max=  5.5522176059996127e+01 (rank 31425), min=  1.2293132684138982e+01 (rank 65340), avr=  5.5477562332603711e+01, max-min=  4.3229043375857145e+01
after_reduce  : max=  5.5524326979313628e+01 (rank 76162), min=  1.2303444290344487e+01 (rank 65340), avr=  5.5520133020194287e+01, max-min=  4.3220882688969141e+01
end_of_step   : max=  5.5524560630350607e+01 (rank 52176), min=  1.2303460304829059e+01 (rank 65340), avr=  5.5520193403505743e+01, max-min=  4.3221100325521547e+01

step 20:
begin_of_step : max=  5.5645783059997484e+01 (rank 0), min=  1.2324112573794991e+01 (rank 65340), avr=  5.5613738474898064e+01, max-min=  4.3321670486202493e+01
before_reduce : max=  5.6036335612414405e+01 (rank 31425), min=  1.2402515073103132e+01 (rank 65340), avr=  5.5974018393409686e+01, max-min=  4.3633820539311273e+01
after_reduce  : max=  5.6038521759313880e+01 (rank 76162), min=  1.2416717134481587e+01 (rank 65340), avr=  5.6034253163419407e+01, max-min=  4.3621804624832293e+01
end_of_step   : max=  5.6038581959306612e+01 (rank 76162), min=  1.2416733804828255e+01 (rank 65340), avr=  5.6034313578920653e+01, max-min=  4.3621848154478357e+01

step 21:
begin_of_step : max=  5.6159983907578862e+01 (rank 0), min=  1.2437501323449396e+01 (rank 65340), avr=  5.6128392334012062e+01, max-min=  4.3722482584129466e+01
before_reduce : max=  5.6547220387583366e+01 (rank 31425), min=  1.2515669896551117e+01 (rank 65340), avr=  5.6487748722531116e+01, max-min=  4.4031550491032249e+01
after_reduce  : max=  5.6549436147586675e+01 (rank 76162), min=  1.2529278455171152e+01 (rank 65340), avr=  5.6545139244179268e+01, max-min=  4.4020157692415523e+01
end_of_step   : max=  5.6549497473795782e+01 (rank 76162), min=  1.2529294895863131e+01 (rank 65340), avr=  5.6545199936928043e+01, max-min=  4.4020202577932650e+01

step 22:
begin_of_step : max=  5.6666186741378624e+01 (rank 0), min=  1.2549158576552145e+01 (rank 65340), avr=  5.6635135673148795e+01, max-min=  4.4117028164826479e+01
before_reduce : max=  5.7046234779991210e+01 (rank 31425), min=  1.2627382184826274e+01 (rank 65340), avr=  5.6994022611222185e+01, max-min=  4.4418852595164935e+01
after_reduce  : max=  5.7048378089661128e+01 (rank 76166), min=  1.2639221738620108e+01 (rank 65340), avr=  5.7044095622712049e+01, max-min=  4.4409156351041020e+01
end_of_step   : max=  5.7048439711041283e+01 (rank 76166), min=  1.2639237967585359e+01 (rank 65340), avr=  5.7044156028601286e+01, max-min=  4.4409201743455924e+01

step 23:
begin_of_step : max=  5.7166002253783518e+01 (rank 0), min=  1.2659902103448985e+01 (rank 65340), avr=  5.7137765831179991e+01, max-min=  4.4506100150334532e+01
before_reduce : max=  5.7544717458615196e+01 (rank 31425), min=  1.2737435367587750e+01 (rank 65340), avr=  5.7493870886543625e+01, max-min=  4.4807282091027446e+01
after_reduce  : max=  5.7547234107580152e+01 (rank 25617), min=  1.2749039407586679e+01 (rank 65340), avr=  5.7542598515692461e+01, max-min=  4.4798194699993473e+01
end_of_step   : max=  5.7547342908277642e+01 (rank 43656), min=  1.2749055733103887e+01 (rank 65340), avr=  5.7542658886426878e+01, max-min=  4.4798287175173755e+01

step 24:
begin_of_step : max=  5.7697404441380058e+01 (rank 0), min=  1.2776516010348132e+01 (rank 65341), avr=  5.7667140724680415e+01, max-min=  4.4920888431031926e+01
before_reduce : max=  5.8076632886208245e+01 (rank 31425), min=  1.2854373480691720e+01 (rank 65340), avr=  5.8025336176230354e+01, max-min=  4.5222259405516525e+01
after_reduce  : max=  5.8079018107586307e+01 (rank 76162), min=  1.2866271661379869e+01 (rank 65340), avr=  5.8074597923257691e+01, max-min=  4.5212746446206438e+01
end_of_step   : max=  5.8079077508969931e+01 (rank 76162), min=  1.2866288047585840e+01 (rank 65340), avr=  5.8074658382271593e+01, max-min=  4.5212789461384091e+01

step 25:
begin_of_step : max=  5.8197951909649419e+01 (rank 0), min=  1.2886998812417005e+01 (rank 65341), avr=  5.8168522554998916e+01, max-min=  4.5310953097232414e+01
before_reduce : max=  5.8575814619995072e+01 (rank 31425), min=  1.2964779483449092e+01 (rank 65340), avr=  5.8525710885215510e+01, max-min=  4.5611035136545979e+01
after_reduce  : max=  5.8578125235173502e+01 (rank 76162), min=  1.2976214213103958e+01 (rank 65340), avr=  5.8573656196146800e+01, max-min=  4.5601911022069544e+01
end_of_step   : max=  5.8578184623445850e+01 (rank 76162), min=  1.2976230530344765e+01 (rank 65340), avr=  5.8573716758281194e+01, max-min=  4.5601954093101085e+01

step 26:
begin_of_step : max=  5.8718427826199331e+01 (rank 0), min=  1.3002473594482581e+01 (rank 65340), avr=  5.8692522142629436e+01, max-min=  4.5715954231716751e+01
before_reduce : max=  5.9092892275861232e+01 (rank 31425), min=  1.3079346417933266e+01 (rank 65340), avr=  5.9046257543952343e+01, max-min=  4.6013545857927966e+01
after_reduce  : max=  5.9095099051031866e+01 (rank 76162), min=  1.3090149328276311e+01 (rank 65340), avr=  5.9090633158419678e+01, max-min=  4.6004949722755555e+01
end_of_step   : max=  5.9095164033802575e+01 (rank 76162), min=  1.3090165688965499e+01 (rank 65340), avr=  5.9090693811517795e+01, max-min=  4.6004998344837077e+01

step 27:
begin_of_step : max=  5.9197848533789511e+01 (rank 0), min=  1.3108084495863295e+01 (rank 65341), avr=  5.9171852204989875e+01, max-min=  4.6089764037926216e+01
before_reduce : max=  5.9580535526198219e+01 (rank 31425), min=  1.3184944823449769e+01 (rank 65340), avr=  5.9526642443393044e+01, max-min=  4.6395590702748450e+01
after_reduce  : max=  5.9582841179319075e+01 (rank 76162), min=  1.3197544782760815e+01 (rank 65340), avr=  5.9578304554892775e+01, max-min=  4.6385296396558260e+01
end_of_step   : max=  5.9582905623450642e+01 (rank 76162), min=  1.3197561186207167e+01 (rank 65340), avr=  5.9578365039689714e+01, max-min=  4.6385344437243475e+01

step 28:
begin_of_step : max=  5.9698326101366547e+01 (rank 0), min=  1.3217395190345997e+01 (rank 65341), avr=  5.9668229316105965e+01, max-min=  4.6480930911020550e+01
before_reduce : max=  6.0070081447585835e+01 (rank 31425), min=  1.3295224759309349e+01 (rank 65340), avr=  6.0026110666992032e+01, max-min=  4.6774856688276486e+01
after_reduce  : max=  6.0072253045524121e+01 (rank 76162), min=  1.3305347451034322e+01 (rank 65340), avr=  6.0067775263589226e+01, max-min=  4.6766905594489799e+01
end_of_step   : max=  6.0072313488970394e+01 (rank 76162), min=  1.3305363494484482e+01 (rank 65340), avr=  6.0067835607092817e+01, max-min=  4.6766949994485913e+01

step 29:
begin_of_step : max=  6.0179107120682602e+01 (rank 0), min=  1.3323195926208427e+01 (rank 65340), avr=  6.0148642017036053e+01, max-min=  4.6855911194474174e+01
before_reduce : max=  6.0550078515851055e+01 (rank 31425), min=  1.3401101350344106e+01 (rank 65340), avr=  6.0506736974871501e+01, max-min=  4.7148977165506949e+01
after_reduce  : max=  6.0552398146901396e+01 (rank 76162), min=  1.3411056105516764e+01 (rank 65340), avr=  6.0547835725012597e+01, max-min=  4.7141342041384632e+01
end_of_step   : max=  6.0552457181387581e+01 (rank 76162), min=  1.3411072366208828e+01 (rank 65340), avr=  6.0547896137029355e+01, max-min=  4.7141384815178753e+01

step 30:
begin_of_step : max=  6.0675900037240353e+01 (rank 0), min=  1.3432668649656989e+01 (rank 65340), avr=  6.0645828540503537e+01, max-min=  4.7243231387583364e+01
before_reduce : max=  6.1054372726197471e+01 (rank 31425), min=  1.3510476253792149e+01 (rank 65340), avr=  6.1003643610637525e+01, max-min=  4.7543896472405322e+01
after_reduce  : max=  6.1056635199318407e+01 (rank 76162), min=  1.3522087710345659e+01 (rank 65340), avr=  6.1052066161765048e+01, max-min=  4.7534547488972748e+01
end_of_step   : max=  6.1056695095176110e+01 (rank 76162), min=  1.3522103769657406e+01 (rank 65340), avr=  6.1052126609457076e+01, max-min=  4.7534591325518704e+01

step 31:
begin_of_step : max=  6.1163546603434952e+01 (rank 0), min=  1.3540388251036347e+01 (rank 65340), avr=  6.1134967929803260e+01, max-min=  4.7623158352398605e+01
before_reduce : max=  6.1540174072404625e+01 (rank 31425), min=  1.3617960376552219e+01 (rank 65340), avr=  6.1491349517633616e+01, max-min=  4.7922213695852406e+01
after_reduce  : max=  6.1543602329649730e+01 (rank 76166), min=  1.3629307093102398e+01 (rank 65340), avr=  6.1539044675295862e+01, max-min=  4.7914295236547332e+01
end_of_step   : max=  6.1543664017241099e+01 (rank 76166), min=  1.3629323595174355e+01 (rank 65340), avr=  6.1539105133112265e+01, max-min=  4.7914340422066743e+01

step 32:
begin_of_step : max=  6.1691377781375195e+01 (rank 0), min=  1.3655932108966226e+01 (rank 65340), avr=  6.1659733260552429e+01, max-min=  4.8035445672408969e+01
before_reduce : max=  6.2065477542069857e+01 (rank 31425), min=  1.3734011566208210e+01 (rank 65340), avr=  6.2018972234574392e+01, max-min=  4.8331465975861647e+01
after_reduce  : max=  6.2068234820690122e+01 (rank 18897), min=  1.3744736481381551e+01 (rank 65340), avr=  6.2063113761465139e+01, max-min=  4.8323498339308571e+01
end_of_step   : max=  6.2068294531025458e+01 (rank 18897), min=  1.3744753168964962e+01 (rank 65340), avr=  6.2063174109905866e+01, max-min=  4.8323541362060496e+01

step 33:
begin_of_step : max=  6.2180322269647149e+01 (rank 0), min=  1.3764261571723182e+01 (rank 65340), avr=  6.2151590092421465e+01, max-min=  4.8416060697923967e+01
before_reduce : max=  6.2561011706202407e+01 (rank 31425), min=  1.3841750595864141e+01 (rank 65340), avr=  6.2507974161483943e+01, max-min=  4.8719261110338266e+01
after_reduce  : max=  6.2563395797245903e+01 (rank 76162), min=  1.3853849342758622e+01 (rank 65340), avr=  6.2558627222817350e+01, max-min=  4.8709546454487281e+01
end_of_step   : max=  6.2563458039308898e+01 (rank 76162), min=  1.3853865706209035e+01 (rank 65340), avr=  6.2558687680675746e+01, max-min=  4.8709592333099863e+01

step 34:
begin_of_step : max=  6.2716923417232465e+01 (rank 0), min=  1.3881942729654838e+01 (rank 65340), avr=  6.2685931820705079e+01, max-min=  4.8834980687577627e+01
before_reduce : max=  6.3088571899992530e+01 (rank 31425), min=  1.3959934848277044e+01 (rank 65340), avr=  6.3044396324051583e+01, max-min=  4.9128637051715486e+01
after_reduce  : max=  6.3091071948962053e+01 (rank 24696), min=  1.3970093551033642e+01 (rank 65340), avr=  6.3086239508540793e+01, max-min=  4.9120978397928411e+01
end_of_step   : max=  6.3091129293097765e+01 (rank 24696), min=  1.3970109644138574e+01 (rank 65340), avr=  6.3086299814933334e+01, max-min=  4.9121019648959191e+01

step 35:
begin_of_step : max=  6.3206542733780225e+01 (rank 0), min=  1.3989835497934109e+01 (rank 65341), avr=  6.3175701215447930e+01, max-min=  4.9216707235846116e+01
before_reduce : max=  6.3590433512406889e+01 (rank 31425), min=  1.4067864126205677e+01 (rank 65340), avr=  6.3534056716871497e+01, max-min=  4.9522569386201212e+01
after_reduce  : max=  6.3592714554484701e+01 (rank 76162), min=  1.4080595319999702e+01 (rank 65340), avr=  6.3587990691917625e+01, max-min=  4.9512119234484999e+01
end_of_step   : max=  6.3592776515171863e+01 (rank 76162), min=  1.4080611582758138e+01 (rank 65340), avr=  6.3588051153000492e+01, max-min=  4.9512164932413725e+01

step 36:
begin_of_step : max=  6.3707423257234041e+01 (rank 0), min=  1.4100409177932306e+01 (rank 65340), avr=  6.3677774404323010e+01, max-min=  4.9607014079301734e+01
before_reduce : max=  6.4097112333794939e+01 (rank 31425), min=  1.4178043228275783e+01 (rank 65340), avr=  6.4034984862896877e+01, max-min=  4.9919069105519156e+01
after_reduce  : max=  6.4099410277238348e+01 (rank 76162), min=  1.4192178682758822e+01 (rank 65340), avr=  6.4094668523387853e+01, max-min=  4.9907231594479526e+01
end_of_step   : max=  6.4099470169661799e+01 (rank 76162), min=  1.4192194722068962e+01 (rank 65340), avr=  6.4094729064693794e+01, max-min=  4.9907275447592838e+01

step 37:
begin_of_step : max=  6.4210265079993405e+01 (rank 0), min=  1.4211273599310516e+01 (rank 65340), avr=  6.4181182121358617e+01, max-min=  4.9998991480682889e+01
before_reduce : max=  6.4588883053787868e+01 (rank 31425), min=  1.4288761180690926e+01 (rank 65340), avr=  6.4537861839324833e+01, max-min=  5.0300121873096941e+01
after_reduce  : max=  6.4591131638619117e+01 (rank 76162), min=  1.4300491075864556e+01 (rank 65341), avr=  6.4586403973246604e+01, max-min=  5.0290640562754561e+01
end_of_step   : max=  6.4591191631727270e+01 (rank 76162), min=  1.4300507242758613e+01 (rank 65341), avr=  6.4586464371472729e+01, max-min=  5.0290684388968657e+01

step 38:
begin_of_step : max=  6.4702833835166530e+01 (rank 0), min=  1.4319468187586608e+01 (rank 65340), avr=  6.4672503733664470e+01, max-min=  5.0383365647579922e+01
before_reduce : max=  6.5078190215863287e+01 (rank 31425), min=  1.4397298837931885e+01 (rank 65340), avr=  6.5030298661457124e+01, max-min=  5.0680891377931403e+01
after_reduce  : max=  6.5080434881383553e+01 (rank 76162), min=  1.4408194756553712e+01 (rank 65340), avr=  6.5075637923503862e+01, max-min=  5.0672240124829841e+01
end_of_step   : max=  6.5080495459318627e+01 (rank 76162), min=  1.4408211155172467e+01 (rank 65340), avr=  6.5075698205614714e+01, max-min=  5.0672284304146160e+01

step 39:
begin_of_step : max=  6.5231707669649040e+01 (rank 0), min=  1.4435646777932561e+01 (rank 65341), avr=  6.5200030171326972e+01, max-min=  5.0796060891716479e+01
before_reduce : max=  6.5617442752409261e+01 (rank 31425), min=  1.4513725604138017e+01 (rank 65340), avr=  6.5559148411402319e+01, max-min=  5.1103717148271244e+01
after_reduce  : max=  6.5619644241378410e+01 (rank 76162), min=  1.4526978134483215e+01 (rank 65340), avr=  6.5614837641601611e+01, max-min=  5.1092666106895194e+01
end_of_step   : max=  6.5619703355172533e+01 (rank 76162), min=  1.4526994642070349e+01 (rank 65340), avr=  6.5614898039727493e+01, max-min=  5.1092708713102184e+01

step 40:
begin_of_step : max=  6.5767960784825846e+01 (rank 0), min=  1.4554007081380405e+01 (rank 65340), avr=  6.5737371205909227e+01, max-min=  5.1213953703445441e+01
before_reduce : max=  6.6143844866208383e+01 (rank 31425), min=  1.4631906964827067e+01 (rank 65340), avr=  6.6095282599323568e+01, max-min=  5.1511937901381316e+01
after_reduce  : max=  6.6146104059313075e+01 (rank 76162), min=  1.4642956241379579e+01 (rank 65340), avr=  6.6141254004860329e+01, max-min=  5.1503147817933495e+01
end_of_step   : max=  6.6146162645512959e+01 (rank 76162), min=  1.4642973115172936e+01 (rank 65340), avr=  6.6141314419756256e+01, max-min=  5.1503189530340023e+01

step 41:
begin_of_step : max=  6.6264337409651489e+01 (rank 0), min=  1.4663195430344786e+01 (rank 65340), avr=  6.6232921793723150e+01, max-min=  5.1601141979306703e+01
before_reduce : max=  6.6638967342063552e+01 (rank 31425), min=  1.4741268753103213e+01 (rank 65340), avr=  6.6591652536092369e+01, max-min=  5.1897698588960338e+01
after_reduce  : max=  6.6641408395182225e+01 (rank 76162), min=  1.4752029178620433e+01 (rank 65340), avr=  6.6636461855142031e+01, max-min=  5.1889379216561792e+01
end_of_step   : max=  6.6641466859306092e+01 (rank 76162), min=  1.4752045775861916e+01 (rank 65340), avr=  6.6636522457917110e+01, max-min=  5.1889421083444176e+01

step 42:
begin_of_step : max=  6.6792669809641666e+01 (rank 0), min=  1.4779397258622339e+01 (rank 65341), avr=  6.6760434825159862e+01, max-min=  5.2013272551019327e+01
before_reduce : max=  6.7169584869654500e+01 (rank 31425), min=  1.4857684797243564e+01 (rank 65340), avr=  6.7120248670512851e+01, max-min=  5.2311900072410936e+01
after_reduce  : max=  6.7172166590346023e+01 (rank 74388), min=  1.4868908746208035e+01 (rank 65340), avr=  6.7166943629746427e+01, max-min=  5.2303257844137988e+01
end_of_step   : max=  6.7172223744128132e+01 (rank 74388), min=  1.4868925054484862e+01 (rank 65340), avr=  6.7167003992992434e+01, max-min=  5.2303298689643270e+01

step 43:
begin_of_step : max=  6.7283182693790877e+01 (rank 0), min=  1.4887943613102834e+01 (rank 65340), avr=  6.7253218245825877e+01, max-min=  5.2395239080688043e+01
before_reduce : max=  6.7657056363445008e+01 (rank 31425), min=  1.4965664864139399e+01 (rank 65340), avr=  6.7610609796174472e+01, max-min=  5.2691391499305610e+01
after_reduce  : max=  6.7659626678621862e+01 (rank 50880), min=  1.4976272246207373e+01 (rank 65340), avr=  6.7654477191158378e+01, max-min=  5.2683354432414490e+01
end_of_step   : max=  6.7659956012415932e+01 (rank 50880), min=  1.4976288332414697e+01 (rank 65340), avr=  6.7654537510732439e+01, max-min=  5.2683667680001236e+01

step 44:
begin_of_step : max=  6.7807314049641718e+01 (rank 0), min=  1.5003042190346605e+01 (rank 65340), avr=  6.7775799273553403e+01, max-min=  5.2804271859295113e+01
before_reduce : max=  6.8187020942059462e+01 (rank 31425), min=  1.5081197120689467e+01 (rank 65340), avr=  6.8134634305243665e+01, max-min=  5.3105823821369995e+01
after_reduce  : max=  6.8189352565517765e+01 (rank 76162), min=  1.5093007513103657e+01 (rank 65340), avr=  6.8184365785201379e+01, max-min=  5.3096345052414108e+01
end_of_step   : max=  6.8189413357249578e+01 (rank 76162), min=  1.5093023847588483e+01 (rank 65340), avr=  6.8184426054260015e+01, max-min=  5.3096389509661094e+01

step 45:
begin_of_step : max=  6.8292502589654760e+01 (rank 0), min=  1.5110508440000558e+01 (rank 65340), avr=  6.8263685798159003e+01, max-min=  5.3181994149654201e+01
before_reduce : max=  6.8674605953783612e+01 (rank 31425), min=  1.5188011791724421e+01 (rank 65340), avr=  6.8620297613651786e+01, max-min=  5.3486594162059191e+01
after_reduce  : max=  6.8676956320690806e+01 (rank 76162), min=  1.5200369297930592e+01 (rank 65340), avr=  6.8671924272527690e+01, max-min=  5.3476587022760214e+01
end_of_step   : max=  6.8677016845525941e+01 (rank 76162), min=  1.5200385640000604e+01 (rank 65340), avr=  6.8671984800084502e+01, max-min=  5.3476631205525337e+01

step 46:
begin_of_step : max=  6.8791269485504017e+01 (rank 0), min=  1.5219734855174465e+01 (rank 65341), avr=  6.8759711462069603e+01, max-min=  5.3571534630329552e+01
before_reduce : max=  6.9165511846207664e+01 (rank 31425), min=  1.5297948766896297e+01 (rank 65340), avr=  6.9118811034358885e+01, max-min=  5.3867563079311367e+01
after_reduce  : max=  6.9167873155180132e+01 (rank 76162), min=  1.5308454319310840e+01 (rank 65340), avr=  6.9162824333294978e+01, max-min=  5.3859418835869292e+01
end_of_step   : max=  6.9167936039317283e+01 (rank 76162), min=  1.5308470573105296e+01 (rank 65340), avr=  6.9162884765118250e+01, max-min=  5.3859465466211986e+01

step 47:
begin_of_step : max=  6.9270736269652843e+01 (rank 0), min=  1.5325425435861689e+01 (rank 65340), avr=  6.9239747720768904e+01, max-min=  5.3945310833791154e+01
before_reduce : max=  6.9656653647587518e+01 (rank 31425), min=  1.5403288733105001e+01 (rank 65340), avr=  6.9598182470664014e+01, max-min=  5.4253364914482518e+01
after_reduce  : max=  6.9659025739310891e+01 (rank 76162), min=  1.5416574037240935e+01 (rank 65340), avr=  6.9653968356855458e+01, max-min=  5.4242451702069957e+01
end_of_step   : max=  6.9659450448278221e+01 (rank 58820), min=  1.5416590040000301e+01 (rank 65340), avr=  6.9654028713018278e+01, max-min=  5.4242860408277920e+01

step 48:
begin_of_step : max=  6.9811730981367873e+01 (rank 0), min=  1.5444407557242812e+01 (rank 65340), avr=  6.9780123364917287e+01, max-min=  5.4367323424125061e+01
before_reduce : max=  7.0195959815857350e+01 (rank 31425), min=  1.5522486356552690e+01 (rank 65340), avr=  7.0138999923032742e+01, max-min=  5.4673473459304660e+01
after_reduce  : max=  7.0206364161378588e+01 (rank 76166), min=  1.5537143801378988e+01 (rank 65340), avr=  7.0201282589477188e+01, max-min=  5.4669220359999599e+01
end_of_step   : max=  7.0206424286894617e+01 (rank 76166), min=  1.5537160485517234e+01 (rank 65340), avr=  7.0201343011944957e+01, max-min=  5.4669263801377383e+01

step 49:
begin_of_step : max=  7.0358821649642778e+01 (rank 0), min=  1.5564981953793904e+01 (rank 65341), avr=  7.0327294256034008e+01, max-min=  5.4793839695848874e+01
before_reduce : max=  7.0741895288272644e+01 (rank 31425), min=  1.5642991605516727e+01 (rank 65340), avr=  7.0686002941815715e+01, max-min=  5.5098903682755918e+01
after_reduce  : max=  7.0744270465511363e+01 (rank 35220), min=  1.5655636941381090e+01 (rank 65340), avr=  7.0739071531830959e+01, max-min=  5.5088633524130273e+01
end_of_step   : max=  7.0744533679302549e+01 (rank 35220), min=  1.5655653363450256e+01 (rank 65340), avr=  7.0739132064486313e+01, max-min=  5.5088880315852293e+01

step 50:
begin_of_step : max=  7.0897133593782200e+01 (rank 0), min=  1.5683426520001376e+01 (rank 65341), avr=  7.0864882455276330e+01, max-min=  5.5213707073780824e+01
before_reduce : max=  7.1271139537231647e+01 (rank 31425), min=  1.5761558314483409e+01 (rank 65340), avr=  7.1224313901286081e+01, max-min=  5.5509581222748238e+01
after_reduce  : max=  7.1273476040005335e+01 (rank 76166), min=  1.5772282931033260e+01 (rank 65340), avr=  7.1268316162278268e+01, max-min=  5.5501193108972075e+01
end_of_step   : max=  7.1273536815177067e+01 (rank 76166), min=  1.5772299231724901e+01 (rank 65340), avr=  7.1268376591664747e+01, max-min=  5.5501237583452166e+01

step 51:
begin_of_step : max=  7.1384618629643228e+01 (rank 0), min=  1.5791223100000934e+01 (rank 65340), avr=  7.1354164274278389e+01, max-min=  5.5593395529642294e+01
before_reduce : max=  7.1764106989649008e+01 (rank 31425), min=  1.5869036885516834e+01 (rank 65340), avr=  7.1711802538572343e+01, max-min=  5.5895070104132174e+01
after_reduce  : max=  7.1766585126897553e+01 (rank 6552), min=  1.5880856420000782e+01 (rank 65340), avr=  7.1761267894126021e+01, max-min=  5.5885728706896771e+01
end_of_step   : max=  7.1766643584138365e+01 (rank 6552), min=  1.5880873186895769e+01 (rank 65340), avr=  7.1761328295086173e+01, max-min=  5.5885770397242595e+01

step 52:
begin_of_step : max=  7.1881129489644081e+01 (rank 0), min=  1.5900505815861834e+01 (rank 65340), avr=  7.1850297350071656e+01, max-min=  5.5980623673782247e+01
before_reduce : max=  7.2256783952412661e+01 (rank 31425), min=  1.5978381280689064e+01 (rank 65340), avr=  7.2208213709816633e+01, max-min=  5.6278402671723597e+01
after_reduce  : max=  7.2259203544133925e+01 (rank 76166), min=  1.5989370197930839e+01 (rank 65340), avr=  7.2253997912219688e+01, max-min=  5.6269833346203086e+01
end_of_step   : max=  7.2259263863452361e+01 (rank 76166), min=  1.5989386517241655e+01 (rank 65340), avr=  7.2254058207176627e+01, max-min=  5.6269877346210706e+01

step 53:
begin_of_step : max=  7.2407447917241370e+01 (rank 0), min=  1.6016189548965485e+01 (rank 65341), avr=  7.2375529036816573e+01, max-min=  5.6391258368275885e+01
before_reduce : max=  7.2784585962057463e+01 (rank 31425), min=  1.6094326345519221e+01 (rank 65340), avr=  7.2734537282625070e+01, max-min=  5.6690259616538242e+01
after_reduce  : max=  7.2786971261375584e+01 (rank 76162), min=  1.6105612333794852e+01 (rank 65340), avr=  7.2781725022164380e+01, max-min=  5.6681358927580732e+01
end_of_step   : max=  7.2787032185515272e+01 (rank 76162), min=  1.6105628718622029e+01 (rank 65340), avr=  7.2781785577778521e+01, max-min=  5.6681403466893244e+01

step 54:
begin_of_step : max=  7.2902422269646195e+01 (rank 0), min=  1.6125478306898003e+01 (rank 65341), avr=  7.2871836247897477e+01, max-min=  5.6776943962748192e+01
before_reduce : max=  7.3280368719992111e+01 (rank 31425), min=  1.6203338940689719e+01 (rank 65340), avr=  7.3229537738167053e+01, max-min=  5.7077029779302393e+01
after_reduce  : max=  7.3282773931030533e+01 (rank 76162), min=  1.6214789619309158e+01 (rank 65340), avr=  7.3277485445964345e+01, max-min=  5.7067984311721375e+01
end_of_step   : max=  7.3282834093799465e+01 (rank 76162), min=  1.6214805909654388e+01 (rank 65340), avr=  7.3277545846286984e+01, max-min=  5.7068028184145078e+01

step 55:
begin_of_step : max=  7.3393753441370791e+01 (rank 0), min=  1.6233699282071029e+01 (rank 65340), avr=  7.3363213550867982e+01, max-min=  5.7160054159299762e+01
before_reduce : max=  7.3778865043437690e+01 (rank 31425), min=  1.6311434616553015e+01 (rank 65340), avr=  7.3720788356905544e+01, max-min=  5.7467430426884675e+01
after_reduce  : max=  7.3781330337238614e+01 (rank 76162), min=  1.6324539943449054e+01 (rank 65340), avr=  7.3775977941352494e+01, max-min=  5.7456790393789561e+01
end_of_step   : max=  7.3781393759316416e+01 (rank 76162), min=  1.6324556082759955e+01 (rank 65340), avr=  7.3776038385370114e+01, max-min=  5.7456837676556461e+01

step 56:
begin_of_step : max=  7.3925968949653907e+01 (rank 0), min=  1.6350606433104986e+01 (rank 65341), avr=  7.3894089022840788e+01, max-min=  5.7575362516548921e+01
before_reduce : max=  7.4301021899300395e+01 (rank 31425), min=  1.6428755710345285e+01 (rank 65340), avr=  7.4253057328484473e+01, max-min=  5.7872266188955109e+01
after_reduce  : max=  7.4303406926206662e+01 (rank 76166), min=  1.6439552374482446e+01 (rank 65340), avr=  7.4298097724539417e+01, max-min=  5.7863854551724216e+01
end_of_step   : max=  7.4303467275167350e+01 (rank 76166), min=  1.6439568709654850e+01 (rank 65340), avr=  7.4298158126323230e+01, max-min=  5.7863898565512500e+01

step 57:
begin_of_step : max=  7.4454245637229178e+01 (rank 0), min=  1.6467012371726014e+01 (rank 65340), avr=  7.4422512147102509e+01, max-min=  5.7987233265503164e+01
before_reduce : max=  7.4828673342068214e+01 (rank 31425), min=  1.6544949222759897e+01 (rank 65340), avr=  7.4781288244072059e+01, max-min=  5.8283724119308317e+01
after_reduce  : max=  7.4831010669659008e+01 (rank 76162), min=  1.6555772007584892e+01 (rank 65340), avr=  7.4825648669803186e+01, max-min=  5.8275238662074116e+01
end_of_step   : max=  7.4831071399312350e+01 (rank 76162), min=  1.6555788213794585e+01 (rank 65340), avr=  7.4825709191032800e+01, max-min=  5.8275283185517765e+01

step 58:
begin_of_step : max=  7.4946731949647074e+01 (rank 0), min=  1.6575660447586415e+01 (rank 65341), avr=  7.4915741876560844e+01, max-min=  5.8371071502060659e+01
before_reduce : max=  7.5331254049655399e+01 (rank 31425), min=  1.6653408789654350e+01 (rank 65340), avr=  7.5273641575699472e+01, max-min=  5.8677845260001050e+01
after_reduce  : max=  7.5333641573786736e+01 (rank 76166), min=  1.6666451151722868e+01 (rank 65340), avr=  7.5328262115438164e+01, max-min=  5.8667190422063868e+01
end_of_step   : max=  7.5333701023453614e+01 (rank 76166), min=  1.6666467162071058e+01 (rank 65340), avr=  7.5328322475171703e+01, max-min=  5.8667233861382556e+01

step 59:
begin_of_step : max=  7.5487294663442299e+01 (rank 0), min=  1.6694261157932488e+01 (rank 65341), avr=  7.5454354754645095e+01, max-min=  5.8793033505509811e+01
before_reduce : max=  7.5857710533789941e+01 (rank 31425), min=  1.6772593383448111e+01 (rank 65340), avr=  7.5814196646681580e+01, max-min=  5.9085117150341830e+01
after_reduce  : max=  7.5860179837240139e+01 (rank 76162), min=  1.6782429097929707e+01 (rank 65340), avr=  7.5854678635769119e+01, max-min=  5.9077750739310432e+01
end_of_step   : max=  7.5860239879315486e+01 (rank 76162), min=  1.6782445170345454e+01 (rank 65340), avr=  7.5854738982594469e+01, max-min=  5.9077794708970032e+01

step 60:
begin_of_step : max=  7.5978852213782375e+01 (rank 0), min=  1.6802883540691255e+01 (rank 65340), avr=  7.5947367453595575e+01, max-min=  5.9175968673091120e+01
before_reduce : max=  7.6351676873789984e+01 (rank 31425), min=  1.6880793698619527e+01 (rank 65340), avr=  7.6305630338417515e+01, max-min=  5.9470883175170457e+01
after_reduce  : max=  7.6356216163447243e+01 (rank 76162), min=  1.6891677796553267e+01 (rank 65340), avr=  7.6350752754437963e+01, max-min=  5.9464538366893976e+01
end_of_step   : max=  7.6356274627585663e+01 (rank 76162), min=  1.6891694333793566e+01 (rank 65340), avr=  7.6350813221347707e+01, max-min=  5.9464580293792096e+01

step 61:
begin_of_step : max=  7.6472250559992972e+01 (rank 0), min=  1.6911537759999192e+01 (rank 65340), avr=  7.6440871972236081e+01, max-min=  5.9560712799993780e+01
before_reduce : max=  7.6842653878615238e+01 (rank 31425), min=  1.6989526328965439e+01 (rank 65340), avr=  7.6799146234703201e+01, max-min=  5.9853127549649798e+01
after_reduce  : max=  7.6845126885513309e+01 (rank 76162), min=  1.6999298471724615e+01 (rank 65340), avr=  7.6839610972537812e+01, max-min=  5.9845828413788695e+01
end_of_step   : max=  7.6845187851722585e+01 (rank 76162), min=  1.6999314640688681e+01 (rank 65340), avr=  7.6839671451160427e+01, max-min=  5.9845873211033904e+01

step 62:
begin_of_step : max=  7.6968595275160624e+01 (rank 0), min=  1.7020897321381199e+01 (rank 65340), avr=  7.6937583023129775e+01, max-min=  5.9947697953779425e+01
before_reduce : max=  7.7339073766197544e+01 (rank 31425), min=  1.7098613923448283e+01 (rank 65340), avr=  7.7295460645171971e+01, max-min=  6.0240459842749260e+01
after_reduce  : max=  7.7341536541382084e+01 (rank 76162), min=  1.7108600232415483e+01 (rank 65340), avr=  7.7336037975336680e+01, max-min=  6.0232936308966600e+01
end_of_step   : max=  7.7341597257240210e+01 (rank 76162), min=  1.7108616372413962e+01 (rank 65340), avr=  7.7336098323642560e+01, max-min=  6.0232980884826247e+01

step 63:
begin_of_step : max=  7.7487525489646941e+01 (rank 0), min=  1.7134932595865394e+01 (rank 65341), avr=  7.7455394618197786e+01, max-min=  6.0352592893781548e+01
before_reduce : max=  7.7871812575860531e+01 (rank 31425), min=  1.7213052886898367e+01 (rank 65340), avr=  7.7814310036468200e+01, max-min=  6.0658759688962164e+01
after_reduce  : max=  7.7874345835181884e+01 (rank 76162), min=  1.7225906263447541e+01 (rank 65340), avr=  7.7868733305891439e+01, max-min=  6.0648439571734343e+01
end_of_step   : max=  7.7874404903457616e+01 (rank 76162), min=  1.7225922602759965e+01 (rank 65340), avr=  7.7868793673827014e+01, max-min=  6.0648482300697651e+01

nan-e 0
A) system_grav[i].pos= 0.968382229988223   0.247462653999967    2.72033003055586e-21 id= 99982383920
A) system_grav[i].pos= 0.96838212254201   0.247463074382177    2.73139111044568e-21 id= 99982384496
A) system_grav[i].pos= 0.968382015081661   0.247463494779078    2.72808514400225e-21 id= 99982385072
A) system_grav[i].pos= 0.968381907687253   0.247463915223364    2.7099195085121e-21 id= 99982385648
A) system_grav[i].pos= 0.968381800256884   0.247464335959781    2.73438061726492e-21 id= 99982386224
B) system_grav[i].pos= 0.968382229988223   0.247462653999967    2.72033003055586e-21 id= 99982383920
B) system_grav[i].pos= 0.96838212254201   0.247463074382177    2.73139111044568e-21 id= 99982384496
B) system_grav[i].pos= 0.968382015081661   0.247463494779078    2.72808514400225e-21 id= 99982385072
B) system_grav[i].pos= 0.968381907687253   0.247463915223364    2.7099195085121e-21 id= 99982385648
B) system_grav[i].pos= 0.968381800256884   0.247464335959781    2.73438061726492e-21 id= 99982386224
C) system_grav[i].pos= 0.999500811966668   0.000188041599240863    2.72033003055586e-21 id= 99982383920
C) system_grav[i].pos= 0.99950081186492   0.00018847549540446    2.73139111044568e-21 id= 99982384496
C) system_grav[i].pos= 0.999500811753111   0.000188909409299843    2.72808514400225e-21 id= 99982385072
C) system_grav[i].pos= 0.999500811716917   0.000189343352792953    2.7099195085121e-21 id= 99982385648
C) system_grav[i].pos= 0.999500811718152   0.00018977758823227    2.73438061726492e-21 id= 99982386224
L.x = -2.42994533156842e-25 rel.err. = 111647551.900408
L.y = -4.95171788529593e-26 rel.err. = 37010029.1657344
L.z = 4.24209877108769e-10 rel.err. = 2.79547193412972e-11
#######################
  n_loop = 2
#######################
speed= 5496.20706765911 [Tflops]
speed= 21706.2873815928 [Tflops]
speed= 21705.8208814121 [Tflops]
[31m[1m CATCHSIG: Myid = 12677(CPU 9069,CG 1), si_signo = 8(Floating Point Exception: PC = 0x4ff0465df8) [0m
[vn009069:mpi_rank_12677][MPIDI_CH3_Abort] application called MPI_Abort(MPI_COMM_WORLD, 1000) - process 12677: No such file or directory (2)
