Perform: 4.257319e+02 [GF]
AllTime: 3.524799e-01
TotalTi: 3.232643e-01
Collect: 4.054606e-04 1.254270e-03
Decompo: 1.770258e-05 5.476193e-05
Exchang: 5.984604e-04 1.851304e-03
SetParL: 4.295196e-03 1.328695e-02
SetParG: 3.753986e-03 1.161275e-02
MakeLTr: 3.088696e-02 9.554709e-02
MakeGTr: 3.429825e-02 1.060997e-01
SetRoot: 1.723768e-03 5.332380e-03
CalcFor: 1.621877e-01 5.017186e-01
onlyKer: 1.150607e-01
CalcMLT: 1.890874e-03 5.849311e-03
CalcMGT: 3.579793e-03 1.107389e-02
MakeLE1: 3.947319e-03 1.221081e-02
MakeLE2: 0.000000e+00 0.000000e+00
ExchLE1: 1.050950e-02 3.251054e-02
ExchLE2: 0.000000e+00 0.000000e+00
MortonL: 2.723005e-02 8.423462e-02
MortonG: 2.778420e-02 8.594887e-02
LinkCeL: 3.649093e-03 1.128826e-02
LinkCeG: 6.505979e-03 2.012588e-02
