np_ave=17476
used mem size for tree=56109088
used mem size for tree(0)=0.056109088
# collectSample, decomposeDomain, exchangeParticles, makeLocal, makeGlobal, calcForce, calcMomentLocal, calcMomentGlobal, makeLET1st, makeLET2nd, exchangeLET1st, exchangeLET2nd
 +5.171061e-03 +4.051208e-03 +1.564954e+00 +2.081084e-02 +9.095907e-02 +1.421781e-01 +1.515150e-03 +3.445148e-03 +4.497051e-03 +0.000000e+00 +1.048582e-01 +0.000000e+00
 +2.182007e-03 +4.585981e-03 +2.335286e-02 +2.236891e-02 +3.108716e-02 +1.422820e-01 +1.477003e-03 +3.452063e-03 +2.554893e-03 +0.000000e+00 +2.780199e-02 +0.000000e+00
 +0.000000e+00 +0.000000e+00 +1.631212e-02 +2.186394e-02 +3.073597e-02 +1.421351e-01 +1.474142e-03 +3.458023e-03 +3.183842e-03 +0.000000e+00 +2.518797e-02 +0.000000e+00
 +0.000000e+00 +0.000000e+00 +1.660299e-02 +2.200675e-02 +3.067398e-02 +1.423621e-01 +1.479149e-03 +3.471851e-03 +2.399921e-03 +0.000000e+00 +2.694106e-02 +0.000000e+00
 +0.000000e+00 +0.000000e+00 +1.616192e-02 +2.182102e-02 +3.071976e-02 +1.421802e-01 +1.463890e-03 +3.866911e-03 +2.407074e-03 +0.000000e+00 +2.593207e-02 +0.000000e+00
 +1.377106e-03 +5.239010e-03 +1.889420e-02 +2.178311e-02 +3.139114e-02 +1.421480e-01 +1.490116e-03 +3.832102e-03 +2.391815e-03 +0.000000e+00 +2.665281e-02 +0.000000e+00
 +0.000000e+00 +0.000000e+00 +1.602578e-02 +2.180195e-02 +3.070307e-02 +1.422298e-01 +1.495123e-03 +3.816128e-03 +2.429962e-03 +0.000000e+00 +2.569985e-02 +0.000000e+00
 +0.000000e+00 +0.000000e+00 +1.590204e-02 +2.167082e-02 +3.118777e-02 +1.424410e-01 +1.864195e-03 +3.462076e-03 +2.972126e-03 +0.000000e+00 +2.468109e-02 +0.000000e+00
 +0.000000e+00 +0.000000e+00 +1.563597e-02 +2.172494e-02 +3.068185e-02 +1.419151e-01 +1.473904e-03 +3.499031e-03 +2.764940e-03 +0.000000e+00 +2.465296e-02 +0.000000e+00
 +1.322031e-03 +5.444050e-03 +1.801300e-02 +2.344513e-02 +3.252816e-02 +1.565938e-01 +1.580954e-03 +3.920078e-03 +2.647877e-03 +0.000000e+00 +2.271891e-02 +0.000000e+00
 +0.000000e+00 +0.000000e+00 +1.532197e-02 +2.375412e-02 +3.198886e-02 +1.572850e-01 +1.595974e-03 +3.571033e-03 +2.420902e-03 +0.000000e+00 +2.132201e-02 +0.000000e+00
 +0.000000e+00 +0.000000e+00 +1.490712e-02 +2.326608e-02 +3.276706e-02 +1.571641e-01 +1.988888e-03 +3.542900e-03 +2.413034e-03 +0.000000e+00 +2.132416e-02 +0.000000e+00
 +0.000000e+00 +0.000000e+00 +1.487207e-02 +2.354598e-02 +3.202200e-02 +1.568968e-01 +1.580000e-03 +3.957987e-03 +2.765894e-03 +0.000000e+00 +2.131915e-02 +0.000000e+00
 +1.389980e-03 +5.520105e-03 +1.695204e-02 +2.484703e-02 +3.263593e-02 +1.611171e-01 +1.588106e-03 +3.615141e-03 +2.722979e-03 +0.000000e+00 +1.863408e-02 +0.000000e+00
 +0.000000e+00 +0.000000e+00 +1.442981e-02 +2.484107e-02 +3.306413e-02 +1.614249e-01 +1.580954e-03 +3.614902e-03 +2.578020e-03 +0.000000e+00 +1.796412e-02 +0.000000e+00
 +0.000000e+00 +0.000000e+00 +1.371312e-02 +2.466488e-02 +3.307891e-02 +1.612968e-01 +1.922846e-03 +3.995895e-03 +2.558947e-03 +0.000000e+00 +1.790905e-02 +0.000000e+00
 +0.000000e+00 +0.000000e+00 +1.374984e-02 +2.451730e-02 +3.256202e-02 +1.614983e-01 +1.587152e-03 +3.610849e-03 +2.965927e-03 +0.000000e+00 +1.720500e-02 +0.000000e+00
 +1.435041e-03 +5.204916e-03 +1.629210e-02 +2.685881e-02 +3.462267e-02 +1.755543e-01 +1.668215e-03 +3.784895e-03 +2.808809e-03 +0.000000e+00 +1.623702e-02 +0.000000e+00
 +0.000000e+00 +0.000000e+00 +1.364899e-02 +2.709103e-02 +3.495121e-02 +1.748009e-01 +1.672983e-03 +3.802061e-03 +2.804995e-03 +0.000000e+00 +1.562095e-02 +0.000000e+00
 +0.000000e+00 +0.000000e+00 +1.373887e-02 +2.627587e-02 +3.463888e-02 +1.755047e-01 +1.661777e-03 +4.131079e-03 +3.191948e-03 +0.000000e+00 +1.589394e-02 +0.000000e+00
 +0.000000e+00 +0.000000e+00 +1.402617e-02 +2.673173e-02 +3.550482e-02 +1.754782e-01 +1.679897e-03 +3.805876e-03 +2.819061e-03 +0.000000e+00 +1.605415e-02 +0.000000e+00
 +4.341602e-04 +5.730152e-03 +1.671791e-02 +2.559090e-02 +3.327537e-02 +1.702406e-01 +2.031088e-03 +4.034996e-03 +2.726793e-03 +0.000000e+00 +1.719999e-02 +0.000000e+00
 +0.000000e+00 +0.000000e+00 +1.364684e-02 +2.559495e-02 +3.335094e-02 +1.699941e-01 +1.609087e-03 +4.405022e-03 +3.086090e-03 +0.000000e+00 +1.630402e-02 +0.000000e+00
 +0.000000e+00 +0.000000e+00 +1.303387e-02 +2.585626e-02 +3.344917e-02 +1.700819e-01 +1.615047e-03 +3.647089e-03 +3.232956e-03 +0.000000e+00 +1.561403e-02 +0.000000e+00
 +0.000000e+00 +0.000000e+00 +1.417208e-02 +2.582288e-02 +3.375387e-02 +1.699851e-01 +1.616955e-03 +3.642082e-03 +2.732992e-03 +0.000000e+00 +1.674509e-02 +0.000000e+00
 +5.500317e-04 +5.857944e-03 +1.520705e-02 +2.616787e-02 +3.372693e-02 +1.723111e-01 +1.652002e-03 +4.072905e-03 +3.050089e-03 +0.000000e+00 +1.564384e-02 +0.000000e+00
 +0.000000e+00 +0.000000e+00 +1.341200e-02 +2.595305e-02 +3.370094e-02 +1.724598e-01 +1.639128e-03 +3.657103e-03 +3.190041e-03 +0.000000e+00 +1.538205e-02 +0.000000e+00
 +0.000000e+00 +0.000000e+00 +1.374102e-02 +2.600908e-02 +3.457975e-02 +1.725082e-01 +1.632929e-03 +3.659964e-03 +2.711773e-03 +0.000000e+00 +1.608586e-02 +0.000000e+00
 +0.000000e+00 +0.000000e+00 +1.337004e-02 +2.603817e-02 +3.369021e-02 +1.722491e-01 +1.626015e-03 +4.028082e-03 +2.711058e-03 +0.000000e+00 +1.583791e-02 +0.000000e+00
 +5.319118e-04 +5.364895e-03 +1.629305e-02 +2.739787e-02 +3.509784e-02 +1.791048e-01 +1.724005e-03 +3.856897e-03 +3.188133e-03 +0.000000e+00 +1.397204e-02 +0.000000e+00
 +0.000000e+00 +0.000000e+00 +1.346087e-02 +2.736402e-02 +3.554106e-02 +1.789100e-01 +1.731157e-03 +3.853798e-03 +3.449917e-03 +0.000000e+00 +1.230693e-02 +0.000000e+00
 +0.000000e+00 +0.000000e+00 +1.383710e-02 +2.712893e-02 +3.541493e-02 +1.791971e-01 +1.728058e-03 +3.834009e-03 +2.804041e-03 +0.000000e+00 +1.324892e-02 +0.000000e+00
 +0.000000e+00 +0.000000e+00 +1.291990e-02 +2.730799e-02 +3.508687e-02 +1.789148e-01 +1.730919e-03 +4.268885e-03 +2.837896e-03 +0.000000e+00 +1.341987e-02 +0.000000e+00
 +3.640652e-04 +5.702972e-03 +1.501703e-02 +2.708912e-02 +3.542089e-02 +1.803062e-01 +2.125978e-03 +4.238129e-03 +3.004074e-03 +0.000000e+00 +1.378202e-02 +0.000000e+00
 +0.000000e+00 +0.000000e+00 +1.307201e-02 +2.699304e-02 +3.538680e-02 +1.801260e-01 +1.745939e-03 +4.295111e-03 +3.265858e-03 +0.000000e+00 +1.358008e-02 +0.000000e+00
 +0.000000e+00 +0.000000e+00 +1.298785e-02 +2.730632e-02 +3.597689e-02 +1.795499e-01 +1.755953e-03 +3.875017e-03 +3.302097e-03 +0.000000e+00 +1.346302e-02 +0.000000e+00
 +0.000000e+00 +0.000000e+00 +1.294804e-02 +2.726412e-02 +3.562784e-02 +1.799233e-01 +1.741171e-03 +3.873825e-03 +2.848148e-03 +0.000000e+00 +1.362991e-02 +0.000000e+00
 +2.710819e-04 +5.877018e-03 +1.537490e-02 +2.752090e-02 +3.558302e-02 +1.796920e-01 +1.753092e-03 +4.270077e-03 +2.846003e-03 +0.000000e+00 +1.332092e-02 +0.000000e+00
 +0.000000e+00 +0.000000e+00 +1.285410e-02 +2.778172e-02 +3.573275e-02 +1.797121e-01 +1.737833e-03 +3.875971e-03 +2.892971e-03 +0.000000e+00 +1.371503e-02 +0.000000e+00
 +0.000000e+00 +0.000000e+00 +1.320910e-02 +2.720404e-02 +3.579211e-02 +1.794403e-01 +1.722813e-03 +3.839970e-03 +2.802134e-03 +0.000000e+00 +1.360989e-02 +0.000000e+00
 +0.000000e+00 +0.000000e+00 +1.344013e-02 +2.723908e-02 +3.612208e-02 +1.791651e-01 +1.723051e-03 +3.863096e-03 +2.800941e-03 +0.000000e+00 +1.354909e-02 +0.000000e+00
 +2.729893e-04 +5.594015e-03 +1.516008e-02 +2.739096e-02 +3.589606e-02 +1.803432e-01 +1.772881e-03 +3.865004e-03 +2.911091e-03 +0.000000e+00 +1.353097e-02 +0.000000e+00
 +0.000000e+00 +0.000000e+00 +1.320505e-02 +2.753377e-02 +3.573203e-02 +1.804500e-01 +1.765966e-03 +3.871202e-03 +3.597021e-03 +0.000000e+00 +1.207495e-02 +0.000000e+00
 +0.000000e+00 +0.000000e+00 +1.279998e-02 +2.756596e-02 +3.536224e-02 +1.801772e-01 +1.757860e-03 +3.866911e-03 +3.298998e-03 +0.000000e+00 +1.232600e-02 +0.000000e+00
 +0.000000e+00 +0.000000e+00 +1.276207e-02 +2.749896e-02 +3.554606e-02 +1.802659e-01 +1.767159e-03 +4.270077e-03 +2.874136e-03 +0.000000e+00 +1.232696e-02 +0.000000e+00
 +2.970695e-04 +5.630970e-03 +1.500201e-02 +2.723169e-02 +3.585100e-02 +1.794891e-01 +1.752853e-03 +4.242897e-03 +2.802849e-03 +0.000000e+00 +1.339388e-02 +0.000000e+00
 +0.000000e+00 +0.000000e+00 +1.286912e-02 +2.710891e-02 +3.569126e-02 +1.793861e-01 +1.702070e-03 +3.839016e-03 +3.146887e-03 +0.000000e+00 +1.289797e-02 +0.000000e+00
 +0.000000e+00 +0.000000e+00 +1.316285e-02 +2.723694e-02 +3.569674e-02 +1.793511e-01 +1.743078e-03 +3.853083e-03 +2.849817e-03 +0.000000e+00 +1.284003e-02 +0.000000e+00
 +0.000000e+00 +0.000000e+00 +1.300001e-02 +2.685881e-02 +3.544807e-02 +1.786740e-01 +1.734018e-03 +4.318953e-03 +3.307104e-03 +0.000000e+00 +1.275897e-02 +0.000000e+00
 +3.550053e-04 +5.713940e-03 +1.530600e-02 +2.734113e-02 +3.581715e-02 +1.798787e-01 +1.743078e-03 +3.869057e-03 +2.889872e-03 +0.000000e+00 +1.391983e-02 +0.000000e+00
 +0.000000e+00 +0.000000e+00 +1.274800e-02 +2.714276e-02 +3.585291e-02 +1.792970e-01 +2.167940e-03 +4.268885e-03 +2.892017e-03 +0.000000e+00 +1.309896e-02 +0.000000e+00
 +0.000000e+00 +0.000000e+00 +1.333904e-02 +2.730894e-02 +3.591299e-02 +1.797447e-01 +1.754999e-03 +3.847122e-03 +2.898932e-03 +0.000000e+00 +1.394320e-02 +0.000000e+00
 +0.000000e+00 +0.000000e+00 +1.324201e-02 +2.728200e-02 +3.588700e-02 +1.796911e-01 +1.747847e-03 +3.847122e-03 +2.879143e-03 +0.000000e+00 +1.372004e-02 +0.000000e+00
 +3.011227e-04 +5.346060e-03 +1.541400e-02 +2.781081e-02 +3.600311e-02 +1.798689e-01 +1.788139e-03 +3.900051e-03 +3.360987e-03 +0.000000e+00 +1.271987e-02 +0.000000e+00
 +0.000000e+00 +0.000000e+00 +1.339698e-02 +2.747202e-02 +3.555298e-02 +1.795900e-01 +1.787901e-03 +4.225969e-03 +2.905130e-03 +0.000000e+00 +1.202488e-02 +0.000000e+00
 +0.000000e+00 +0.000000e+00 +1.265502e-02 +2.728176e-02 +3.632522e-02 +1.796713e-01 +1.760006e-03 +3.879070e-03 +3.185034e-03 +0.000000e+00 +1.260710e-02 +0.000000e+00
 +0.000000e+00 +0.000000e+00 +1.314902e-02 +2.749109e-02 +3.590989e-02 +1.796973e-01 +1.750946e-03 +3.888845e-03 +2.913952e-03 +0.000000e+00 +1.220202e-02 +0.000000e+00
 +4.010201e-04 +5.231142e-03 +1.610494e-02 +2.772188e-02 +3.621793e-02 +1.818051e-01 +1.783133e-03 +3.911018e-03 +3.244162e-03 +0.000000e+00 +1.281595e-02 +0.000000e+00
 +0.000000e+00 +0.000000e+00 +1.345897e-02 +2.760601e-02 +3.628302e-02 +1.809852e-01 +1.796007e-03 +3.916979e-03 +2.910852e-03 +0.000000e+00 +1.255488e-02 +0.000000e+00
 +0.000000e+00 +0.000000e+00 +1.301789e-02 +2.772784e-02 +3.643298e-02 +1.809621e-01 +1.770973e-03 +3.918886e-03 +2.948999e-03 +0.000000e+00 +1.187110e-02 +0.000000e+00
 +0.000000e+00 +0.000000e+00 +1.312685e-02 +2.766204e-02 +3.615284e-02 +1.809471e-01 +1.775980e-03 +4.268169e-03 +2.909899e-03 +0.000000e+00 +1.252890e-02 +0.000000e+00
 +4.310608e-04 +5.231142e-03 +1.699185e-02 +2.672315e-02 +3.499913e-02 +1.775460e-01 +1.718044e-03 +3.828049e-03 +2.745152e-03 +0.000000e+00 +1.286602e-02 +0.000000e+00
 +0.000000e+00 +0.000000e+00 +1.326585e-02 +2.715826e-02 +3.543472e-02 +1.777101e-01 +1.713991e-03 +3.834009e-03 +3.173113e-03 +0.000000e+00 +1.315498e-02 +0.000000e+00
 +0.000000e+00 +0.000000e+00 +1.332903e-02 +2.736092e-02 +3.527880e-02 +1.772032e-01 +1.724005e-03 +3.839970e-03 +2.810955e-03 +0.000000e+00 +1.293492e-02 +0.000000e+00
 +0.000000e+00 +0.000000e+00 +1.336908e-02 +2.691579e-02 +3.532910e-02 +1.774271e-01 +1.688004e-03 +3.840923e-03 +2.758026e-03 +0.000000e+00 +1.467395e-02 +0.000000e+00
 +2.739429e-04 +5.542040e-03 +1.521206e-02 +2.661824e-02 +3.524780e-02 +1.766589e-01 +2.129078e-03 +4.164934e-03 +2.784014e-03 +0.000000e+00 +1.403999e-02 +0.000000e+00
 +0.000000e+00 +0.000000e+00 +1.276207e-02 +2.650595e-02 +3.519177e-02 +1.769228e-01 +1.693964e-03 +3.767014e-03 +3.150940e-03 +0.000000e+00 +1.322794e-02 +0.000000e+00
 +0.000000e+00 +0.000000e+00 +1.357412e-02 +2.690697e-02 +3.512692e-02 +1.769240e-01 +1.677036e-03 +3.767967e-03 +2.784967e-03 +0.000000e+00 +1.375103e-02 +0.000000e+00
 +0.000000e+00 +0.000000e+00 +1.289988e-02 +2.687788e-02 +3.472376e-02 +1.764362e-01 +1.674891e-03 +4.183054e-03 +2.773046e-03 +0.000000e+00 +1.372313e-02 +0.000000e+00
 +4.589558e-04 +5.298853e-03 +1.555204e-02 +2.685094e-02 +3.527689e-02 +1.769788e-01 +1.688004e-03 +3.793955e-03 +3.131151e-03 +0.000000e+00 +1.299906e-02 +0.000000e+00
 +0.000000e+00 +0.000000e+00 +1.339602e-02 +2.692485e-02 +3.506184e-02 +1.771309e-01 +1.699924e-03 +3.807068e-03 +2.795935e-03 +0.000000e+00 +1.350999e-02 +0.000000e+00
 +0.000000e+00 +0.000000e+00 +1.320410e-02 +2.720428e-02 +3.480315e-02 +1.761930e-01 +1.702070e-03 +4.163027e-03 +2.762079e-03 +0.000000e+00 +1.328897e-02 +0.000000e+00
 +0.000000e+00 +0.000000e+00 +1.296687e-02 +2.650094e-02 +3.502417e-02 +1.764538e-01 +2.066135e-03 +4.156113e-03 +2.758980e-03 +0.000000e+00 +1.310611e-02 +0.000000e+00
 +3.378391e-04 +5.261898e-03 +1.576090e-02 +2.684283e-02 +3.566694e-02 +1.769488e-01 +1.693964e-03 +3.809929e-03 +2.797842e-03 +0.000000e+00 +1.411891e-02 +0.000000e+00
 +0.000000e+00 +0.000000e+00 +1.337695e-02 +2.682781e-02 +3.519678e-02 +1.768682e-01 +1.673937e-03 +3.801823e-03 +2.770185e-03 +0.000000e+00 +1.368213e-02 +0.000000e+00
 +0.000000e+00 +0.000000e+00 +1.390815e-02 +2.679396e-02 +3.530383e-02 +1.771400e-01 +1.680136e-03 +3.798962e-03 +2.794981e-03 +0.000000e+00 +1.409388e-02 +0.000000e+00
 +0.000000e+00 +0.000000e+00 +1.336598e-02 +2.706718e-02 +3.506804e-02 +1.764112e-01 +1.696110e-03 +3.823042e-03 +2.818108e-03 +0.000000e+00 +1.400399e-02 +0.000000e+00
 +3.390312e-04 +5.636930e-03 +1.543093e-02 +2.667999e-02 +3.519511e-02 +1.768329e-01 +1.683950e-03 +3.772974e-03 +2.799988e-03 +0.000000e+00 +1.365995e-02 +0.000000e+00
 +0.000000e+00 +0.000000e+00 +1.382089e-02 +2.662396e-02 +3.487468e-02 +1.763368e-01 +1.676083e-03 +4.588842e-03 +2.812862e-03 +0.000000e+00 +1.343584e-02 +0.000000e+00
 +0.000000e+00 +0.000000e+00 +1.347804e-02 +2.663398e-02 +3.524971e-02 +1.767819e-01 +1.680136e-03 +3.766060e-03 +2.788782e-03 +0.000000e+00 +1.380396e-02 +0.000000e+00
 +0.000000e+00 +0.000000e+00 +1.378489e-02 +2.660179e-02 +3.475499e-02 +1.764178e-01 +1.667023e-03 +4.114151e-03 +2.778053e-03 +0.000000e+00 +1.353121e-02 +0.000000e+00
 +3.731251e-04 +5.517006e-03 +1.510620e-02 +2.636695e-02 +3.485107e-02 +1.754489e-01 +2.060890e-03 +4.126072e-03 +2.737999e-03 +0.000000e+00 +1.299310e-02 +0.000000e+00
 +0.000000e+00 +0.000000e+00 +1.309490e-02 +2.664089e-02 +3.480911e-02 +1.752293e-01 +1.659155e-03 +4.182816e-03 +2.762079e-03 +0.000000e+00 +1.305509e-02 +0.000000e+00
 +0.000000e+00 +0.000000e+00 +1.332688e-02 +2.653313e-02 +3.539896e-02 +1.757910e-01 +1.674891e-03 +3.744125e-03 +2.784967e-03 +0.000000e+00 +1.337886e-02 +0.000000e+00
 +0.000000e+00 +0.000000e+00 +1.313901e-02 +2.674818e-02 +3.526974e-02 +1.757209e-01 +1.668930e-03 +3.759861e-03 +3.067017e-03 +0.000000e+00 +1.332188e-02 +0.000000e+00
 +3.449917e-04 +5.244970e-03 +1.549602e-02 +2.653193e-02 +3.534794e-02 +1.753271e-01 +1.636028e-03 +3.759146e-03 +2.726793e-03 +0.000000e+00 +1.398897e-02 +0.000000e+00
 +0.000000e+00 +0.000000e+00 +1.321507e-02 +2.650523e-02 +3.516579e-02 +1.752317e-01 +1.643181e-03 +3.736019e-03 +2.730131e-03 +0.000000e+00 +1.427102e-02 +0.000000e+00
 +0.000000e+00 +0.000000e+00 +1.268005e-02 +2.657986e-02 +3.472281e-02 +1.744409e-01 +1.651049e-03 +4.081011e-03 +2.712965e-03 +0.000000e+00 +1.305819e-02 +0.000000e+00
 +0.000000e+00 +0.000000e+00 +1.293898e-02 +2.620006e-02 +3.474593e-02 +1.749759e-01 +1.660109e-03 +3.726959e-03 +3.087997e-03 +0.000000e+00 +1.346183e-02 +0.000000e+00
 +4.320145e-04 +5.215883e-03 +1.606297e-02 +2.693081e-02 +3.516698e-02 +1.754231e-01 +1.691818e-03 +3.692150e-03 +2.757072e-03 +0.000000e+00 +1.336694e-02 +0.000000e+00
 +0.000000e+00 +0.000000e+00 +1.329589e-02 +2.608490e-02 +3.477693e-02 +1.743290e-01 +2.034187e-03 +4.064083e-03 +2.756119e-03 +0.000000e+00 +1.370192e-02 +0.000000e+00
 +0.000000e+00 +0.000000e+00 +1.344991e-02 +2.637196e-02 +3.552485e-02 +1.751022e-01 +1.637936e-03 +3.675938e-03 +2.745867e-03 +0.000000e+00 +1.429200e-02 +0.000000e+00
 +0.000000e+00 +0.000000e+00 +1.306581e-02 +2.634215e-02 +3.485227e-02 +1.746650e-01 +1.635075e-03 +4.038095e-03 +2.761126e-03 +0.000000e+00 +1.365209e-02 +0.000000e+00
 +6.999969e-04 +5.229950e-03 +1.560998e-02 +2.657890e-02 +3.528500e-02 +1.747370e-01 +1.666784e-03 +3.751040e-03 +2.760172e-03 +0.000000e+00 +1.395702e-02 +0.000000e+00
 +0.000000e+00 +0.000000e+00 +1.307392e-02 +2.620387e-02 +3.477526e-02 +1.742089e-01 +1.668930e-03 +3.708124e-03 +3.112793e-03 +0.000000e+00 +1.339293e-02 +0.000000e+00
 +0.000000e+00 +0.000000e+00 +1.360083e-02 +2.652502e-02 +3.483772e-02 +1.739750e-01 +1.670122e-03 +4.098892e-03 +2.762079e-03 +0.000000e+00 +1.290107e-02 +0.000000e+00
 +0.000000e+00 +0.000000e+00 +1.289392e-02 +2.650094e-02 +3.518605e-02 +1.743031e-01 +1.657009e-03 +3.723860e-03 +3.139019e-03 +0.000000e+00 +1.312590e-02 +0.000000e+00
 +3.638268e-04 +5.541801e-03 +1.572490e-02 +2.641606e-02 +3.402901e-02 +1.735580e-01 +2.073050e-03 +3.628969e-03 +2.756119e-03 +0.000000e+00 +1.329708e-02 +0.000000e+00
 +0.000000e+00 +0.000000e+00 +1.308918e-02 +2.630186e-02 +3.401279e-02 +1.730938e-01 +1.641989e-03 +4.018068e-03 +2.794027e-03 +0.000000e+00 +1.351309e-02 +0.000000e+00
 +0.000000e+00 +0.000000e+00 +1.352692e-02 +2.620482e-02 +3.465295e-02 +1.731951e-01 +1.633883e-03 +3.633022e-03 +3.136873e-03 +0.000000e+00 +1.391387e-02 +0.000000e+00
 +0.000000e+00 +0.000000e+00 +1.285887e-02 +2.601194e-02 +3.351617e-02 +1.735742e-01 +1.984119e-03 +3.630877e-03 +2.740860e-03 +0.000000e+00 +1.352000e-02 +0.000000e+00
 +3.950596e-04 +5.405903e-03 +1.632404e-02 +2.660894e-02 +3.522110e-02 +1.758373e-01 +1.655102e-03 +3.741980e-03 +2.730131e-03 +0.000000e+00 +1.375198e-02 +0.000000e+00
 +0.000000e+00 +0.000000e+00 +1.290298e-02 +2.631307e-02 +3.553891e-02 +1.753762e-01 +1.657009e-03 +3.741026e-03 +3.083944e-03 +0.000000e+00 +1.346302e-02 +0.000000e+00
 +0.000000e+00 +0.000000e+00 +1.296687e-02 +2.660203e-02 +3.478217e-02 +1.750131e-01 +1.657963e-03 +4.224062e-03 +2.754927e-03 +0.000000e+00 +1.311183e-02 +0.000000e+00
 +0.000000e+00 +0.000000e+00 +1.297188e-02 +2.631307e-02 +3.516388e-02 +1.755331e-01 +1.665115e-03 +3.736019e-03 +3.098965e-03 +0.000000e+00 +1.331401e-02 +0.000000e+00
 +3.981590e-04 +5.601883e-03 +1.798892e-02 +2.758169e-02 +3.521013e-02 +1.779318e-01 +1.734972e-03 +3.814936e-03 +2.890110e-03 +0.000000e+00 +1.230311e-02 +0.000000e+00
 +0.000000e+00 +0.000000e+00 +1.372480e-02 +2.705908e-02 +3.545594e-02 +1.775141e-01 +1.703978e-03 +3.830910e-03 +2.840996e-03 +0.000000e+00 +1.303291e-02 +0.000000e+00
 +0.000000e+00 +0.000000e+00 +1.372910e-02 +2.712798e-02 +3.529811e-02 +1.776512e-01 +1.712084e-03 +3.817797e-03 +2.820969e-03 +0.000000e+00 +1.301003e-02 +0.000000e+00
 +0.000000e+00 +0.000000e+00 +1.375008e-02 +2.730584e-02 +3.523111e-02 +1.779490e-01 +1.716137e-03 +3.811121e-03 +3.203869e-03 +0.000000e+00 +1.230693e-02 +0.000000e+00
 +3.969669e-04 +5.531073e-03 +1.574802e-02 +2.721429e-02 +3.533006e-02 +1.776991e-01 +1.693964e-03 +3.817797e-03 +2.810001e-03 +0.000000e+00 +1.382113e-02 +0.000000e+00
 +0.000000e+00 +0.000000e+00 +1.317787e-02 +2.676439e-02 +3.494096e-02 +1.772892e-01 +1.697063e-03 +3.845930e-03 +3.185987e-03 +0.000000e+00 +1.284909e-02 +0.000000e+00
 +0.000000e+00 +0.000000e+00 +1.305199e-02 +2.701879e-02 +3.481984e-02 +1.776121e-01 +1.695156e-03 +4.194975e-03 +2.777815e-03 +0.000000e+00 +1.304603e-02 +0.000000e+00
 +0.000000e+00 +0.000000e+00 +1.362109e-02 +2.725792e-02 +3.503275e-02 +1.776597e-01 +1.718998e-03 +3.821850e-03 +3.154039e-03 +0.000000e+00 +1.295805e-02 +0.000000e+00
 +3.449917e-04 +4.871845e-03 +1.545000e-02 +2.694821e-02 +3.525996e-02 +1.788220e-01 +1.724005e-03 +3.885031e-03 +3.140926e-03 +0.000000e+00 +1.241899e-02 +0.000000e+00
 +0.000000e+00 +0.000000e+00 +1.354098e-02 +2.723432e-02 +3.532004e-02 +1.786282e-01 +1.713991e-03 +4.271984e-03 +2.821922e-03 +0.000000e+00 +1.344013e-02 +0.000000e+00
 +0.000000e+00 +0.000000e+00 +1.385498e-02 +2.719402e-02 +3.556895e-02 +1.784358e-01 +1.712084e-03 +3.866911e-03 +2.797842e-03 +0.000000e+00 +1.311398e-02 +0.000000e+00
 +0.000000e+00 +0.000000e+00 +1.354599e-02 +2.728581e-02 +3.575826e-02 +1.784201e-01 +1.729965e-03 +3.877878e-03 +3.164053e-03 +0.000000e+00 +1.258707e-02 +0.000000e+00
 +4.332066e-04 +5.485058e-03 +1.662302e-02 +2.664614e-02 +3.490114e-02 +1.764371e-01 +2.097130e-03 +4.629135e-03 +2.779007e-03 +0.000000e+00 +1.261902e-02 +0.000000e+00
 +0.000000e+00 +0.000000e+00 +1.306510e-02 +2.696919e-02 +3.520584e-02 +1.761358e-01 +1.698971e-03 +3.782988e-03 +3.053904e-03 +0.000000e+00 +1.298499e-02 +0.000000e+00
 +0.000000e+00 +0.000000e+00 +1.363921e-02 +2.679801e-02 +3.461790e-02 +1.756961e-01 +1.672029e-03 +4.163027e-03 +2.741098e-03 +0.000000e+00 +1.253104e-02 +0.000000e+00
 +0.000000e+00 +0.000000e+00 +1.310802e-02 +2.651024e-02 +3.504395e-02 +1.758583e-01 +2.043962e-03 +3.787041e-03 +2.767086e-03 +0.000000e+00 +1.226020e-02 +0.000000e+00
 +6.649494e-04 +5.114079e-03 +1.566195e-02 +2.699828e-02 +3.519201e-02 +1.771131e-01 +1.698971e-03 +3.813028e-03 +2.797842e-03 +0.000000e+00 +1.394105e-02 +0.000000e+00
 +0.000000e+00 +0.000000e+00 +1.330590e-02 +2.699518e-02 +3.536987e-02 +1.771331e-01 +1.703978e-03 +3.801107e-03 +2.775908e-03 +0.000000e+00 +1.429105e-02 +0.000000e+00
 +0.000000e+00 +0.000000e+00 +1.302791e-02 +2.718115e-02 +3.496408e-02 +1.762068e-01 +2.092123e-03 +4.152060e-03 +2.882957e-03 +0.000000e+00 +1.272988e-02 +0.000000e+00
 +0.000000e+00 +0.000000e+00 +1.291609e-02 +2.703309e-02 +3.486419e-02 +1.764519e-01 +1.698971e-03 +4.183054e-03 +2.815962e-03 +0.000000e+00 +1.356697e-02 +0.000000e+00
 +2.880096e-04 +5.485058e-03 +1.522803e-02 +2.725172e-02 +3.604603e-02 +1.786802e-01 +1.755953e-03 +3.859997e-03 +2.830029e-03 +0.000000e+00 +1.248384e-02 +0.000000e+00
 +0.000000e+00 +0.000000e+00 +1.288319e-02 +2.684903e-02 +3.513288e-02 +1.781111e-01 +2.169847e-03 +4.223108e-03 +2.842903e-03 +0.000000e+00 +1.266694e-02 +0.000000e+00
 +0.000000e+00 +0.000000e+00 +1.322508e-02 +2.718830e-02 +3.566527e-02 +1.780748e-01 +1.744986e-03 +3.828049e-03 +2.814054e-03 +0.000000e+00 +1.304603e-02 +0.000000e+00
